# JRE version: OpenJDK Runtime Environment Temurin-21.0.10+7 (21.0.10+7) (build 21.0.10+7-LTS)
# Java VM: OpenJDK 64-Bit Server VM Temurin-21.0.10+7 (21.0.10+7-LTS, mixed mode, sharing, tiered, compressed oops, compressed class ptrs, parallel gc, windows-amd64)
GC Precious Log:
 CardTable entry size: 512
 CPUs: 16 total, 16 available
 Memory: 16004M
 Large Page Support: Disabled
 NUMA Support: Disabled
 Compressed Oops: Enabled (32-bit)
 Alignments: Space 512K, Generation 512K, Heap 2M
 Heap Min Capacity: 100M
 Heap Initial Capacity: 100M
 Heap Max Capacity: 2G
 Pre-touch: Disabled
 Parallel Workers: 13
Heap:
 PSYoungGen      total 22528K, used 2732K [0x00000000d5580000, 0x00000000d6f00000, 0x0000000100000000)
  eden space 22016K, 10% used [0x00000000d5580000,0x00000000d57c31c8,0x00000000d6b00000)
  from space 512K, 81% used [0x00000000d6e80000,0x00000000d6ee8000,0x00000000d6f00000)
  to   space 512K, 0% used [0x00000000d6e00000,0x00000000d6e00000,0x00000000d6e80000)
 ParOldGen       total 68608K, used 41762K [0x0000000080000000, 0x0000000084300000, 0x00000000d5580000)
  object space 68608K, 60% used [0x0000000080000000,0x00000000828c89f0,0x0000000084300000)
 Metaspace       used 63987K, committed 65472K, reserved 1114112K
  class space    used 8055K, committed 8768K, reserved 1048576K
GC Heap History (20 events):
Event: 48.043 GC heap before
{Heap before GC invocations=36 (full 3):
 PSYoungGen      total 22528K, used 22496K [0x00000000d5580000, 0x00000000d7080000, 0x0000000100000000)
  eden space 22016K, 100% used [0x00000000d5580000,0x00000000d6b00000,0x00000000d6b00000)
  from space 512K, 93% used [0x00000000d7000000,0x00000000d70782a0,0x00000000d7080000)
  to   space 1024K, 0% used [0x00000000d6e80000,0x00000000d6e80000,0x00000000d6f80000)
 ParOldGen       total 68608K, used 40322K [0x0000000080000000, 0x0000000084300000, 0x00000000d5580000)
  object space 68608K, 58% used [0x0000000080000000,0x0000000082760918,0x0000000084300000)
 Metaspace       used 61577K, committed 62976K, reserved 1114112K
  class space    used 7739K, committed 8384K, reserved 1048576K
}
Event: 48.044 GC heap after
{Heap after GC invocations=36 (full 3):
 PSYoungGen      total 23040K, used 684K [0x00000000d5580000, 0x00000000d7080000, 0x0000000100000000)
  eden space 22016K, 0% used [0x00000000d5580000,0x00000000d5580000,0x00000000d6b00000)
  from space 1024K, 66% used [0x00000000d6e80000,0x00000000d6f2b160,0x00000000d6f80000)
  to   space 1024K, 0% used [0x00000000d6f80000,0x00000000d6f80000,0x00000000d7080000)
 ParOldGen       total 68608K, used 40466K [0x0000000080000000, 0x0000000084300000, 0x00000000d5580000)
  object space 68608K, 58% used [0x0000000080000000,0x0000000082784918,0x0000000084300000)
 Metaspace       used 61577K, committed 62976K, reserved 1114112K
  class space    used 7739K, committed 8384K, reserved 1048576K
}
Event: 48.538 GC heap before
{Heap before GC invocations=37 (full 3):
 PSYoungGen      total 23040K, used 22700K [0x00000000d5580000, 0x00000000d7080000, 0x0000000100000000)
  eden space 22016K, 100% used [0x00000000d5580000,0x00000000d6b00000,0x00000000d6b00000)
  from space 1024K, 66% used [0x00000000d6e80000,0x00000000d6f2b160,0x00000000d6f80000)
  to   space 1024K, 0% used [0x00000000d6f80000,0x00000000d6f80000,0x00000000d7080000)
 ParOldGen       total 68608K, used 40466K [0x0000000080000000, 0x0000000084300000, 0x00000000d5580000)
  object space 68608K, 58% used [0x0000000080000000,0x0000000082784918,0x0000000084300000)
 Metaspace       used 61577K, committed 62976K, reserved 1114112K
  class space    used 7739K, committed 8384K, reserved 1048576K
}
Event: 48.539 GC heap after
{Heap after GC invocations=37 (full 3):
 PSYoungGen      total 23040K, used 685K [0x00000000d5580000, 0x00000000d7080000, 0x0000000100000000)
  eden space 22016K, 0% used [0x00000000d5580000,0x00000000d5580000,0x00000000d6b00000)
  from space 1024K, 66% used [0x00000000d6f80000,0x00000000d702b6d8,0x00000000d7080000)
  to   space 1024K, 0% used [0x00000000d6e80000,0x00000000d6e80000,0x00000000d6f80000)
 ParOldGen       total 68608K, used 40506K [0x0000000080000000, 0x0000000084300000, 0x00000000d5580000)
  object space 68608K, 59% used [0x0000000080000000,0x000000008278e918,0x0000000084300000)
 Metaspace       used 61577K, committed 62976K, reserved 1114112K
  class space    used 7739K, committed 8384K, reserved 1048576K
}
Event: 48.968 GC heap before
{Heap before GC invocations=38 (full 3):
 PSYoungGen      total 23040K, used 22701K [0x00000000d5580000, 0x00000000d7080000, 0x0000000100000000)
  eden space 22016K, 100% used [0x00000000d5580000,0x00000000d6b00000,0x00000000d6b00000)
  from space 1024K, 66% used [0x00000000d6f80000,0x00000000d702b6d8,0x00000000d7080000)
  to   space 1024K, 0% used [0x00000000d6e80000,0x00000000d6e80000,0x00000000d6f80000)
 ParOldGen       total 68608K, used 40506K [0x0000000080000000, 0x0000000084300000, 0x00000000d5580000)
  object space 68608K, 59% used [0x0000000080000000,0x000000008278e918,0x0000000084300000)
 Metaspace       used 61577K, committed 62976K, reserved 1114112K
  class space    used 7739K, committed 8384K, reserved 1048576K
}
Event: 48.970 GC heap after
{Heap after GC invocations=38 (full 3):
 PSYoungGen      total 22528K, used 420K [0x00000000d5580000, 0x00000000d7000000, 0x0000000100000000)
  eden space 22016K, 0% used [0x00000000d5580000,0x00000000d5580000,0x00000000d6b00000)
  from space 512K, 82% used [0x00000000d6e80000,0x00000000d6ee9390,0x00000000d6f00000)
  to   space 1024K, 0% used [0x00000000d6f00000,0x00000000d6f00000,0x00000000d7000000)
 ParOldGen       total 68608K, used 40530K [0x0000000080000000, 0x0000000084300000, 0x00000000d5580000)
  object space 68608K, 59% used [0x0000000080000000,0x0000000082794918,0x0000000084300000)
 Metaspace       used 61577K, committed 62976K, reserved 1114112K
  class space    used 7739K, committed 8384K, reserved 1048576K
}
Event: 49.396 GC heap before
{Heap before GC invocations=39 (full 3):
 PSYoungGen      total 22528K, used 22436K [0x00000000d5580000, 0x00000000d7000000, 0x0000000100000000)
  eden space 22016K, 100% used [0x00000000d5580000,0x00000000d6b00000,0x00000000d6b00000)
  from space 512K, 82% used [0x00000000d6e80000,0x00000000d6ee9390,0x00000000d6f00000)
  to   space 1024K, 0% used [0x00000000d6f00000,0x00000000d6f00000,0x00000000d7000000)
 ParOldGen       total 68608K, used 40530K [0x0000000080000000, 0x0000000084300000, 0x00000000d5580000)
  object space 68608K, 59% used [0x0000000080000000,0x0000000082794918,0x0000000084300000)
 Metaspace       used 61577K, committed 62976K, reserved 1114112K
  class space    used 7739K, committed 8384K, reserved 1048576K
}
Event: 49.397 GC heap after
{Heap after GC invocations=39 (full 3):
 PSYoungGen      total 22528K, used 288K [0x00000000d5580000, 0x00000000d6f80000, 0x0000000100000000)
  eden space 22016K, 0% used [0x00000000d5580000,0x00000000d5580000,0x00000000d6b00000)
  from space 512K, 56% used [0x00000000d6f00000,0x00000000d6f48000,0x00000000d6f80000)
  to   space 512K, 0% used [0x00000000d6e80000,0x00000000d6e80000,0x00000000d6f00000)
 ParOldGen       total 68608K, used 40562K [0x0000000080000000, 0x0000000084300000, 0x00000000d5580000)
  object space 68608K, 59% used [0x0000000080000000,0x000000008279c918,0x0000000084300000)
 Metaspace       used 61577K, committed 62976K, reserved 1114112K
  class space    used 7739K, committed 8384K, reserved 1048576K
}
Event: 49.812 GC heap before
{Heap before GC invocations=40 (full 3):
 PSYoungGen      total 22528K, used 22300K [0x00000000d5580000, 0x00000000d6f80000, 0x0000000100000000)
  eden space 22016K, 99% used [0x00000000d5580000,0x00000000d6aff118,0x00000000d6b00000)
  from space 512K, 56% used [0x00000000d6f00000,0x00000000d6f48000,0x00000000d6f80000)
  to   space 512K, 0% used [0x00000000d6e80000,0x00000000d6e80000,0x00000000d6f00000)
 ParOldGen       total 68608K, used 40562K [0x0000000080000000, 0x0000000084300000, 0x00000000d5580000)
  object space 68608K, 59% used [0x0000000080000000,0x000000008279c918,0x0000000084300000)
 Metaspace       used 61577K, committed 62976K, reserved 1114112K
  class space    used 7739K, committed 8384K, reserved 1048576K
}
Event: 49.813 GC heap after
{Heap after GC invocations=40 (full 3):
 PSYoungGen      total 22528K, used 397K [0x00000000d5580000, 0x00000000d6f80000, 0x0000000100000000)
  eden space 22016K, 0% used [0x00000000d5580000,0x00000000d5580000,0x00000000d6b00000)
  from space 512K, 77% used [0x00000000d6e80000,0x00000000d6ee3420,0x00000000d6f00000)
  to   space 512K, 0% used [0x00000000d6f00000,0x00000000d6f00000,0x00000000d6f80000)
 ParOldGen       total 68608K, used 40602K [0x0000000080000000, 0x0000000084300000, 0x00000000d5580000)
  object space 68608K, 59% used [0x0000000080000000,0x00000000827a6918,0x0000000084300000)
 Metaspace       used 61577K, committed 62976K, reserved 1114112K
  class space    used 7739K, committed 8384K, reserved 1048576K
}
Event: 50.205 GC heap before
{Heap before GC invocations=41 (full 3):
 PSYoungGen      total 22528K, used 22413K [0x00000000d5580000, 0x00000000d6f80000, 0x0000000100000000)
  eden space 22016K, 100% used [0x00000000d5580000,0x00000000d6b00000,0x00000000d6b00000)
  from space 512K, 77% used [0x00000000d6e80000,0x00000000d6ee3420,0x00000000d6f00000)
  to   space 512K, 0% used [0x00000000d6f00000,0x00000000d6f00000,0x00000000d6f80000)
 ParOldGen       total 68608K, used 40602K [0x0000000080000000, 0x0000000084300000, 0x00000000d5580000)
  object space 68608K, 59% used [0x0000000080000000,0x00000000827a6918,0x0000000084300000)
 Metaspace       used 61577K, committed 62976K, reserved 1114112K
  class space    used 7739K, committed 8384K, reserved 1048576K
}
Event: 50.206 GC heap after
{Heap after GC invocations=41 (full 3):
 PSYoungGen      total 22528K, used 261K [0x00000000d5580000, 0x00000000d6f80000, 0x0000000100000000)
  eden space 22016K, 0% used [0x00000000d5580000,0x00000000d5580000,0x00000000d6b00000)
  from space 512K, 51% used [0x00000000d6f00000,0x00000000d6f414d8,0x00000000d6f80000)
  to   space 512K, 0% used [0x00000000d6e80000,0x00000000d6e80000,0x00000000d6f00000)
 ParOldGen       total 68608K, used 40618K [0x0000000080000000, 0x0000000084300000, 0x00000000d5580000)
  object space 68608K, 59% used [0x0000000080000000,0x00000000827aa918,0x0000000084300000)
 Metaspace       used 61577K, committed 62976K, reserved 1114112K
  class space    used 7739K, committed 8384K, reserved 1048576K
}
Event: 50.620 GC heap before
{Heap before GC invocations=42 (full 3):
 PSYoungGen      total 22528K, used 22277K [0x00000000d5580000, 0x00000000d6f80000, 0x0000000100000000)
  eden space 22016K, 100% used [0x00000000d5580000,0x00000000d6b00000,0x00000000d6b00000)
  from space 512K, 51% used [0x00000000d6f00000,0x00000000d6f414d8,0x00000000d6f80000)
  to   space 512K, 0% used [0x00000000d6e80000,0x00000000d6e80000,0x00000000d6f00000)
 ParOldGen       total 68608K, used 40618K [0x0000000080000000, 0x0000000084300000, 0x00000000d5580000)
  object space 68608K, 59% used [0x0000000080000000,0x00000000827aa918,0x0000000084300000)
 Metaspace       used 61616K, committed 63040K, reserved 1114112K
  class space    used 7747K, committed 8384K, reserved 1048576K
}
Event: 50.621 GC heap after
{Heap after GC invocations=42 (full 3):
 PSYoungGen      total 22528K, used 416K [0x00000000d5580000, 0x00000000d6f80000, 0x0000000100000000)
  eden space 22016K, 0% used [0x00000000d5580000,0x00000000d5580000,0x00000000d6b00000)
  from space 512K, 81% used [0x00000000d6e80000,0x00000000d6ee8000,0x00000000d6f00000)
  to   space 512K, 0% used [0x00000000d6f00000,0x00000000d6f00000,0x00000000d6f80000)
 ParOldGen       total 68608K, used 40642K [0x0000000080000000, 0x0000000084300000, 0x00000000d5580000)
  object space 68608K, 59% used [0x0000000080000000,0x00000000827b0918,0x0000000084300000)
 Metaspace       used 61616K, committed 63040K, reserved 1114112K
  class space    used 7747K, committed 8384K, reserved 1048576K
}
Event: 56.865 GC heap before
{Heap before GC invocations=43 (full 3):
 PSYoungGen      total 22528K, used 22432K [0x00000000d5580000, 0x00000000d6f80000, 0x0000000100000000)
  eden space 22016K, 100% used [0x00000000d5580000,0x00000000d6b00000,0x00000000d6b00000)
  from space 512K, 81% used [0x00000000d6e80000,0x00000000d6ee8000,0x00000000d6f00000)
  to   space 512K, 0% used [0x00000000d6f00000,0x00000000d6f00000,0x00000000d6f80000)
 ParOldGen       total 68608K, used 40642K [0x0000000080000000, 0x0000000084300000, 0x00000000d5580000)
  object space 68608K, 59% used [0x0000000080000000,0x00000000827b0918,0x0000000084300000)
 Metaspace       used 63434K, committed 64832K, reserved 1114112K
  class space    used 8018K, committed 8704K, reserved 1048576K
}
Event: 56.869 GC heap after
{Heap after GC invocations=43 (full 3):
 PSYoungGen      total 22528K, used 512K [0x00000000d5580000, 0x00000000d6f80000, 0x0000000100000000)
  eden space 22016K, 0% used [0x00000000d5580000,0x00000000d5580000,0x00000000d6b00000)
  from space 512K, 100% used [0x00000000d6f00000,0x00000000d6f80000,0x00000000d6f80000)
  to   space 1024K, 0% used [0x00000000d6d80000,0x00000000d6d80000,0x00000000d6e80000)
 ParOldGen       total 68608K, used 41010K [0x0000000080000000, 0x0000000084300000, 0x00000000d5580000)
  object space 68608K, 59% used [0x0000000080000000,0x000000008280c9b0,0x0000000084300000)
 Metaspace       used 63434K, committed 64832K, reserved 1114112K
  class space    used 8018K, committed 8704K, reserved 1048576K
}
Event: 83.839 GC heap before
{Heap before GC invocations=44 (full 3):
 PSYoungGen      total 22528K, used 22528K [0x00000000d5580000, 0x00000000d6f80000, 0x0000000100000000)
  eden space 22016K, 100% used [0x00000000d5580000,0x00000000d6b00000,0x00000000d6b00000)
  from space 512K, 100% used [0x00000000d6f00000,0x00000000d6f80000,0x00000000d6f80000)
  to   space 1024K, 0% used [0x00000000d6d80000,0x00000000d6d80000,0x00000000d6e80000)
 ParOldGen       total 68608K, used 41010K [0x0000000080000000, 0x0000000084300000, 0x00000000d5580000)
  object space 68608K, 59% used [0x0000000080000000,0x000000008280c9b0,0x0000000084300000)
 Metaspace       used 63844K, committed 65280K, reserved 1114112K
  class space    used 8032K, committed 8704K, reserved 1048576K
}
Event: 83.841 GC heap after
{Heap after GC invocations=44 (full 3):
 PSYoungGen      total 23040K, used 432K [0x00000000d5580000, 0x00000000d6f80000, 0x0000000100000000)
  eden space 22016K, 0% used [0x00000000d5580000,0x00000000d5580000,0x00000000d6b00000)
  from space 1024K, 42% used [0x00000000d6d80000,0x00000000d6dec010,0x00000000d6e80000)
  to   space 1024K, 0% used [0x00000000d6e80000,0x00000000d6e80000,0x00000000d6f80000)
 ParOldGen       total 68608K, used 41586K [0x0000000080000000, 0x0000000084300000, 0x00000000d5580000)
  object space 68608K, 60% used [0x0000000080000000,0x000000008289c9b0,0x0000000084300000)
 Metaspace       used 63844K, committed 65280K, reserved 1114112K
  class space    used 8032K, committed 8704K, reserved 1048576K
}
Event: 95.570 GC heap before
{Heap before GC invocations=45 (full 3):
 PSYoungGen      total 23040K, used 22448K [0x00000000d5580000, 0x00000000d6f80000, 0x0000000100000000)
  eden space 22016K, 100% used [0x00000000d5580000,0x00000000d6b00000,0x00000000d6b00000)
  from space 1024K, 42% used [0x00000000d6d80000,0x00000000d6dec010,0x00000000d6e80000)
  to   space 1024K, 0% used [0x00000000d6e80000,0x00000000d6e80000,0x00000000d6f80000)
 ParOldGen       total 68608K, used 41586K [0x0000000080000000, 0x0000000084300000, 0x00000000d5580000)
  object space 68608K, 60% used [0x0000000080000000,0x000000008289c9b0,0x0000000084300000)
 Metaspace       used 63971K, committed 65408K, reserved 1114112K
  class space    used 8052K, committed 8704K, reserved 1048576K
}
Event: 95.572 GC heap after
{Heap after GC invocations=45 (full 3):
 PSYoungGen      total 22528K, used 416K [0x00000000d5580000, 0x00000000d6f00000, 0x0000000100000000)
  eden space 22016K, 0% used [0x00000000d5580000,0x00000000d5580000,0x00000000d6b00000)
  from space 512K, 81% used [0x00000000d6e80000,0x00000000d6ee8000,0x00000000d6f00000)
  to   space 512K, 0% used [0x00000000d6e00000,0x00000000d6e00000,0x00000000d6e80000)
 ParOldGen       total 68608K, used 41762K [0x0000000080000000, 0x0000000084300000, 0x00000000d5580000)
  object space 68608K, 60% used [0x0000000080000000,0x00000000828c89f0,0x0000000084300000)
 Metaspace       used 63971K, committed 65408K, reserved 1114112K
  class space    used 8052K, committed 8704K, reserved 1048576K
}

