{
  "stats": {
    "suites": 1,
    "tests": 1,
    "passes": 0,
    "pending": 0,
    "failures": 1,
    "start": "2025-10-12T14:31:11.608Z",
    "end": "2025-10-12T14:31:36.249Z",
    "duration": 24641,
    "testsRegistered": 1,
    "passPercent": 0,
    "pendingPercent": 0,
    "other": 0,
    "hasOther": false,
    "skipped": 0,
    "hasSkipped": false
  },
  "results": [
    {
      "uuid": "0974975b-3e11-4abe-8824-e3d8ddcc0555",
      "title": "",
      "fullFile": "cypress\\e2e\\01-ui-elements.cy.ts",
      "file": "cypress\\e2e\\01-ui-elements.cy.ts",
      "beforeHooks": [],
      "afterHooks": [],
      "tests": [],
      "suites": [
        {
          "uuid": "b85a27e1-2c3e-4f0a-bcc2-b041b2538e15",
          "title": "UI elements on Login page",
          "fullFile": "",
          "file": "",
          "beforeHooks": [],
          "afterHooks": [],
          "tests": [
            {
              "title": "renders login form controls and handles validation states",
              "fullTitle": "UI elements on Login page renders login form controls and handles validation states",
              "timedOut": null,
              "duration": 12503,
              "state": "failed",
              "speed": null,
              "pass": false,
              "fail": true,
              "pending": false,
              "context": null,
              "code": "cy.visit('/'); // redirects to /login\ncy.url().should('include', '/login');\n// Verify title text and labels\ncy.contains(/sign in/i).should('be.visible');\ncy.get('label[for=\"email\"]').should('exist').and('be.visible');\ncy.get('#email').should('exist').and('be.visible');\ncy.get('label[for=\"password\"]').should('exist').and('be.visible');\ncy.get('#password').should('exist').and('be.visible');\n// Button exists and is enabled\ncy.contains('button', /sign in/i).should('be.visible').and('not.be.disabled');\n// Error message appears on invalid credentials (no backend required)\ncy.get('#email').type('invalid@example.com');\ncy.get('#password').type('wrongpass');\ncy.contains('button', /sign in/i).click();\n// Either app shows a destructive Alert or inline error text\ncy.contains(/something went wrong|login failed/i, { timeout: 10000 }).should('be.visible');",
              "err": {
                "message": "AssertionError: Timed out retrying after 10000ms: Expected to find content: '/something went wrong|login failed/i' but never did.",
                "estack": "AssertionError: Timed out retrying after 10000ms: Expected to find content: '/something went wrong|login failed/i' but never did.\n    at Context.eval (webpack://my-v0-project/./cypress/e2e/01-ui-elements.cy.ts:20:76)",
                "diff": null
              },
              "uuid": "7b377399-6f74-4b6c-b2b7-dc131f4118a0",
              "parentUUID": "b85a27e1-2c3e-4f0a-bcc2-b041b2538e15",
              "isHook": false,
              "skipped": false
            }
          ],
          "suites": [],
          "passes": [],
          "failures": [
            "7b377399-6f74-4b6c-b2b7-dc131f4118a0"
          ],
          "pending": [],
          "skipped": [],
          "duration": 12503,
          "root": false,
          "rootEmpty": false,
          "_timeout": 2000
        }
      ],
      "passes": [],
      "failures": [],
      "pending": [],
      "skipped": [],
      "duration": 0,
      "root": true,
      "rootEmpty": true,
      "_timeout": 2000
    }
  ],
  "meta": {
    "mocha": {
      "version": "7.0.1"
    },
    "mochawesome": {
      "options": {
        "quiet": true,
        "reportFilename": "mochawesome",
        "saveHtml": false,
        "saveJson": true,
        "consoleReporter": "spec",
        "useInlineDiffs": false,
        "code": true
      },
      "version": "7.1.4"
    },
    "marge": {
      "options": {
        "reportDir": "cypress/reports/mochawesome",
        "overwrite": false,
        "html": false,
        "json": true,
        "quiet": true
      },
      "version": "6.3.0"
    }
  }
}