{
  "stats": {
    "suites": 65,
    "tests": 85,
    "passes": 64,
    "pending": 0,
    "failures": 19,
    "testsRegistered": 85,
    "passPercent": 75.29411764705883,
    "pendingPercent": 0,
    "other": 0,
    "hasOther": false,
    "skipped": 2,
    "hasSkipped": true,
    "start": "2025-10-12T14:04:27.635Z",
    "end": "2025-10-12T14:42:15.865Z",
    "duration": 2268230
  },
  "results": [
    {
      "uuid": "bf43a153-72d6-483f-a271-1d3ee532568b",
      "title": "",
      "fullFile": "cypress\\e2e\\01-ui-elements.cy.ts",
      "file": "cypress\\e2e\\01-ui-elements.cy.ts",
      "beforeHooks": [],
      "afterHooks": [],
      "tests": [],
      "suites": [
        {
          "uuid": "a9c80bf1-c2b8-4b78-9986-b16526db9419",
          "title": "UI elements on Login page",
          "fullFile": "",
          "file": "",
          "beforeHooks": [],
          "afterHooks": [],
          "tests": [
            {
              "title": "renders login form controls and handles validation states",
              "fullTitle": "UI elements on Login page renders login form controls and handles validation states",
              "timedOut": null,
              "duration": 200,
              "state": "failed",
              "speed": null,
              "pass": false,
              "fail": true,
              "pending": false,
              "context": null,
              "code": "cy.visit('/'); // redirects to /login\ncy.url().should('include', '/login');\n// Verify title text and labels\ncy.contains(/sign in/i).should('be.visible');\ncy.get('label[for=\"email\"]').should('exist').and('be.visible');\ncy.get('#email').should('exist').and('be.visible');\ncy.get('label[for=\"password\"]').should('exist').and('be.visible');\ncy.get('#password').should('exist').and('be.visible');\n// Button exists and is enabled\ncy.contains('button', /sign in/i).should('be.visible').and('not.be.disabled');\n// Error message appears on invalid credentials (no backend required)\ncy.get('#email').type('invalid@example.com');\ncy.get('#password').type('wrongpass');\ncy.contains('button', /sign in/i).click();\n// Either app shows a destructive Alert or inline error text\ncy.contains(/something went wrong|login failed/i).should('be.visible');",
              "err": {
                "message": "CypressError: `cy.visit()` failed trying to load:\n\nhttp://localhost:3001/\n\nThe `content-type` of the response we received from your web server was:\n\n  > `application/json`\n\nThis was considered a failure because responses must have `content-type: 'text/html'`\n\nHowever, you can likely use `cy.request()` instead of `cy.visit()`.\n\n`cy.request()` will automatically get and set cookies and enable you to parse responses.",
                "estack": "CypressError: `cy.visit()` failed trying to load:\n\nhttp://localhost:3001/\n\nThe `content-type` of the response we received from your web server was:\n\n  > `application/json`\n\nThis was considered a failure because responses must have `content-type: 'text/html'`\n\nHowever, you can likely use `cy.request()` instead of `cy.visit()`.\n\n`cy.request()` will automatically get and set cookies and enable you to parse responses.\n    at <unknown> (http://localhost:3001/__cypress/runner/cypress_runner.js:131591:76)\n    at visitFailedByErr (http://localhost:3001/__cypress/runner/cypress_runner.js:131006:12)\n    at <unknown> (http://localhost:3001/__cypress/runner/cypress_runner.js:131574:13)\n    at tryCatcher (http://localhost:3001/__cypress/runner/cypress_runner.js:1830:23)\n    at Promise._settlePromiseFromHandler (http://localhost:3001/__cypress/runner/cypress_runner.js:1542:31)\n    at Promise._settlePromise (http://localhost:3001/__cypress/runner/cypress_runner.js:1599:18)\n    at Promise._settlePromise0 (http://localhost:3001/__cypress/runner/cypress_runner.js:1644:10)\n    at Promise._settlePromises (http://localhost:3001/__cypress/runner/cypress_runner.js:1720:18)\n    at _drainQueueStep (http://localhost:3001/__cypress/runner/cypress_runner.js:2430:12)\n    at _drainQueue (http://localhost:3001/__cypress/runner/cypress_runner.js:2423:9)\n    at Async._drainQueues (http://localhost:3001/__cypress/runner/cypress_runner.js:2439:5)\n    at Async.drainQueues (http://localhost:3001/__cypress/runner/cypress_runner.js:2309:14)\nFrom Your Spec Code:\n    at Context.eval (webpack://my-v0-project/./cypress/e2e/01-ui-elements.cy.ts:5:0)",
                "diff": null
              },
              "uuid": "d8e6df49-acae-451b-a390-08e3ab906994",
              "parentUUID": "a9c80bf1-c2b8-4b78-9986-b16526db9419",
              "isHook": false,
              "skipped": false
            }
          ],
          "suites": [],
          "passes": [],
          "failures": [
            "d8e6df49-acae-451b-a390-08e3ab906994"
          ],
          "pending": [],
          "skipped": [],
          "duration": 200,
          "root": false,
          "rootEmpty": false,
          "_timeout": 2000
        }
      ],
      "passes": [],
      "failures": [],
      "pending": [],
      "skipped": [],
      "duration": 0,
      "root": true,
      "rootEmpty": true,
      "_timeout": 2000
    },
    {
      "uuid": "37852f3e-a9d2-4419-bbc0-f6b6e1847854",
      "title": "",
      "fullFile": "cypress\\e2e\\02-responsiveness.cy.ts",
      "file": "cypress\\e2e\\02-responsiveness.cy.ts",
      "beforeHooks": [],
      "afterHooks": [],
      "tests": [],
      "suites": [
        {
          "uuid": "92ed3748-f559-418c-87c3-ac1907bec7fb",
          "title": "Responsiveness - Login page",
          "fullFile": "",
          "file": "",
          "beforeHooks": [],
          "afterHooks": [],
          "tests": [
            {
              "title": "renders correctly at iphone-6",
              "fullTitle": "Responsiveness - Login page renders correctly at iphone-6",
              "timedOut": null,
              "duration": 155,
              "state": "failed",
              "speed": null,
              "pass": false,
              "fail": true,
              "pending": false,
              "context": null,
              "code": "if (Array.isArray(size)) {\n    cy.viewport(size[0], size[1]);\n}\nelse {\n    cy.viewport(size);\n}\ncy.visit('/login');\n// Basic assertions that important elements are visible\ncy.contains(/sign in/i).should('be.visible');\ncy.get('label[for=\"email\"]').should('be.visible');\ncy.get('#email').should('be.visible');\ncy.get('label[for=\"password\"]').should('be.visible');\ncy.get('#password').should('be.visible');",
              "err": {
                "message": "CypressError: `cy.visit()` failed trying to load:\n\nhttp://localhost:3001/login\n\nThe response we received from your web server was:\n\n  > 404: Not Found\n\nThis was considered a failure because the status code was not `2xx`.\n\nIf you do not want status codes to cause failures pass the option: `failOnStatusCode: false`",
                "estack": "CypressError: `cy.visit()` failed trying to load:\n\nhttp://localhost:3001/login\n\nThe response we received from your web server was:\n\n  > 404: Not Found\n\nThis was considered a failure because the status code was not `2xx`.\n\nIf you do not want status codes to cause failures pass the option: `failOnStatusCode: false`\n    at <unknown> (http://localhost:3001/__cypress/runner/cypress_runner.js:131591:76)\n    at visitFailedByErr (http://localhost:3001/__cypress/runner/cypress_runner.js:131006:12)\n    at <unknown> (http://localhost:3001/__cypress/runner/cypress_runner.js:131574:13)\n    at tryCatcher (http://localhost:3001/__cypress/runner/cypress_runner.js:1830:23)\n    at Promise._settlePromiseFromHandler (http://localhost:3001/__cypress/runner/cypress_runner.js:1542:31)\n    at Promise._settlePromise (http://localhost:3001/__cypress/runner/cypress_runner.js:1599:18)\n    at Promise._settlePromise0 (http://localhost:3001/__cypress/runner/cypress_runner.js:1644:10)\n    at Promise._settlePromises (http://localhost:3001/__cypress/runner/cypress_runner.js:1720:18)\n    at _drainQueueStep (http://localhost:3001/__cypress/runner/cypress_runner.js:2430:12)\n    at _drainQueue (http://localhost:3001/__cypress/runner/cypress_runner.js:2423:9)\n    at Async._drainQueues (http://localhost:3001/__cypress/runner/cypress_runner.js:2439:5)\n    at Async.drainQueues (http://localhost:3001/__cypress/runner/cypress_runner.js:2309:14)\nFrom Your Spec Code:\n    at Context.eval (webpack://my-v0-project/./cypress/e2e/02-responsiveness.cy.ts:18:0)",
                "diff": null
              },
              "uuid": "b9f1033e-cf6b-45bc-9587-a7f21e0c30c0",
              "parentUUID": "92ed3748-f559-418c-87c3-ac1907bec7fb",
              "isHook": false,
              "skipped": false
            },
            {
              "title": "renders correctly at ipad-2",
              "fullTitle": "Responsiveness - Login page renders correctly at ipad-2",
              "timedOut": null,
              "duration": 133,
              "state": "failed",
              "speed": null,
              "pass": false,
              "fail": true,
              "pending": false,
              "context": null,
              "code": "if (Array.isArray(size)) {\n    cy.viewport(size[0], size[1]);\n}\nelse {\n    cy.viewport(size);\n}\ncy.visit('/login');\n// Basic assertions that important elements are visible\ncy.contains(/sign in/i).should('be.visible');\ncy.get('label[for=\"email\"]').should('be.visible');\ncy.get('#email').should('be.visible');\ncy.get('label[for=\"password\"]').should('be.visible');\ncy.get('#password').should('be.visible');",
              "err": {
                "message": "CypressError: `cy.visit()` failed trying to load:\n\nhttp://localhost:3001/login\n\nThe response we received from your web server was:\n\n  > 404: Not Found\n\nThis was considered a failure because the status code was not `2xx`.\n\nIf you do not want status codes to cause failures pass the option: `failOnStatusCode: false`",
                "estack": "CypressError: `cy.visit()` failed trying to load:\n\nhttp://localhost:3001/login\n\nThe response we received from your web server was:\n\n  > 404: Not Found\n\nThis was considered a failure because the status code was not `2xx`.\n\nIf you do not want status codes to cause failures pass the option: `failOnStatusCode: false`\n    at <unknown> (http://localhost:3001/__cypress/runner/cypress_runner.js:131591:76)\n    at visitFailedByErr (http://localhost:3001/__cypress/runner/cypress_runner.js:131006:12)\n    at <unknown> (http://localhost:3001/__cypress/runner/cypress_runner.js:131574:13)\n    at tryCatcher (http://localhost:3001/__cypress/runner/cypress_runner.js:1830:23)\n    at Promise._settlePromiseFromHandler (http://localhost:3001/__cypress/runner/cypress_runner.js:1542:31)\n    at Promise._settlePromise (http://localhost:3001/__cypress/runner/cypress_runner.js:1599:18)\n    at Promise._settlePromise0 (http://localhost:3001/__cypress/runner/cypress_runner.js:1644:10)\n    at Promise._settlePromises (http://localhost:3001/__cypress/runner/cypress_runner.js:1720:18)\n    at _drainQueueStep (http://localhost:3001/__cypress/runner/cypress_runner.js:2430:12)\n    at _drainQueue (http://localhost:3001/__cypress/runner/cypress_runner.js:2423:9)\n    at Async._drainQueues (http://localhost:3001/__cypress/runner/cypress_runner.js:2439:5)\n    at Async.drainQueues (http://localhost:3001/__cypress/runner/cypress_runner.js:2309:14)\nFrom Your Spec Code:\n    at Context.eval (webpack://my-v0-project/./cypress/e2e/02-responsiveness.cy.ts:18:0)",
                "diff": null
              },
              "uuid": "2a618437-0715-4326-8fae-01836a7618ed",
              "parentUUID": "92ed3748-f559-418c-87c3-ac1907bec7fb",
              "isHook": false,
              "skipped": false
            },
            {
              "title": "renders correctly at 1280x800",
              "fullTitle": "Responsiveness - Login page renders correctly at 1280x800",
              "timedOut": null,
              "duration": 133,
              "state": "failed",
              "speed": null,
              "pass": false,
              "fail": true,
              "pending": false,
              "context": null,
              "code": "if (Array.isArray(size)) {\n    cy.viewport(size[0], size[1]);\n}\nelse {\n    cy.viewport(size);\n}\ncy.visit('/login');\n// Basic assertions that important elements are visible\ncy.contains(/sign in/i).should('be.visible');\ncy.get('label[for=\"email\"]').should('be.visible');\ncy.get('#email').should('be.visible');\ncy.get('label[for=\"password\"]').should('be.visible');\ncy.get('#password').should('be.visible');",
              "err": {
                "message": "CypressError: `cy.visit()` failed trying to load:\n\nhttp://localhost:3001/login\n\nThe response we received from your web server was:\n\n  > 404: Not Found\n\nThis was considered a failure because the status code was not `2xx`.\n\nIf you do not want status codes to cause failures pass the option: `failOnStatusCode: false`",
                "estack": "CypressError: `cy.visit()` failed trying to load:\n\nhttp://localhost:3001/login\n\nThe response we received from your web server was:\n\n  > 404: Not Found\n\nThis was considered a failure because the status code was not `2xx`.\n\nIf you do not want status codes to cause failures pass the option: `failOnStatusCode: false`\n    at <unknown> (http://localhost:3001/__cypress/runner/cypress_runner.js:131591:76)\n    at visitFailedByErr (http://localhost:3001/__cypress/runner/cypress_runner.js:131006:12)\n    at <unknown> (http://localhost:3001/__cypress/runner/cypress_runner.js:131574:13)\n    at tryCatcher (http://localhost:3001/__cypress/runner/cypress_runner.js:1830:23)\n    at Promise._settlePromiseFromHandler (http://localhost:3001/__cypress/runner/cypress_runner.js:1542:31)\n    at Promise._settlePromise (http://localhost:3001/__cypress/runner/cypress_runner.js:1599:18)\n    at Promise._settlePromise0 (http://localhost:3001/__cypress/runner/cypress_runner.js:1644:10)\n    at Promise._settlePromises (http://localhost:3001/__cypress/runner/cypress_runner.js:1720:18)\n    at _drainQueueStep (http://localhost:3001/__cypress/runner/cypress_runner.js:2430:12)\n    at _drainQueue (http://localhost:3001/__cypress/runner/cypress_runner.js:2423:9)\n    at Async._drainQueues (http://localhost:3001/__cypress/runner/cypress_runner.js:2439:5)\n    at Async.drainQueues (http://localhost:3001/__cypress/runner/cypress_runner.js:2309:14)\nFrom Your Spec Code:\n    at Context.eval (webpack://my-v0-project/./cypress/e2e/02-responsiveness.cy.ts:18:0)",
                "diff": null
              },
              "uuid": "090a0d0d-c427-4367-b0e6-29370cbd7e0f",
              "parentUUID": "92ed3748-f559-418c-87c3-ac1907bec7fb",
              "isHook": false,
              "skipped": false
            }
          ],
          "suites": [],
          "passes": [],
          "failures": [
            "b9f1033e-cf6b-45bc-9587-a7f21e0c30c0",
            "2a618437-0715-4326-8fae-01836a7618ed",
            "090a0d0d-c427-4367-b0e6-29370cbd7e0f"
          ],
          "pending": [],
          "skipped": [],
          "duration": 421,
          "root": false,
          "rootEmpty": false,
          "_timeout": 2000
        }
      ],
      "passes": [],
      "failures": [],
      "pending": [],
      "skipped": [],
      "duration": 0,
      "root": true,
      "rootEmpty": true,
      "_timeout": 2000
    },
    {
      "uuid": "4c618b88-a8f5-4b8d-99d8-848e1e0828f0",
      "title": "",
      "fullFile": "cypress\\e2e\\03-accessibility.cy.ts",
      "file": "cypress\\e2e\\03-accessibility.cy.ts",
      "beforeHooks": [],
      "afterHooks": [],
      "tests": [],
      "suites": [
        {
          "uuid": "0d1878af-ff47-4a7f-a57f-15f38f44f773",
          "title": "Accessibility - Login page",
          "fullFile": "",
          "file": "",
          "beforeHooks": [],
          "afterHooks": [],
          "tests": [
            {
              "title": "has no critical accessibility violations",
              "fullTitle": "Accessibility - Login page has no critical accessibility violations",
              "timedOut": null,
              "duration": 122,
              "state": "failed",
              "speed": null,
              "pass": false,
              "fail": true,
              "pending": false,
              "context": null,
              "code": "cy.visit('/login');\ncy.injectAxe();\ncy.checkA11y(undefined, { includedImpacts: ['critical', 'serious'] });",
              "err": {
                "message": "CypressError: `cy.visit()` failed trying to load:\n\nhttp://localhost:3001/login\n\nThe response we received from your web server was:\n\n  > 404: Not Found\n\nThis was considered a failure because the status code was not `2xx`.\n\nIf you do not want status codes to cause failures pass the option: `failOnStatusCode: false`",
                "estack": "CypressError: `cy.visit()` failed trying to load:\n\nhttp://localhost:3001/login\n\nThe response we received from your web server was:\n\n  > 404: Not Found\n\nThis was considered a failure because the status code was not `2xx`.\n\nIf you do not want status codes to cause failures pass the option: `failOnStatusCode: false`\n    at <unknown> (http://localhost:3001/__cypress/runner/cypress_runner.js:131591:76)\n    at visitFailedByErr (http://localhost:3001/__cypress/runner/cypress_runner.js:131006:12)\n    at <unknown> (http://localhost:3001/__cypress/runner/cypress_runner.js:131574:13)\n    at tryCatcher (http://localhost:3001/__cypress/runner/cypress_runner.js:1830:23)\n    at Promise._settlePromiseFromHandler (http://localhost:3001/__cypress/runner/cypress_runner.js:1542:31)\n    at Promise._settlePromise (http://localhost:3001/__cypress/runner/cypress_runner.js:1599:18)\n    at Promise._settlePromise0 (http://localhost:3001/__cypress/runner/cypress_runner.js:1644:10)\n    at Promise._settlePromises (http://localhost:3001/__cypress/runner/cypress_runner.js:1720:18)\n    at _drainQueueStep (http://localhost:3001/__cypress/runner/cypress_runner.js:2430:12)\n    at _drainQueue (http://localhost:3001/__cypress/runner/cypress_runner.js:2423:9)\n    at Async._drainQueues (http://localhost:3001/__cypress/runner/cypress_runner.js:2439:5)\n    at Async.drainQueues (http://localhost:3001/__cypress/runner/cypress_runner.js:2309:14)\nFrom Your Spec Code:\n    at Context.eval (webpack://my-v0-project/./cypress/e2e/03-accessibility.cy.ts:5:0)",
                "diff": null
              },
              "uuid": "a9573cd3-cbd8-4716-8e87-e4736212446b",
              "parentUUID": "0d1878af-ff47-4a7f-a57f-15f38f44f773",
              "isHook": false,
              "skipped": false
            }
          ],
          "suites": [],
          "passes": [],
          "failures": [
            "a9573cd3-cbd8-4716-8e87-e4736212446b"
          ],
          "pending": [],
          "skipped": [],
          "duration": 122,
          "root": false,
          "rootEmpty": false,
          "_timeout": 2000
        }
      ],
      "passes": [],
      "failures": [],
      "pending": [],
      "skipped": [],
      "duration": 0,
      "root": true,
      "rootEmpty": true,
      "_timeout": 2000
    },
    {
      "uuid": "df98e39a-e573-40cc-a038-8931eef890d0",
      "title": "",
      "fullFile": "cypress\\e2e\\04-navigation.cy.ts",
      "file": "cypress\\e2e\\04-navigation.cy.ts",
      "beforeHooks": [],
      "afterHooks": [],
      "tests": [],
      "suites": [
        {
          "uuid": "ea349c3f-4ea6-41f5-bb88-4ab47eb0f813",
          "title": "Navigation flow - Organizer",
          "fullFile": "",
          "file": "",
          "beforeHooks": [],
          "afterHooks": [],
          "tests": [
            {
              "title": "navigates to organizer dashboard and renders key widgets",
              "fullTitle": "Navigation flow - Organizer navigates to organizer dashboard and renders key widgets",
              "timedOut": null,
              "duration": 161,
              "state": "failed",
              "speed": null,
              "pass": false,
              "fail": true,
              "pending": false,
              "context": null,
              "code": "// Intercept analytics and events network calls to avoid backend dependency\ncy.intercept('GET', 'http://localhost:3000/api/analytics/organizer/*/dashboard/overview', {\n    statusCode: 200,\n    body: { success: true, data: { totalRevenue: 0, ticketsSold: 0, conversionRate: 0, pageViews: 0, totalPayments: 0, totalEvents: 0 } },\n}).as('overview');\ncy.intercept('GET', 'http://localhost:3000/api/analytics/organizer/*/dashboard/revenue-trend', {\n    statusCode: 200,\n    body: { success: true, data: [] },\n}).as('trend');\ncy.intercept('GET', 'http://localhost:3000/api/events', {\n    statusCode: 200,\n    body: { success: true, data: [] },\n}).as('events');\ncy.visit('/organizer/dashboard');\ncy.contains(/organizer dashboard/i).should('be.visible');\ncy.contains(/total events/i).should('be.visible');\ncy.contains(/tickets sold/i).should('be.visible');",
              "err": {
                "message": "CypressError: `cy.visit()` failed trying to load:\n\nhttp://localhost:3001/organizer/dashboard\n\nThe response we received from your web server was:\n\n  > 404: Not Found\n\nThis was considered a failure because the status code was not `2xx`.\n\nIf you do not want status codes to cause failures pass the option: `failOnStatusCode: false`",
                "estack": "CypressError: `cy.visit()` failed trying to load:\n\nhttp://localhost:3001/organizer/dashboard\n\nThe response we received from your web server was:\n\n  > 404: Not Found\n\nThis was considered a failure because the status code was not `2xx`.\n\nIf you do not want status codes to cause failures pass the option: `failOnStatusCode: false`\n    at <unknown> (http://localhost:3001/__cypress/runner/cypress_runner.js:131591:76)\n    at visitFailedByErr (http://localhost:3001/__cypress/runner/cypress_runner.js:131006:12)\n    at <unknown> (http://localhost:3001/__cypress/runner/cypress_runner.js:131574:13)\n    at tryCatcher (http://localhost:3001/__cypress/runner/cypress_runner.js:1830:23)\n    at Promise._settlePromiseFromHandler (http://localhost:3001/__cypress/runner/cypress_runner.js:1542:31)\n    at Promise._settlePromise (http://localhost:3001/__cypress/runner/cypress_runner.js:1599:18)\n    at Promise._settlePromise0 (http://localhost:3001/__cypress/runner/cypress_runner.js:1644:10)\n    at Promise._settlePromises (http://localhost:3001/__cypress/runner/cypress_runner.js:1720:18)\n    at _drainQueueStep (http://localhost:3001/__cypress/runner/cypress_runner.js:2430:12)\n    at _drainQueue (http://localhost:3001/__cypress/runner/cypress_runner.js:2423:9)\n    at Async._drainQueues (http://localhost:3001/__cypress/runner/cypress_runner.js:2439:5)\n    at Async.drainQueues (http://localhost:3001/__cypress/runner/cypress_runner.js:2309:14)\nFrom Your Spec Code:\n    at Context.eval (webpack://my-v0-project/./cypress/e2e/04-navigation.cy.ts:26:0)",
                "diff": null
              },
              "uuid": "308c8b8b-ea6a-46a9-9a99-f3f47f1c0760",
              "parentUUID": "ea349c3f-4ea6-41f5-bb88-4ab47eb0f813",
              "isHook": false,
              "skipped": false
            }
          ],
          "suites": [],
          "passes": [],
          "failures": [
            "308c8b8b-ea6a-46a9-9a99-f3f47f1c0760"
          ],
          "pending": [],
          "skipped": [],
          "duration": 161,
          "root": false,
          "rootEmpty": false,
          "_timeout": 2000
        }
      ],
      "passes": [],
      "failures": [],
      "pending": [],
      "skipped": [],
      "duration": 0,
      "root": true,
      "rootEmpty": true,
      "_timeout": 2000
    },
    {
      "uuid": "ba1ff540-dced-4168-b679-b294e31a606c",
      "title": "",
      "fullFile": "cypress\\e2e\\05-login-validation.cy.ts",
      "file": "cypress\\e2e\\05-login-validation.cy.ts",
      "beforeHooks": [],
      "afterHooks": [],
      "tests": [],
      "suites": [
        {
          "uuid": "bc6fb5fb-21fa-44ef-8602-0faf07d5f0ba",
          "title": "Login form validation",
          "fullFile": "",
          "file": "",
          "beforeHooks": [],
          "afterHooks": [],
          "tests": [
            {
              "title": "requires email and password",
              "fullTitle": "Login form validation requires email and password",
              "timedOut": null,
              "duration": 151,
              "state": "failed",
              "speed": null,
              "pass": false,
              "fail": true,
              "pending": false,
              "context": null,
              "code": "cy.contains('button', /sign in/i).click();\n// built-in browser constraint validation messages are not easily assertable cross-browsers\n// Instead verify the inputs are still invalid and focused cycles\ncy.get('#email:invalid').should('exist');\ncy.get('#password:invalid').should('exist');",
              "err": {
                "message": "CypressError: `cy.visit()` failed trying to load:\n\nhttp://localhost:3001/login\n\nThe response we received from your web server was:\n\n  > 404: Not Found\n\nThis was considered a failure because the status code was not `2xx`.\n\nIf you do not want status codes to cause failures pass the option: `failOnStatusCode: false`\n\nBecause this error occurred during a `before each` hook we are skipping the remaining tests in the current suite: `Login form validation`",
                "estack": "CypressError: `cy.visit()` failed trying to load:\n\nhttp://localhost:3001/login\n\nThe response we received from your web server was:\n\n  > 404: Not Found\n\nThis was considered a failure because the status code was not `2xx`.\n\nIf you do not want status codes to cause failures pass the option: `failOnStatusCode: false`\n\nBecause this error occurred during a `before each` hook we are skipping the remaining tests in the current suite: `Login form validation`\n    at <unknown> (http://localhost:3001/__cypress/runner/cypress_runner.js:131591:76)\n    at visitFailedByErr (http://localhost:3001/__cypress/runner/cypress_runner.js:131006:12)\n    at <unknown> (http://localhost:3001/__cypress/runner/cypress_runner.js:131574:13)\n    at tryCatcher (http://localhost:3001/__cypress/runner/cypress_runner.js:1830:23)\n    at Promise._settlePromiseFromHandler (http://localhost:3001/__cypress/runner/cypress_runner.js:1542:31)\n    at Promise._settlePromise (http://localhost:3001/__cypress/runner/cypress_runner.js:1599:18)\n    at Promise._settlePromise0 (http://localhost:3001/__cypress/runner/cypress_runner.js:1644:10)\n    at Promise._settlePromises (http://localhost:3001/__cypress/runner/cypress_runner.js:1720:18)\n    at _drainQueueStep (http://localhost:3001/__cypress/runner/cypress_runner.js:2430:12)\n    at _drainQueue (http://localhost:3001/__cypress/runner/cypress_runner.js:2423:9)\n    at Async._drainQueues (http://localhost:3001/__cypress/runner/cypress_runner.js:2439:5)\n    at Async.drainQueues (http://localhost:3001/__cypress/runner/cypress_runner.js:2309:14)\nFrom Your Spec Code:\n    at Context.eval (webpack://my-v0-project/./cypress/e2e/05-login-validation.cy.ts:5:0)",
                "diff": null
              },
              "uuid": "1394a819-2fee-4c46-bdac-c0a36f89d26c",
              "parentUUID": "bc6fb5fb-21fa-44ef-8602-0faf07d5f0ba",
              "isHook": false,
              "skipped": false
            },
            {
              "title": "validates email format",
              "fullTitle": "Login form validation validates email format",
              "timedOut": null,
              "duration": 0,
              "state": "skipped",
              "speed": null,
              "pass": false,
              "fail": false,
              "pending": false,
              "context": null,
              "code": "cy.get('#email').type('not-an-email');\ncy.get('#password').type('somepassword');\ncy.contains('button', /sign in/i).click();\ncy.get('#email:invalid').should('exist');",
              "err": {},
              "uuid": "3e294478-8bf0-4396-8b37-750bd779a23b",
              "parentUUID": "bc6fb5fb-21fa-44ef-8602-0faf07d5f0ba",
              "isHook": false,
              "skipped": true
            },
            {
              "title": "shows loading state and prevents double submit",
              "fullTitle": "Login form validation shows loading state and prevents double submit",
              "timedOut": null,
              "duration": 0,
              "state": "skipped",
              "speed": null,
              "pass": false,
              "fail": false,
              "pending": false,
              "context": null,
              "code": "// stub login to delay\ncy.intercept('POST', '**/api/auth/login', (req) => {\n    return new Promise((resolve) => setTimeout(() => resolve(req.reply({ statusCode: 401, body: { success: false, message: 'Login failed' } })), 500));\n}).as('login');\ncy.get('#email').type('user@example.com');\ncy.get('#password').type('password');\ncy.contains('button', /sign in/i).click();\n// Button changes text and becomes disabled during in-flight request\ncy.contains('button', /signing in/i).should('exist').and('be.disabled');\ncy.wait('@login');",
              "err": {},
              "uuid": "e869c0ca-f49d-463e-b9f5-82b30b048648",
              "parentUUID": "bc6fb5fb-21fa-44ef-8602-0faf07d5f0ba",
              "isHook": false,
              "skipped": true
            }
          ],
          "suites": [],
          "passes": [],
          "failures": [
            "1394a819-2fee-4c46-bdac-c0a36f89d26c"
          ],
          "pending": [],
          "skipped": [
            "3e294478-8bf0-4396-8b37-750bd779a23b",
            "e869c0ca-f49d-463e-b9f5-82b30b048648"
          ],
          "duration": 151,
          "root": false,
          "rootEmpty": false,
          "_timeout": 2000
        }
      ],
      "passes": [],
      "failures": [],
      "pending": [],
      "skipped": [],
      "duration": 0,
      "root": true,
      "rootEmpty": true,
      "_timeout": 2000
    },
    {
      "uuid": "81a23f05-b301-4453-8425-b9c77367563a",
      "title": "",
      "fullFile": "cypress\\e2e\\06-responsive-sidebar.cy.ts",
      "file": "cypress\\e2e\\06-responsive-sidebar.cy.ts",
      "beforeHooks": [],
      "afterHooks": [],
      "tests": [],
      "suites": [
        {
          "uuid": "fc0db535-5afd-4664-b60f-2af8fdb685f4",
          "title": "Responsive sidebar behavior",
          "fullFile": "",
          "file": "",
          "beforeHooks": [],
          "afterHooks": [],
          "tests": [
            {
              "title": "sidebar hidden on mobile, visible on desktop",
              "fullTitle": "Responsive sidebar behavior sidebar hidden on mobile, visible on desktop",
              "timedOut": null,
              "duration": 143,
              "state": "failed",
              "speed": null,
              "pass": false,
              "fail": true,
              "pending": false,
              "context": null,
              "code": "cy.viewport('iphone-6');\ncy.visit('/organizer/dashboard');\n// Mobile menu button visible\ncy.get('button.fixed.top-4.left-4.lg\\\\:hidden').should('be.visible');\n// Sidebar off-canvas initially\ncy.get('div.fixed.inset-y-0.left-0').should('have.class', '-translate-x-full');\n// Open menu and verify sidebar slides in\ncy.get('button.fixed.top-4.left-4.lg\\\\:hidden').click();\ncy.get('div.fixed.inset-y-0.left-0').should('have.class', 'translate-x-0');\n// Desktop\ncy.viewport(1280, 800);\n// Toggle button hidden on desktop\ncy.get('button.fixed.top-4.left-4.lg\\\\:hidden').should('not.be.visible');\n// Sidebar has desktop-visible class\ncy.get('div.fixed.inset-y-0.left-0')\n    .should('have.class', 'lg:translate-x-0')\n    .and('be.visible');",
              "err": {
                "message": "CypressError: `cy.visit()` failed trying to load:\n\nhttp://localhost:3001/organizer/dashboard\n\nThe response we received from your web server was:\n\n  > 404: Not Found\n\nThis was considered a failure because the status code was not `2xx`.\n\nIf you do not want status codes to cause failures pass the option: `failOnStatusCode: false`",
                "estack": "CypressError: `cy.visit()` failed trying to load:\n\nhttp://localhost:3001/organizer/dashboard\n\nThe response we received from your web server was:\n\n  > 404: Not Found\n\nThis was considered a failure because the status code was not `2xx`.\n\nIf you do not want status codes to cause failures pass the option: `failOnStatusCode: false`\n    at <unknown> (http://localhost:3001/__cypress/runner/cypress_runner.js:131591:76)\n    at visitFailedByErr (http://localhost:3001/__cypress/runner/cypress_runner.js:131006:12)\n    at <unknown> (http://localhost:3001/__cypress/runner/cypress_runner.js:131574:13)\n    at tryCatcher (http://localhost:3001/__cypress/runner/cypress_runner.js:1830:23)\n    at Promise._settlePromiseFromHandler (http://localhost:3001/__cypress/runner/cypress_runner.js:1542:31)\n    at Promise._settlePromise (http://localhost:3001/__cypress/runner/cypress_runner.js:1599:18)\n    at Promise._settlePromise0 (http://localhost:3001/__cypress/runner/cypress_runner.js:1644:10)\n    at Promise._settlePromises (http://localhost:3001/__cypress/runner/cypress_runner.js:1720:18)\n    at _drainQueueStep (http://localhost:3001/__cypress/runner/cypress_runner.js:2430:12)\n    at _drainQueue (http://localhost:3001/__cypress/runner/cypress_runner.js:2423:9)\n    at Async._drainQueues (http://localhost:3001/__cypress/runner/cypress_runner.js:2439:5)\n    at Async.drainQueues (http://localhost:3001/__cypress/runner/cypress_runner.js:2309:14)\nFrom Your Spec Code:\n    at Context.eval (webpack://my-v0-project/./cypress/e2e/06-responsive-sidebar.cy.ts:25:0)",
                "diff": null
              },
              "uuid": "6d6e5ef1-830a-4b9e-9d3b-c24b5bed4fcc",
              "parentUUID": "fc0db535-5afd-4664-b60f-2af8fdb685f4",
              "isHook": false,
              "skipped": false
            }
          ],
          "suites": [],
          "passes": [],
          "failures": [
            "6d6e5ef1-830a-4b9e-9d3b-c24b5bed4fcc"
          ],
          "pending": [],
          "skipped": [],
          "duration": 143,
          "root": false,
          "rootEmpty": false,
          "_timeout": 2000
        }
      ],
      "passes": [],
      "failures": [],
      "pending": [],
      "skipped": [],
      "duration": 0,
      "root": true,
      "rootEmpty": true,
      "_timeout": 2000
    },
    {
      "uuid": "020791ab-0845-447f-95fd-6695e142ad4e",
      "title": "",
      "fullFile": "cypress\\e2e\\07-accessibility-keyboard.cy.ts",
      "file": "cypress\\e2e\\07-accessibility-keyboard.cy.ts",
      "beforeHooks": [],
      "afterHooks": [],
      "tests": [],
      "suites": [
        {
          "uuid": "570ab5f7-ed8a-401e-b38b-64531f54bae6",
          "title": "Keyboard navigation and focus",
          "fullFile": "",
          "file": "",
          "beforeHooks": [],
          "afterHooks": [],
          "tests": [
            {
              "title": "focus order is logical for login form",
              "fullTitle": "Keyboard navigation and focus focus order is logical for login form",
              "timedOut": null,
              "duration": 166,
              "state": "failed",
              "speed": null,
              "pass": false,
              "fail": true,
              "pending": false,
              "context": null,
              "code": "cy.visit('/login');\n// Focus first field and then tab forward\ncy.get('#email').focus();\ncy.focused().should('have.attr', 'id', 'email');\n// Simulate tab by focusing next element directly (no plugin)\ncy.get('#password').focus();\ncy.focused().should('have.attr', 'id', 'password');\ncy.contains('button', /sign in/i).focus();\ncy.focused().should(($el) => {\n    expect($el.prop('tagName')).to.eq('BUTTON');\n    expect($el.text().toLowerCase()).to.contain('sign in');\n});",
              "err": {
                "message": "CypressError: `cy.visit()` failed trying to load:\n\nhttp://localhost:3001/login\n\nThe response we received from your web server was:\n\n  > 404: Not Found\n\nThis was considered a failure because the status code was not `2xx`.\n\nIf you do not want status codes to cause failures pass the option: `failOnStatusCode: false`",
                "estack": "CypressError: `cy.visit()` failed trying to load:\n\nhttp://localhost:3001/login\n\nThe response we received from your web server was:\n\n  > 404: Not Found\n\nThis was considered a failure because the status code was not `2xx`.\n\nIf you do not want status codes to cause failures pass the option: `failOnStatusCode: false`\n    at <unknown> (http://localhost:3001/__cypress/runner/cypress_runner.js:131591:76)\n    at visitFailedByErr (http://localhost:3001/__cypress/runner/cypress_runner.js:131006:12)\n    at <unknown> (http://localhost:3001/__cypress/runner/cypress_runner.js:131574:13)\n    at tryCatcher (http://localhost:3001/__cypress/runner/cypress_runner.js:1830:23)\n    at Promise._settlePromiseFromHandler (http://localhost:3001/__cypress/runner/cypress_runner.js:1542:31)\n    at Promise._settlePromise (http://localhost:3001/__cypress/runner/cypress_runner.js:1599:18)\n    at Promise._settlePromise0 (http://localhost:3001/__cypress/runner/cypress_runner.js:1644:10)\n    at Promise._settlePromises (http://localhost:3001/__cypress/runner/cypress_runner.js:1720:18)\n    at _drainQueueStep (http://localhost:3001/__cypress/runner/cypress_runner.js:2430:12)\n    at _drainQueue (http://localhost:3001/__cypress/runner/cypress_runner.js:2423:9)\n    at Async._drainQueues (http://localhost:3001/__cypress/runner/cypress_runner.js:2439:5)\n    at Async.drainQueues (http://localhost:3001/__cypress/runner/cypress_runner.js:2309:14)\nFrom Your Spec Code:\n    at Context.eval (webpack://my-v0-project/./cypress/e2e/07-accessibility-keyboard.cy.ts:5:0)",
                "diff": null
              },
              "uuid": "3b445b25-1086-4582-a318-b79ab6666ff9",
              "parentUUID": "570ab5f7-ed8a-401e-b38b-64531f54bae6",
              "isHook": false,
              "skipped": false
            }
          ],
          "suites": [],
          "passes": [],
          "failures": [
            "3b445b25-1086-4582-a318-b79ab6666ff9"
          ],
          "pending": [],
          "skipped": [],
          "duration": 166,
          "root": false,
          "rootEmpty": false,
          "_timeout": 2000
        }
      ],
      "passes": [],
      "failures": [],
      "pending": [],
      "skipped": [],
      "duration": 0,
      "root": true,
      "rootEmpty": true,
      "_timeout": 2000
    },
    {
      "uuid": "9613da0d-9ab1-4123-b925-939f6453ff74",
      "title": "",
      "fullFile": "cypress\\e2e\\08-organizer-events.cy.ts",
      "file": "cypress\\e2e\\08-organizer-events.cy.ts",
      "beforeHooks": [],
      "afterHooks": [],
      "tests": [],
      "suites": [
        {
          "uuid": "11b220ce-1691-4459-bd15-8ca90ec9f3dc",
          "title": "Organizer - Events listing",
          "fullFile": "",
          "file": "",
          "beforeHooks": [],
          "afterHooks": [],
          "tests": [
            {
              "title": "loads events and filters by search/category/status",
              "fullTitle": "Organizer - Events listing loads events and filters by search/category/status",
              "timedOut": null,
              "duration": 199,
              "state": "failed",
              "speed": null,
              "pass": false,
              "fail": true,
              "pending": false,
              "context": null,
              "code": "cy.visit('/organizer/events');\ncy.wait(['@events']);\n// Sees seeded events\ncy.contains(/tech summit/i).should('be.visible');\ncy.contains(/music fest/i).should('be.visible');\n// Search filter (use placeholder selector from shadcn Input)\ncy.get('input[placeholder=\"Search events...\"]').type('tech');\ncy.contains(/tech summit/i).should('be.visible');\n// Status filter (selects All to keep list visible)\ncy.get('[role=\"combobox\"]').eq(0).click();\ncy.contains('div[role=\"option\"]', 'All Status').click({ force: true });",
              "err": {
                "message": "CypressError: `cy.visit()` failed trying to load:\n\nhttp://localhost:3001/organizer/events\n\nThe response we received from your web server was:\n\n  > 404: Not Found\n\nThis was considered a failure because the status code was not `2xx`.\n\nIf you do not want status codes to cause failures pass the option: `failOnStatusCode: false`",
                "estack": "CypressError: `cy.visit()` failed trying to load:\n\nhttp://localhost:3001/organizer/events\n\nThe response we received from your web server was:\n\n  > 404: Not Found\n\nThis was considered a failure because the status code was not `2xx`.\n\nIf you do not want status codes to cause failures pass the option: `failOnStatusCode: false`\n    at <unknown> (http://localhost:3001/__cypress/runner/cypress_runner.js:131591:76)\n    at visitFailedByErr (http://localhost:3001/__cypress/runner/cypress_runner.js:131006:12)\n    at <unknown> (http://localhost:3001/__cypress/runner/cypress_runner.js:131574:13)\n    at tryCatcher (http://localhost:3001/__cypress/runner/cypress_runner.js:1830:23)\n    at Promise._settlePromiseFromHandler (http://localhost:3001/__cypress/runner/cypress_runner.js:1542:31)\n    at Promise._settlePromise (http://localhost:3001/__cypress/runner/cypress_runner.js:1599:18)\n    at Promise._settlePromise0 (http://localhost:3001/__cypress/runner/cypress_runner.js:1644:10)\n    at Promise._settlePromises (http://localhost:3001/__cypress/runner/cypress_runner.js:1720:18)\n    at _drainQueueStep (http://localhost:3001/__cypress/runner/cypress_runner.js:2430:12)\n    at _drainQueue (http://localhost:3001/__cypress/runner/cypress_runner.js:2423:9)\n    at Async._drainQueues (http://localhost:3001/__cypress/runner/cypress_runner.js:2439:5)\n    at Async.drainQueues (http://localhost:3001/__cypress/runner/cypress_runner.js:2309:14)\nFrom Your Spec Code:\n    at Context.eval (webpack://my-v0-project/./cypress/e2e/08-organizer-events.cy.ts:9:0)",
                "diff": null
              },
              "uuid": "0b57035f-1879-42e3-bbac-ea6a1880d860",
              "parentUUID": "11b220ce-1691-4459-bd15-8ca90ec9f3dc",
              "isHook": false,
              "skipped": false
            }
          ],
          "suites": [],
          "passes": [],
          "failures": [
            "0b57035f-1879-42e3-bbac-ea6a1880d860"
          ],
          "pending": [],
          "skipped": [],
          "duration": 199,
          "root": false,
          "rootEmpty": false,
          "_timeout": 2000
        }
      ],
      "passes": [],
      "failures": [],
      "pending": [],
      "skipped": [],
      "duration": 0,
      "root": true,
      "rootEmpty": true,
      "_timeout": 2000
    },
    {
      "uuid": "3e3fb33b-9c1c-4061-9729-951a639b9282",
      "title": "",
      "fullFile": "cypress\\e2e\\09-organizer-create-event.cy.ts",
      "file": "cypress\\e2e\\09-organizer-create-event.cy.ts",
      "beforeHooks": [],
      "afterHooks": [],
      "tests": [],
      "suites": [
        {
          "uuid": "7c9c3f61-939c-4a4c-9acb-d157737b9134",
          "title": "Organizer - Create Event validation",
          "fullFile": "",
          "file": "",
          "beforeHooks": [],
          "afterHooks": [],
          "tests": [
            {
              "title": "shows validation errors for missing fields",
              "fullTitle": "Organizer - Create Event validation shows validation errors for missing fields",
              "timedOut": null,
              "duration": 175,
              "state": "failed",
              "speed": null,
              "pass": false,
              "fail": true,
              "pending": false,
              "context": null,
              "code": "cy.visit('/organizer/create-event');\n// Try to submit empty form\ncy.contains('button', /create event|save/i).click({ force: true });\n// App shows an alert with errors list\ncy.on('window:alert', (text) => {\n    expect(text.toLowerCase()).to.contain('required');\n});",
              "err": {
                "message": "CypressError: `cy.visit()` failed trying to load:\n\nhttp://localhost:3001/organizer/create-event\n\nThe response we received from your web server was:\n\n  > 404: Not Found\n\nThis was considered a failure because the status code was not `2xx`.\n\nIf you do not want status codes to cause failures pass the option: `failOnStatusCode: false`",
                "estack": "CypressError: `cy.visit()` failed trying to load:\n\nhttp://localhost:3001/organizer/create-event\n\nThe response we received from your web server was:\n\n  > 404: Not Found\n\nThis was considered a failure because the status code was not `2xx`.\n\nIf you do not want status codes to cause failures pass the option: `failOnStatusCode: false`\n    at <unknown> (http://localhost:3001/__cypress/runner/cypress_runner.js:131591:76)\n    at visitFailedByErr (http://localhost:3001/__cypress/runner/cypress_runner.js:131006:12)\n    at <unknown> (http://localhost:3001/__cypress/runner/cypress_runner.js:131574:13)\n    at tryCatcher (http://localhost:3001/__cypress/runner/cypress_runner.js:1830:23)\n    at Promise._settlePromiseFromHandler (http://localhost:3001/__cypress/runner/cypress_runner.js:1542:31)\n    at Promise._settlePromise (http://localhost:3001/__cypress/runner/cypress_runner.js:1599:18)\n    at Promise._settlePromise0 (http://localhost:3001/__cypress/runner/cypress_runner.js:1644:10)\n    at Promise._settlePromises (http://localhost:3001/__cypress/runner/cypress_runner.js:1720:18)\n    at _drainQueueStep (http://localhost:3001/__cypress/runner/cypress_runner.js:2430:12)\n    at _drainQueue (http://localhost:3001/__cypress/runner/cypress_runner.js:2423:9)\n    at Async._drainQueues (http://localhost:3001/__cypress/runner/cypress_runner.js:2439:5)\n    at Async.drainQueues (http://localhost:3001/__cypress/runner/cypress_runner.js:2309:14)\nFrom Your Spec Code:\n    at Context.eval (webpack://my-v0-project/./cypress/e2e/09-organizer-create-event.cy.ts:9:0)",
                "diff": null
              },
              "uuid": "daaeb0e9-216e-4a3a-9b64-edded38440b3",
              "parentUUID": "7c9c3f61-939c-4a4c-9acb-d157737b9134",
              "isHook": false,
              "skipped": false
            }
          ],
          "suites": [],
          "passes": [],
          "failures": [
            "daaeb0e9-216e-4a3a-9b64-edded38440b3"
          ],
          "pending": [],
          "skipped": [],
          "duration": 175,
          "root": false,
          "rootEmpty": false,
          "_timeout": 2000
        }
      ],
      "passes": [],
      "failures": [],
      "pending": [],
      "skipped": [],
      "duration": 0,
      "root": true,
      "rootEmpty": true,
      "_timeout": 2000
    },
    {
      "uuid": "84e73f99-ae2d-4702-9502-3106d5fd35da",
      "title": "",
      "fullFile": "cypress\\e2e\\10-organizer-tickets.cy.ts",
      "file": "cypress\\e2e\\10-organizer-tickets.cy.ts",
      "beforeHooks": [],
      "afterHooks": [],
      "tests": [],
      "suites": [
        {
          "uuid": "9d60d03a-c7b1-4689-8c10-c7df6ffd4dff",
          "title": "Organizer - Tickets page",
          "fullFile": "",
          "file": "",
          "beforeHooks": [],
          "afterHooks": [],
          "tests": [
            {
              "title": "loads ticket stats and events with stubs",
              "fullTitle": "Organizer - Tickets page loads ticket stats and events with stubs",
              "timedOut": null,
              "duration": 160,
              "state": "failed",
              "speed": null,
              "pass": false,
              "fail": true,
              "pending": false,
              "context": null,
              "code": "cy.visit('/organizer/tickets');\ncy.wait(['@tickets']);\ncy.contains(/tickets sold/i).should('be.visible');\ncy.contains(/active events/i).should('be.visible');\ncy.contains(/avg ticket price/i).should('be.visible');\ncy.contains(/tech summit/i).should('be.visible');",
              "err": {
                "message": "CypressError: `cy.visit()` failed trying to load:\n\nhttp://localhost:3001/organizer/tickets\n\nThe response we received from your web server was:\n\n  > 404: Not Found\n\nThis was considered a failure because the status code was not `2xx`.\n\nIf you do not want status codes to cause failures pass the option: `failOnStatusCode: false`",
                "estack": "CypressError: `cy.visit()` failed trying to load:\n\nhttp://localhost:3001/organizer/tickets\n\nThe response we received from your web server was:\n\n  > 404: Not Found\n\nThis was considered a failure because the status code was not `2xx`.\n\nIf you do not want status codes to cause failures pass the option: `failOnStatusCode: false`\n    at <unknown> (http://localhost:3001/__cypress/runner/cypress_runner.js:131591:76)\n    at visitFailedByErr (http://localhost:3001/__cypress/runner/cypress_runner.js:131006:12)\n    at <unknown> (http://localhost:3001/__cypress/runner/cypress_runner.js:131574:13)\n    at tryCatcher (http://localhost:3001/__cypress/runner/cypress_runner.js:1830:23)\n    at Promise._settlePromiseFromHandler (http://localhost:3001/__cypress/runner/cypress_runner.js:1542:31)\n    at Promise._settlePromise (http://localhost:3001/__cypress/runner/cypress_runner.js:1599:18)\n    at Promise._settlePromise0 (http://localhost:3001/__cypress/runner/cypress_runner.js:1644:10)\n    at Promise._settlePromises (http://localhost:3001/__cypress/runner/cypress_runner.js:1720:18)\n    at _drainQueueStep (http://localhost:3001/__cypress/runner/cypress_runner.js:2430:12)\n    at _drainQueue (http://localhost:3001/__cypress/runner/cypress_runner.js:2423:9)\n    at Async._drainQueues (http://localhost:3001/__cypress/runner/cypress_runner.js:2439:5)\n    at Async.drainQueues (http://localhost:3001/__cypress/runner/cypress_runner.js:2309:14)\nFrom Your Spec Code:\n    at Context.eval (webpack://my-v0-project/./cypress/e2e/10-organizer-tickets.cy.ts:9:0)",
                "diff": null
              },
              "uuid": "95c7e47c-ccd4-4f27-ae0b-47846085664e",
              "parentUUID": "9d60d03a-c7b1-4689-8c10-c7df6ffd4dff",
              "isHook": false,
              "skipped": false
            }
          ],
          "suites": [],
          "passes": [],
          "failures": [
            "95c7e47c-ccd4-4f27-ae0b-47846085664e"
          ],
          "pending": [],
          "skipped": [],
          "duration": 160,
          "root": false,
          "rootEmpty": false,
          "_timeout": 2000
        }
      ],
      "passes": [],
      "failures": [],
      "pending": [],
      "skipped": [],
      "duration": 0,
      "root": true,
      "rootEmpty": true,
      "_timeout": 2000
    },
    {
      "uuid": "c8cd1163-cc8a-4378-bd0c-5aff9f700510",
      "title": "",
      "fullFile": "cypress\\e2e\\11-organizer-analytics.cy.ts",
      "file": "cypress\\e2e\\11-organizer-analytics.cy.ts",
      "beforeHooks": [],
      "afterHooks": [],
      "tests": [],
      "suites": [
        {
          "uuid": "64eace4d-21cc-4d10-96ea-e58faf223160",
          "title": "Organizer - Analytics page",
          "fullFile": "",
          "file": "",
          "beforeHooks": [],
          "afterHooks": [],
          "tests": [
            {
              "title": "renders analytics cards and charts",
              "fullTitle": "Organizer - Analytics page renders analytics cards and charts",
              "timedOut": null,
              "duration": 203,
              "state": "failed",
              "speed": null,
              "pass": false,
              "fail": true,
              "pending": false,
              "context": null,
              "code": "cy.visit('/organizer/analytics');\ncy.wait(['@overview']);\ncy.contains(/total events/i).should('be.visible');\ncy.contains(/tickets sold/i).should('be.visible');\ncy.contains(/total revenue/i).should('be.visible');",
              "err": {
                "message": "CypressError: `cy.visit()` failed trying to load:\n\nhttp://localhost:3001/organizer/analytics\n\nThe response we received from your web server was:\n\n  > 404: Not Found\n\nThis was considered a failure because the status code was not `2xx`.\n\nIf you do not want status codes to cause failures pass the option: `failOnStatusCode: false`",
                "estack": "CypressError: `cy.visit()` failed trying to load:\n\nhttp://localhost:3001/organizer/analytics\n\nThe response we received from your web server was:\n\n  > 404: Not Found\n\nThis was considered a failure because the status code was not `2xx`.\n\nIf you do not want status codes to cause failures pass the option: `failOnStatusCode: false`\n    at <unknown> (http://localhost:3001/__cypress/runner/cypress_runner.js:131591:76)\n    at visitFailedByErr (http://localhost:3001/__cypress/runner/cypress_runner.js:131006:12)\n    at <unknown> (http://localhost:3001/__cypress/runner/cypress_runner.js:131574:13)\n    at tryCatcher (http://localhost:3001/__cypress/runner/cypress_runner.js:1830:23)\n    at Promise._settlePromiseFromHandler (http://localhost:3001/__cypress/runner/cypress_runner.js:1542:31)\n    at Promise._settlePromise (http://localhost:3001/__cypress/runner/cypress_runner.js:1599:18)\n    at Promise._settlePromise0 (http://localhost:3001/__cypress/runner/cypress_runner.js:1644:10)\n    at Promise._settlePromises (http://localhost:3001/__cypress/runner/cypress_runner.js:1720:18)\n    at _drainQueueStep (http://localhost:3001/__cypress/runner/cypress_runner.js:2430:12)\n    at _drainQueue (http://localhost:3001/__cypress/runner/cypress_runner.js:2423:9)\n    at Async._drainQueues (http://localhost:3001/__cypress/runner/cypress_runner.js:2439:5)\n    at Async.drainQueues (http://localhost:3001/__cypress/runner/cypress_runner.js:2309:14)\nFrom Your Spec Code:\n    at Context.eval (webpack://my-v0-project/./cypress/e2e/11-organizer-analytics.cy.ts:9:0)",
                "diff": null
              },
              "uuid": "57af8383-6c4c-4e74-9025-6bdf280b9352",
              "parentUUID": "64eace4d-21cc-4d10-96ea-e58faf223160",
              "isHook": false,
              "skipped": false
            }
          ],
          "suites": [],
          "passes": [],
          "failures": [
            "57af8383-6c4c-4e74-9025-6bdf280b9352"
          ],
          "pending": [],
          "skipped": [],
          "duration": 203,
          "root": false,
          "rootEmpty": false,
          "_timeout": 2000
        }
      ],
      "passes": [],
      "failures": [],
      "pending": [],
      "skipped": [],
      "duration": 0,
      "root": true,
      "rootEmpty": true,
      "_timeout": 2000
    },
    {
      "uuid": "85c3b363-33f2-4c32-abdf-cabfb52efcca",
      "title": "",
      "fullFile": "cypress\\e2e\\12-admin-dashboard.cy.ts",
      "file": "cypress\\e2e\\12-admin-dashboard.cy.ts",
      "beforeHooks": [],
      "afterHooks": [],
      "tests": [],
      "suites": [
        {
          "uuid": "36e6f967-a6cf-403d-bf35-9efefa826771",
          "title": "Admin - Dashboard smoke",
          "fullFile": "",
          "file": "",
          "beforeHooks": [],
          "afterHooks": [],
          "tests": [
            {
              "title": "loads admin dashboard shell",
              "fullTitle": "Admin - Dashboard smoke loads admin dashboard shell",
              "timedOut": null,
              "duration": 155,
              "state": "failed",
              "speed": null,
              "pass": false,
              "fail": true,
              "pending": false,
              "context": null,
              "code": "cy.visit('/admin/dashboard');\ncy.contains(/dashboard/i).should('be.visible');\n// Sidebar visible on desktop\ncy.get('div.fixed.inset-y-0.left-0').should('be.visible');",
              "err": {
                "message": "CypressError: `cy.visit()` failed trying to load:\n\nhttp://localhost:3001/admin/dashboard\n\nThe response we received from your web server was:\n\n  > 404: Not Found\n\nThis was considered a failure because the status code was not `2xx`.\n\nIf you do not want status codes to cause failures pass the option: `failOnStatusCode: false`",
                "estack": "CypressError: `cy.visit()` failed trying to load:\n\nhttp://localhost:3001/admin/dashboard\n\nThe response we received from your web server was:\n\n  > 404: Not Found\n\nThis was considered a failure because the status code was not `2xx`.\n\nIf you do not want status codes to cause failures pass the option: `failOnStatusCode: false`\n    at <unknown> (http://localhost:3001/__cypress/runner/cypress_runner.js:131591:76)\n    at visitFailedByErr (http://localhost:3001/__cypress/runner/cypress_runner.js:131006:12)\n    at <unknown> (http://localhost:3001/__cypress/runner/cypress_runner.js:131574:13)\n    at tryCatcher (http://localhost:3001/__cypress/runner/cypress_runner.js:1830:23)\n    at Promise._settlePromiseFromHandler (http://localhost:3001/__cypress/runner/cypress_runner.js:1542:31)\n    at Promise._settlePromise (http://localhost:3001/__cypress/runner/cypress_runner.js:1599:18)\n    at Promise._settlePromise0 (http://localhost:3001/__cypress/runner/cypress_runner.js:1644:10)\n    at Promise._settlePromises (http://localhost:3001/__cypress/runner/cypress_runner.js:1720:18)\n    at _drainQueueStep (http://localhost:3001/__cypress/runner/cypress_runner.js:2430:12)\n    at _drainQueue (http://localhost:3001/__cypress/runner/cypress_runner.js:2423:9)\n    at Async._drainQueues (http://localhost:3001/__cypress/runner/cypress_runner.js:2439:5)\n    at Async.drainQueues (http://localhost:3001/__cypress/runner/cypress_runner.js:2309:14)\nFrom Your Spec Code:\n    at Context.eval (webpack://my-v0-project/./cypress/e2e/12-admin-dashboard.cy.ts:12:0)",
                "diff": null
              },
              "uuid": "6f9eaa00-aea2-4d31-aa25-2b687411da11",
              "parentUUID": "36e6f967-a6cf-403d-bf35-9efefa826771",
              "isHook": false,
              "skipped": false
            }
          ],
          "suites": [],
          "passes": [],
          "failures": [
            "6f9eaa00-aea2-4d31-aa25-2b687411da11"
          ],
          "pending": [],
          "skipped": [],
          "duration": 155,
          "root": false,
          "rootEmpty": false,
          "_timeout": 2000
        }
      ],
      "passes": [],
      "failures": [],
      "pending": [],
      "skipped": [],
      "duration": 0,
      "root": true,
      "rootEmpty": true,
      "_timeout": 2000
    },
    {
      "uuid": "26c8af8a-2f7b-483c-9cec-01d83f539dda",
      "title": "",
      "fullFile": "cypress\\e2e\\00-smoke.cy.ts",
      "file": "cypress\\e2e\\00-smoke.cy.ts",
      "beforeHooks": [],
      "afterHooks": [],
      "tests": [],
      "suites": [
        {
          "uuid": "13136bbd-d632-4616-a36f-4dca94995b8a",
          "title": "smoke: mochawesome setup",
          "fullFile": "",
          "file": "",
          "beforeHooks": [],
          "afterHooks": [],
          "tests": [
            {
              "title": "generates a mochawesome result without app",
              "fullTitle": "smoke: mochawesome setup generates a mochawesome result without app",
              "timedOut": null,
              "duration": 29,
              "state": "passed",
              "speed": "fast",
              "pass": true,
              "fail": false,
              "pending": false,
              "context": null,
              "code": "expect(true).to.eq(true);",
              "err": {},
              "uuid": "0545ab0e-0666-4808-b190-24fb0b748167",
              "parentUUID": "13136bbd-d632-4616-a36f-4dca94995b8a",
              "isHook": false,
              "skipped": false
            }
          ],
          "suites": [],
          "passes": [
            "0545ab0e-0666-4808-b190-24fb0b748167"
          ],
          "failures": [],
          "pending": [],
          "skipped": [],
          "duration": 29,
          "root": false,
          "rootEmpty": false,
          "_timeout": 2000
        }
      ],
      "passes": [],
      "failures": [],
      "pending": [],
      "skipped": [],
      "duration": 0,
      "root": true,
      "rootEmpty": true,
      "_timeout": 2000
    },
    {
      "uuid": "c57becdc-2fc8-4235-9507-d41565dcafd5",
      "title": "",
      "fullFile": "cypress\\e2e\\00-smoke.cy.ts",
      "file": "cypress\\e2e\\00-smoke.cy.ts",
      "beforeHooks": [],
      "afterHooks": [],
      "tests": [],
      "suites": [
        {
          "uuid": "a71273cd-bfec-4bc2-b82d-6dfcdfaa3bd2",
          "title": "smoke: mochawesome setup",
          "fullFile": "",
          "file": "",
          "beforeHooks": [],
          "afterHooks": [],
          "tests": [
            {
              "title": "generates a mochawesome result without app",
              "fullTitle": "smoke: mochawesome setup generates a mochawesome result without app",
              "timedOut": null,
              "duration": 31,
              "state": "passed",
              "speed": "fast",
              "pass": true,
              "fail": false,
              "pending": false,
              "context": null,
              "code": "expect(true).to.eq(true);",
              "err": {},
              "uuid": "9ad61fe3-9a09-4094-a91c-c9bf39546420",
              "parentUUID": "a71273cd-bfec-4bc2-b82d-6dfcdfaa3bd2",
              "isHook": false,
              "skipped": false
            }
          ],
          "suites": [],
          "passes": [
            "9ad61fe3-9a09-4094-a91c-c9bf39546420"
          ],
          "failures": [],
          "pending": [],
          "skipped": [],
          "duration": 31,
          "root": false,
          "rootEmpty": false,
          "_timeout": 2000
        }
      ],
      "passes": [],
      "failures": [],
      "pending": [],
      "skipped": [],
      "duration": 0,
      "root": true,
      "rootEmpty": true,
      "_timeout": 2000
    },
    {
      "uuid": "3b98aa28-c003-4bbc-b406-d44d6072a342",
      "title": "",
      "fullFile": "cypress\\e2e\\01-ui-elements.cy.ts",
      "file": "cypress\\e2e\\01-ui-elements.cy.ts",
      "beforeHooks": [],
      "afterHooks": [],
      "tests": [],
      "suites": [
        {
          "uuid": "0690ea5a-c6d6-45f6-99c9-9fd8fe60f93e",
          "title": "UI elements on Login page",
          "fullFile": "",
          "file": "",
          "beforeHooks": [],
          "afterHooks": [],
          "tests": [
            {
              "title": "renders login form controls and handles validation states",
              "fullTitle": "UI elements on Login page renders login form controls and handles validation states",
              "timedOut": null,
              "duration": 13373,
              "state": "failed",
              "speed": null,
              "pass": false,
              "fail": true,
              "pending": false,
              "context": null,
              "code": "cy.visit('/'); // redirects to /login\ncy.url().should('include', '/login');\n// Verify title text and labels\ncy.contains(/sign in/i).should('be.visible');\ncy.get('label[for=\"email\"]').should('exist').and('be.visible');\ncy.get('#email').should('exist').and('be.visible');\ncy.get('label[for=\"password\"]').should('exist').and('be.visible');\ncy.get('#password').should('exist').and('be.visible');\n// Button exists and is enabled\ncy.contains('button', /sign in/i).should('be.visible').and('not.be.disabled');\n// Error message appears on invalid credentials (no backend required)\ncy.get('#email').type('invalid@example.com');\ncy.get('#password').type('wrongpass');\ncy.contains('button', /sign in/i).click();\n// Either app shows a destructive Alert or inline error text\ncy.contains(/something went wrong|login failed/i).should('be.visible');",
              "err": {
                "message": "AssertionError: Timed out retrying after 8000ms: Expected to find content: '/something went wrong|login failed/i' but never did.",
                "estack": "AssertionError: Timed out retrying after 8000ms: Expected to find content: '/something went wrong|login failed/i' but never did.\n    at Context.eval (webpack://my-v0-project/./cypress/e2e/01-ui-elements.cy.ts:20:0)",
                "diff": null
              },
              "uuid": "488107c8-ba25-498d-a58c-cc5ecfe967f3",
              "parentUUID": "0690ea5a-c6d6-45f6-99c9-9fd8fe60f93e",
              "isHook": false,
              "skipped": false
            }
          ],
          "suites": [],
          "passes": [],
          "failures": [
            "488107c8-ba25-498d-a58c-cc5ecfe967f3"
          ],
          "pending": [],
          "skipped": [],
          "duration": 13373,
          "root": false,
          "rootEmpty": false,
          "_timeout": 2000
        }
      ],
      "passes": [],
      "failures": [],
      "pending": [],
      "skipped": [],
      "duration": 0,
      "root": true,
      "rootEmpty": true,
      "_timeout": 2000
    },
    {
      "uuid": "3cbb2ea6-1430-40d3-9363-73294015c774",
      "title": "",
      "fullFile": "cypress\\e2e\\02-responsiveness.cy.ts",
      "file": "cypress\\e2e\\02-responsiveness.cy.ts",
      "beforeHooks": [],
      "afterHooks": [],
      "tests": [],
      "suites": [
        {
          "uuid": "1ad2d884-fded-47fc-99a9-eb07648178b5",
          "title": "Responsiveness - Login page",
          "fullFile": "",
          "file": "",
          "beforeHooks": [],
          "afterHooks": [],
          "tests": [
            {
              "title": "renders correctly at iphone-6",
              "fullTitle": "Responsiveness - Login page renders correctly at iphone-6",
              "timedOut": null,
              "duration": 726,
              "state": "passed",
              "speed": "fast",
              "pass": true,
              "fail": false,
              "pending": false,
              "context": null,
              "code": "if (Array.isArray(size)) {\n    cy.viewport(size[0], size[1]);\n}\nelse {\n    cy.viewport(size);\n}\ncy.visit('/login');\n// Basic assertions that important elements are visible\ncy.contains(/sign in/i).should('be.visible');\ncy.get('label[for=\"email\"]').should('be.visible');\ncy.get('#email').should('be.visible');\ncy.get('label[for=\"password\"]').should('be.visible');\ncy.get('#password').should('be.visible');",
              "err": {},
              "uuid": "9c001169-4ce8-40ed-91dd-814a449219f2",
              "parentUUID": "1ad2d884-fded-47fc-99a9-eb07648178b5",
              "isHook": false,
              "skipped": false
            },
            {
              "title": "renders correctly at ipad-2",
              "fullTitle": "Responsiveness - Login page renders correctly at ipad-2",
              "timedOut": null,
              "duration": 700,
              "state": "passed",
              "speed": "fast",
              "pass": true,
              "fail": false,
              "pending": false,
              "context": null,
              "code": "if (Array.isArray(size)) {\n    cy.viewport(size[0], size[1]);\n}\nelse {\n    cy.viewport(size);\n}\ncy.visit('/login');\n// Basic assertions that important elements are visible\ncy.contains(/sign in/i).should('be.visible');\ncy.get('label[for=\"email\"]').should('be.visible');\ncy.get('#email').should('be.visible');\ncy.get('label[for=\"password\"]').should('be.visible');\ncy.get('#password').should('be.visible');",
              "err": {},
              "uuid": "593e133d-ba55-4b6f-b209-f5b6b9f6b281",
              "parentUUID": "1ad2d884-fded-47fc-99a9-eb07648178b5",
              "isHook": false,
              "skipped": false
            },
            {
              "title": "renders correctly at 1280x800",
              "fullTitle": "Responsiveness - Login page renders correctly at 1280x800",
              "timedOut": null,
              "duration": 800,
              "state": "passed",
              "speed": "fast",
              "pass": true,
              "fail": false,
              "pending": false,
              "context": null,
              "code": "if (Array.isArray(size)) {\n    cy.viewport(size[0], size[1]);\n}\nelse {\n    cy.viewport(size);\n}\ncy.visit('/login');\n// Basic assertions that important elements are visible\ncy.contains(/sign in/i).should('be.visible');\ncy.get('label[for=\"email\"]').should('be.visible');\ncy.get('#email').should('be.visible');\ncy.get('label[for=\"password\"]').should('be.visible');\ncy.get('#password').should('be.visible');",
              "err": {},
              "uuid": "9de268bb-1960-4164-b7a8-ca58a54c525c",
              "parentUUID": "1ad2d884-fded-47fc-99a9-eb07648178b5",
              "isHook": false,
              "skipped": false
            }
          ],
          "suites": [],
          "passes": [
            "9c001169-4ce8-40ed-91dd-814a449219f2",
            "593e133d-ba55-4b6f-b209-f5b6b9f6b281",
            "9de268bb-1960-4164-b7a8-ca58a54c525c"
          ],
          "failures": [],
          "pending": [],
          "skipped": [],
          "duration": 2226,
          "root": false,
          "rootEmpty": false,
          "_timeout": 2000
        }
      ],
      "passes": [],
      "failures": [],
      "pending": [],
      "skipped": [],
      "duration": 0,
      "root": true,
      "rootEmpty": true,
      "_timeout": 2000
    },
    {
      "uuid": "0aee657e-fcd8-47bd-9e67-a5cfdf9bd937",
      "title": "",
      "fullFile": "cypress\\e2e\\03-accessibility.cy.ts",
      "file": "cypress\\e2e\\03-accessibility.cy.ts",
      "beforeHooks": [],
      "afterHooks": [],
      "tests": [],
      "suites": [
        {
          "uuid": "4a0b1629-d106-4e33-8b40-8d6645decaf9",
          "title": "Accessibility - Login page",
          "fullFile": "",
          "file": "",
          "beforeHooks": [],
          "afterHooks": [],
          "tests": [
            {
              "title": "has no critical accessibility violations",
              "fullTitle": "Accessibility - Login page has no critical accessibility violations",
              "timedOut": null,
              "duration": 964,
              "state": "passed",
              "speed": "fast",
              "pass": true,
              "fail": false,
              "pending": false,
              "context": null,
              "code": "cy.visit('/login');\ncy.injectAxe();\ncy.checkA11y(undefined, { includedImpacts: ['critical', 'serious'] });",
              "err": {},
              "uuid": "b803978b-2448-4cc1-bbc5-53726d7f63f1",
              "parentUUID": "4a0b1629-d106-4e33-8b40-8d6645decaf9",
              "isHook": false,
              "skipped": false
            }
          ],
          "suites": [],
          "passes": [
            "b803978b-2448-4cc1-bbc5-53726d7f63f1"
          ],
          "failures": [],
          "pending": [],
          "skipped": [],
          "duration": 964,
          "root": false,
          "rootEmpty": false,
          "_timeout": 2000
        }
      ],
      "passes": [],
      "failures": [],
      "pending": [],
      "skipped": [],
      "duration": 0,
      "root": true,
      "rootEmpty": true,
      "_timeout": 2000
    },
    {
      "uuid": "8d13ee4e-aa62-4620-8e2b-8becf9aa84f6",
      "title": "",
      "fullFile": "cypress\\e2e\\04-navigation.cy.ts",
      "file": "cypress\\e2e\\04-navigation.cy.ts",
      "beforeHooks": [],
      "afterHooks": [],
      "tests": [],
      "suites": [
        {
          "uuid": "d4cf417d-2bad-4940-b727-014a632cb469",
          "title": "Navigation flow - Organizer",
          "fullFile": "",
          "file": "",
          "beforeHooks": [],
          "afterHooks": [],
          "tests": [
            {
              "title": "navigates to organizer dashboard and renders key widgets",
              "fullTitle": "Navigation flow - Organizer navigates to organizer dashboard and renders key widgets",
              "timedOut": null,
              "duration": 9153,
              "state": "failed",
              "speed": null,
              "pass": false,
              "fail": true,
              "pending": false,
              "context": null,
              "code": "// Intercept analytics and events network calls to avoid backend dependency\ncy.intercept('GET', '**/api/analytics/organizer/*/dashboard/overview', {\n    statusCode: 200,\n    body: { success: true, data: { totalRevenue: 0, ticketsSold: 0, conversionRate: 0, pageViews: 0, totalPayments: 0, totalEvents: 0 } },\n}).as('overview');\ncy.intercept('GET', '**/api/analytics/organizer/*/dashboard/revenue-trend', {\n    statusCode: 200,\n    body: { success: true, data: [] },\n}).as('trend');\ncy.intercept('GET', '**/api/events', {\n    statusCode: 200,\n    body: { success: true, data: [] },\n}).as('events');\ncy.visit('/organizer/dashboard');\ncy.contains(/organizer dashboard/i).should('be.visible');\ncy.contains(/total events/i).should('be.visible');\ncy.contains(/tickets sold/i).should('be.visible');",
              "err": {
                "message": "AssertionError: Timed out retrying after 8000ms: Expected to find content: '/total events/i' but never did.",
                "estack": "AssertionError: Timed out retrying after 8000ms: Expected to find content: '/total events/i' but never did.\n    at Context.eval (webpack://my-v0-project/./cypress/e2e/04-navigation.cy.ts:28:0)",
                "diff": null
              },
              "uuid": "a4ea95ae-f936-48b9-b4a8-d9be719ed992",
              "parentUUID": "d4cf417d-2bad-4940-b727-014a632cb469",
              "isHook": false,
              "skipped": false
            }
          ],
          "suites": [],
          "passes": [],
          "failures": [
            "a4ea95ae-f936-48b9-b4a8-d9be719ed992"
          ],
          "pending": [],
          "skipped": [],
          "duration": 9153,
          "root": false,
          "rootEmpty": false,
          "_timeout": 2000
        }
      ],
      "passes": [],
      "failures": [],
      "pending": [],
      "skipped": [],
      "duration": 0,
      "root": true,
      "rootEmpty": true,
      "_timeout": 2000
    },
    {
      "uuid": "4a8215ab-5afa-41cc-88d5-d552036a4d67",
      "title": "",
      "fullFile": "cypress\\e2e\\05-login-validation.cy.ts",
      "file": "cypress\\e2e\\05-login-validation.cy.ts",
      "beforeHooks": [],
      "afterHooks": [],
      "tests": [],
      "suites": [
        {
          "uuid": "4de8a3b2-59d7-4c9f-973c-b848c61032d1",
          "title": "Login form validation",
          "fullFile": "",
          "file": "",
          "beforeHooks": [],
          "afterHooks": [],
          "tests": [
            {
              "title": "requires email and password",
              "fullTitle": "Login form validation requires email and password",
              "timedOut": null,
              "duration": 869,
              "state": "passed",
              "speed": "fast",
              "pass": true,
              "fail": false,
              "pending": false,
              "context": null,
              "code": "cy.contains('button', /sign in/i).click();\n// built-in browser constraint validation messages are not easily assertable cross-browsers\n// Instead verify the inputs are still invalid and focused cycles\ncy.get('#email:invalid').should('exist');\ncy.get('#password:invalid').should('exist');",
              "err": {},
              "uuid": "1711afd1-91c2-4091-8e6d-f80db6959277",
              "parentUUID": "4de8a3b2-59d7-4c9f-973c-b848c61032d1",
              "isHook": false,
              "skipped": false
            },
            {
              "title": "validates email format",
              "fullTitle": "Login form validation validates email format",
              "timedOut": null,
              "duration": 1343,
              "state": "passed",
              "speed": "fast",
              "pass": true,
              "fail": false,
              "pending": false,
              "context": null,
              "code": "cy.get('#email').type('not-an-email');\ncy.get('#password').type('somepassword');\ncy.contains('button', /sign in/i).click();\ncy.get('#email:invalid').should('exist');",
              "err": {},
              "uuid": "fdab617e-48c1-46f2-a0e5-4dae6317c7dd",
              "parentUUID": "4de8a3b2-59d7-4c9f-973c-b848c61032d1",
              "isHook": false,
              "skipped": false
            },
            {
              "title": "shows loading state and prevents double submit",
              "fullTitle": "Login form validation shows loading state and prevents double submit",
              "timedOut": null,
              "duration": 2157,
              "state": "passed",
              "speed": "fast",
              "pass": true,
              "fail": false,
              "pending": false,
              "context": null,
              "code": "// stub login to delay\ncy.intercept('POST', '**/api/auth/login', (req) => {\n    return new Promise((resolve) => setTimeout(() => resolve(req.reply({ statusCode: 401, body: { success: false, message: 'Login failed' } })), 500));\n}).as('login');\ncy.get('#email').type('user@example.com');\ncy.get('#password').type('password');\ncy.contains('button', /sign in/i).click();\n// Button changes text and becomes disabled during in-flight request\ncy.contains('button', /signing in/i).should('exist').and('be.disabled');\ncy.wait('@login');",
              "err": {},
              "uuid": "f3fabb3b-3615-4dab-ac50-101d4ed7a808",
              "parentUUID": "4de8a3b2-59d7-4c9f-973c-b848c61032d1",
              "isHook": false,
              "skipped": false
            }
          ],
          "suites": [],
          "passes": [
            "1711afd1-91c2-4091-8e6d-f80db6959277",
            "fdab617e-48c1-46f2-a0e5-4dae6317c7dd",
            "f3fabb3b-3615-4dab-ac50-101d4ed7a808"
          ],
          "failures": [],
          "pending": [],
          "skipped": [],
          "duration": 4369,
          "root": false,
          "rootEmpty": false,
          "_timeout": 2000
        }
      ],
      "passes": [],
      "failures": [],
      "pending": [],
      "skipped": [],
      "duration": 0,
      "root": true,
      "rootEmpty": true,
      "_timeout": 2000
    },
    {
      "uuid": "ccacc1bc-4ac1-4443-b193-85727dbd0952",
      "title": "",
      "fullFile": "cypress\\e2e\\06-responsive-sidebar.cy.ts",
      "file": "cypress\\e2e\\06-responsive-sidebar.cy.ts",
      "beforeHooks": [],
      "afterHooks": [],
      "tests": [],
      "suites": [
        {
          "uuid": "09606df7-8835-44dd-b8e3-2396d87f6236",
          "title": "Responsive sidebar behavior",
          "fullFile": "",
          "file": "",
          "beforeHooks": [],
          "afterHooks": [],
          "tests": [
            {
              "title": "sidebar hidden on mobile, visible on desktop",
              "fullTitle": "Responsive sidebar behavior sidebar hidden on mobile, visible on desktop",
              "timedOut": null,
              "duration": 1219,
              "state": "passed",
              "speed": "fast",
              "pass": true,
              "fail": false,
              "pending": false,
              "context": null,
[...]
            }
          ],
          "suites": [],
          "passes": [
            "a3cc5683-0b68-4118-8433-db716cac93ca"
          ],
          "failures": [],
          "pending": [],
          "skipped": [],
          "duration": 1241,
          "root": false,
          "rootEmpty": false,
          "_timeout": 2000
        }
      ],
      "passes": [],
      "failures": [],
      "pending": [],
      "skipped": [],
      "duration": 0,
      "root": true,
      "rootEmpty": true,
      "_timeout": 2000
    },
    {
      "uuid": "20652999-8682-464f-ae26-640317ddb988",
      "title": "",
      "fullFile": "cypress\\e2e\\05-login-validation.cy.ts",
      "file": "cypress\\e2e\\05-login-validation.cy.ts",
      "beforeHooks": [],
      "afterHooks": [],
      "tests": [],
      "suites": [
        {
          "uuid": "3ecb738f-181c-4d04-a3d1-4b36ca7cfb2d",
          "title": "Login form validation",
          "fullFile": "",
          "file": "",
          "beforeHooks": [],
          "afterHooks": [],
          "tests": [
            {
              "title": "requires email and password",
              "fullTitle": "Login form validation requires email and password",
              "timedOut": null,
              "duration": 917,
              "state": "passed",
              "speed": "fast",
              "pass": true,
              "fail": false,
              "pending": false,
              "context": null,
              "code": "cy.contains('button', /sign in/i).click();\n// built-in browser constraint validation messages are not easily assertable cross-browsers\n// Instead verify the inputs are still invalid and focused cycles\ncy.get('#email:invalid').should('exist');\ncy.get('#password:invalid').should('exist');",
              "err": {},
              "uuid": "d09f377c-1f37-4a06-a3aa-79ea2d2d5bf6",
              "parentUUID": "3ecb738f-181c-4d04-a3d1-4b36ca7cfb2d",
              "isHook": false,
              "skipped": false
            },
            {
              "title": "validates email format",
              "fullTitle": "Login form validation validates email format",
              "timedOut": null,
              "duration": 1553,
              "state": "passed",
              "speed": "fast",
              "pass": true,
              "fail": false,
              "pending": false,
              "context": null,
              "code": "cy.get('#email').type('not-an-email');\ncy.get('#password').type('somepassword');\ncy.contains('button', /sign in/i).click();\ncy.get('#email:invalid').should('exist');",
              "err": {},
              "uuid": "c3c28e44-b310-427f-bdae-890b1ea79095",
              "parentUUID": "3ecb738f-181c-4d04-a3d1-4b36ca7cfb2d",
              "isHook": false,
              "skipped": false
            },
            {
              "title": "shows loading state and prevents double submit",
              "fullTitle": "Login form validation shows loading state and prevents double submit",
              "timedOut": null,
              "duration": 2350,
              "state": "passed",
              "speed": "fast",
              "pass": true,
              "fail": false,
              "pending": false,
              "context": null,
              "code": "// stub login to delay\ncy.intercept('POST', '**/api/auth/login', (req) => {\n    return new Promise((resolve) => setTimeout(() => resolve(req.reply({ statusCode: 401, body: { success: false, message: 'Login failed' } })), 500));\n}).as('login');\ncy.get('#email').type('user@example.com');\ncy.get('#password').type('password');\ncy.contains('button', /sign in/i).click();\n// Button changes text and becomes disabled during in-flight request\ncy.contains('button', /signing in/i).should('exist').and('be.disabled');\ncy.wait('@login');",
              "err": {},
              "uuid": "bd16d0d6-9087-4acc-80c0-32651e64185e",
              "parentUUID": "3ecb738f-181c-4d04-a3d1-4b36ca7cfb2d",
              "isHook": false,
              "skipped": false
            }
          ],
          "suites": [],
          "passes": [
            "d09f377c-1f37-4a06-a3aa-79ea2d2d5bf6",
            "c3c28e44-b310-427f-bdae-890b1ea79095",
            "bd16d0d6-9087-4acc-80c0-32651e64185e"
          ],
          "failures": [],
          "pending": [],
          "skipped": [],
          "duration": 4820,
          "root": false,
          "rootEmpty": false,
          "_timeout": 2000
        }
      ],
      "passes": [],
      "failures": [],
      "pending": [],
      "skipped": [],
      "duration": 0,
      "root": true,
      "rootEmpty": true,
      "_timeout": 2000
    },
    {
      "uuid": "20777d41-e499-4944-8bbe-1ec5b3aeecd0",
      "title": "",
      "fullFile": "cypress\\e2e\\06-responsive-sidebar.cy.ts",
      "file": "cypress\\e2e\\06-responsive-sidebar.cy.ts",
      "beforeHooks": [],
      "afterHooks": [],
      "tests": [],
      "suites": [
        {
          "uuid": "aa56dfb0-f1ac-4bfe-9805-5248698bc346",
          "title": "Responsive sidebar behavior",
          "fullFile": "",
          "file": "",
          "beforeHooks": [],
          "afterHooks": [],
          "tests": [
            {
              "title": "sidebar hidden on mobile, visible on desktop",
              "fullTitle": "Responsive sidebar behavior sidebar hidden on mobile, visible on desktop",
              "timedOut": null,
              "duration": 1292,
              "state": "passed",
              "speed": "fast",
              "pass": true,
              "fail": false,
              "pending": false,
              "context": null,
              "code": "cy.viewport('iphone-6');\ncy.visit('/organizer/dashboard');\n// Mobile menu button visible\ncy.get('button.fixed.top-4.left-4.lg\\\\:hidden').should('be.visible');\n// Sidebar off-canvas initially\ncy.get('div.fixed.inset-y-0.left-0').should('have.class', '-translate-x-full');\n// Open menu and verify sidebar slides in\ncy.get('button.fixed.top-4.left-4.lg\\\\:hidden').click();\ncy.get('div.fixed.inset-y-0.left-0').should('have.class', 'translate-x-0');\n// Desktop\ncy.viewport(1280, 800);\n// Toggle button hidden on desktop\ncy.get('button.fixed.top-4.left-4.lg\\\\:hidden').should('not.be.visible');\n// Sidebar has desktop-visible class\ncy.get('div.fixed.inset-y-0.left-0')\n    .should('have.class', 'lg:translate-x-0')\n    .and('be.visible');",
              "err": {},
              "uuid": "7c9371f1-a649-48f9-81b3-cdd9b1356bf6",
              "parentUUID": "aa56dfb0-f1ac-4bfe-9805-5248698bc346",
              "isHook": false,
              "skipped": false
            }
          ],
          "suites": [],
          "passes": [
            "7c9371f1-a649-48f9-81b3-cdd9b1356bf6"
          ],
          "failures": [],
          "pending": [],
          "skipped": [],
          "duration": 1292,
          "root": false,
          "rootEmpty": false,
          "_timeout": 2000
        }
      ],
      "passes": [],
      "failures": [],
      "pending": [],
      "skipped": [],
      "duration": 0,
      "root": true,
      "rootEmpty": true,
      "_timeout": 2000
    },
    {
      "uuid": "b15cd273-e986-43b4-97b1-0906ab52a268",
      "title": "",
      "fullFile": "cypress\\e2e\\07-accessibility-keyboard.cy.ts",
      "file": "cypress\\e2e\\07-accessibility-keyboard.cy.ts",
      "beforeHooks": [],
      "afterHooks": [],
      "tests": [],
      "suites": [
        {
          "uuid": "5a2dcc1d-d415-4ed2-95b8-db37b5a734b8",
          "title": "Keyboard navigation and focus",
          "fullFile": "",
          "file": "",
          "beforeHooks": [],
          "afterHooks": [],
          "tests": [
            {
              "title": "focus order is logical for login form",
              "fullTitle": "Keyboard navigation and focus focus order is logical for login form",
              "timedOut": null,
              "duration": 802,
              "state": "passed",
              "speed": "fast",
              "pass": true,
              "fail": false,
              "pending": false,
              "context": null,
              "code": "cy.visit('/login');\n// Focus first field and then tab forward\ncy.get('#email').focus();\ncy.focused().should('have.attr', 'id', 'email');\n// Simulate tab by focusing next element directly (no plugin)\ncy.get('#password').focus();\ncy.focused().should('have.attr', 'id', 'password');\ncy.contains('button', /sign in/i).focus();\ncy.focused().should(($el) => {\n    expect($el.prop('tagName')).to.eq('BUTTON');\n    expect($el.text().toLowerCase()).to.contain('sign in');\n});",
              "err": {},
              "uuid": "fe030c7f-b892-44dc-bff7-1771b82cd10e",
              "parentUUID": "5a2dcc1d-d415-4ed2-95b8-db37b5a734b8",
              "isHook": false,
              "skipped": false
            }
          ],
          "suites": [],
          "passes": [
            "fe030c7f-b892-44dc-bff7-1771b82cd10e"
          ],
          "failures": [],
          "pending": [],
          "skipped": [],
          "duration": 802,
          "root": false,
          "rootEmpty": false,
          "_timeout": 2000
        }
      ],
      "passes": [],
      "failures": [],
      "pending": [],
      "skipped": [],
      "duration": 0,
      "root": true,
      "rootEmpty": true,
      "_timeout": 2000
    },
    {
      "uuid": "54869fec-93ef-4d4d-999f-5762af308e29",
      "title": "",
      "fullFile": "cypress\\e2e\\08-organizer-events.cy.ts",
      "file": "cypress\\e2e\\08-organizer-events.cy.ts",
      "beforeHooks": [],
      "afterHooks": [],
      "tests": [],
      "suites": [
        {
          "uuid": "2cff3cc7-3360-48b6-acb6-778e5b3c2428",
          "title": "Organizer - Events listing",
          "fullFile": "",
          "file": "",
          "beforeHooks": [],
          "afterHooks": [],
          "tests": [
            {
              "title": "loads events and filters by search/category/status",
              "fullTitle": "Organizer - Events listing loads events and filters by search/category/status",
              "timedOut": null,
              "duration": 3274,
              "state": "passed",
              "speed": "fast",
              "pass": true,
              "fail": false,
              "pending": false,
              "context": null,
              "code": "cy.visit('/organizer/events');\ncy.wait(['@events']);\n// Sees seeded events\ncy.contains(/tech summit/i).should('be.visible');\ncy.contains(/music fest/i).should('be.visible');\n// Search filter (use placeholder selector from shadcn Input)\ncy.get('input[placeholder=\"Search events...\"]').type('tech');\ncy.contains(/tech summit/i).should('be.visible');\n// Category filter (select 'All Categories' to keep list visible)\ncy.get('[role=\"combobox\"]').eq(0).click();\ncy.contains('div[role=\"option\"]', 'All Categories').click({ force: true });",
              "err": {},
              "uuid": "65a96934-fb81-4e12-a322-ae3fd50042c7",
              "parentUUID": "2cff3cc7-3360-48b6-acb6-778e5b3c2428",
              "isHook": false,
              "skipped": false
            }
          ],
          "suites": [],
          "passes": [
            "65a96934-fb81-4e12-a322-ae3fd50042c7"
          ],
          "failures": [],
          "pending": [],
          "skipped": [],
          "duration": 3274,
          "root": false,
          "rootEmpty": false,
          "_timeout": 2000
        }
      ],
      "passes": [],
      "failures": [],
      "pending": [],
      "skipped": [],
      "duration": 0,
      "root": true,
      "rootEmpty": true,
      "_timeout": 2000
    },
    {
      "uuid": "8377facd-6f5d-44e8-be69-810ed4ad8d70",
      "title": "",
      "fullFile": "cypress\\e2e\\09-organizer-create-event.cy.ts",
      "file": "cypress\\e2e\\09-organizer-create-event.cy.ts",
      "beforeHooks": [],
      "afterHooks": [],
      "tests": [],
      "suites": [
        {
          "uuid": "b0c657e1-c463-4f7f-b789-8868bbf7631a",
          "title": "Organizer - Create Event validation",
          "fullFile": "",
          "file": "",
          "beforeHooks": [],
          "afterHooks": [],
          "tests": [
            {
              "title": "shows validation errors for missing fields",
              "fullTitle": "Organizer - Create Event validation shows validation errors for missing fields",
              "timedOut": null,
              "duration": 2752,
              "state": "passed",
              "speed": "fast",
              "pass": true,
              "fail": false,
              "pending": false,
              "context": null,
              "code": "cy.visit('/organizer/create-event');\n// Try to submit empty form\ncy.contains('button', /create event|save/i).click({ force: true });\n// App shows an alert with errors list\ncy.on('window:alert', (text) => {\n    expect(text.toLowerCase()).to.contain('required');\n});",
              "err": {},
              "uuid": "ab8a5695-4b80-4171-b8f3-e026e84b6075",
              "parentUUID": "b0c657e1-c463-4f7f-b789-8868bbf7631a",
              "isHook": false,
              "skipped": false
            }
          ],
          "suites": [],
          "passes": [
            "ab8a5695-4b80-4171-b8f3-e026e84b6075"
          ],
          "failures": [],
          "pending": [],
          "skipped": [],
          "duration": 2752,
          "root": false,
          "rootEmpty": false,
          "_timeout": 2000
        }
      ],
      "passes": [],
      "failures": [],
      "pending": [],
      "skipped": [],
      "duration": 0,
      "root": true,
      "rootEmpty": true,
      "_timeout": 2000
    },
    {
      "uuid": "174f0d35-f956-4e86-ad3d-72f3acd51c50",
      "title": "",
      "fullFile": "cypress\\e2e\\10-organizer-tickets.cy.ts",
      "file": "cypress\\e2e\\10-organizer-tickets.cy.ts",
      "beforeHooks": [],
      "afterHooks": [],
      "tests": [],
      "suites": [
        {
          "uuid": "30eae7ff-2230-4bc5-991a-53776190acc0",
          "title": "Organizer - Tickets page",
          "fullFile": "",
          "file": "",
          "beforeHooks": [],
          "afterHooks": [],
          "tests": [
            {
              "title": "loads ticket stats and events with stubs",
              "fullTitle": "Organizer - Tickets page loads ticket stats and events with stubs",
              "timedOut": null,
              "duration": 2703,
              "state": "passed",
              "speed": "fast",
              "pass": true,
              "fail": false,
              "pending": false,
              "context": null,
              "code": "cy.visit('/organizer/tickets');\ncy.wait(['@tickets']);\ncy.contains(/tickets sold/i).should('be.visible');\ncy.contains(/active events/i).should('be.visible');\ncy.contains(/avg ticket price/i).should('be.visible');\ncy.contains(/tech summit/i).should('be.visible');",
              "err": {},
              "uuid": "30b72468-6ff3-4e10-8495-d93742cf6284",
              "parentUUID": "30eae7ff-2230-4bc5-991a-53776190acc0",
              "isHook": false,
              "skipped": false
            }
          ],
          "suites": [],
          "passes": [
            "30b72468-6ff3-4e10-8495-d93742cf6284"
          ],
          "failures": [],
          "pending": [],
          "skipped": [],
          "duration": 2703,
          "root": false,
          "rootEmpty": false,
          "_timeout": 2000
        }
      ],
      "passes": [],
      "failures": [],
      "pending": [],
      "skipped": [],
      "duration": 0,
      "root": true,
      "rootEmpty": true,
      "_timeout": 2000
    },
    {
      "uuid": "9daba14a-4022-4753-8c11-4c61b500198b",
      "title": "",
      "fullFile": "cypress\\e2e\\11-organizer-analytics.cy.ts",
      "file": "cypress\\e2e\\11-organizer-analytics.cy.ts",
      "beforeHooks": [],
      "afterHooks": [],
      "tests": [],
      "suites": [
        {
          "uuid": "b5448615-58f2-4f9a-94d6-60fbe4b39277",
          "title": "Organizer - Analytics page",
          "fullFile": "",
          "file": "",
          "beforeHooks": [],
          "afterHooks": [],
          "tests": [
            {
              "title": "renders analytics cards and charts",
              "fullTitle": "Organizer - Analytics page renders analytics cards and charts",
              "timedOut": null,
              "duration": 3247,
              "state": "passed",
              "speed": "fast",
              "pass": true,
              "fail": false,
              "pending": false,
              "context": null,
              "code": "cy.visit('/organizer/analytics');\ncy.wait(['@overview']);\ncy.contains(/total events/i).should('be.visible');\ncy.contains(/tickets sold/i).should('be.visible');\ncy.contains(/total revenue/i).should('be.visible');",
              "err": {},
              "uuid": "8f4d7371-2fe2-46ee-8f49-2be4612bfe1d",
              "parentUUID": "b5448615-58f2-4f9a-94d6-60fbe4b39277",
              "isHook": false,
              "skipped": false
            }
          ],
          "suites": [],
          "passes": [
            "8f4d7371-2fe2-46ee-8f49-2be4612bfe1d"
          ],
          "failures": [],
          "pending": [],
          "skipped": [],
          "duration": 3247,
          "root": false,
          "rootEmpty": false,
          "_timeout": 2000
        }
      ],
      "passes": [],
      "failures": [],
      "pending": [],
      "skipped": [],
      "duration": 0,
      "root": true,
      "rootEmpty": true,
      "_timeout": 2000
    },
    {
      "uuid": "d03a8a59-62d2-4334-99b0-ed326a030322",
      "title": "",
      "fullFile": "cypress\\e2e\\12-admin-dashboard.cy.ts",
      "file": "cypress\\e2e\\12-admin-dashboard.cy.ts",
      "beforeHooks": [],
      "afterHooks": [],
      "tests": [],
      "suites": [
        {
          "uuid": "52a9b3d2-9666-4aa3-a26f-9fdc9d617844",
          "title": "Admin - Dashboard smoke",
          "fullFile": "",
          "file": "",
          "beforeHooks": [],
          "afterHooks": [],
          "tests": [
            {
              "title": "loads admin dashboard shell",
              "fullTitle": "Admin - Dashboard smoke loads admin dashboard shell",
              "timedOut": null,
              "duration": 2100,
              "state": "passed",
              "speed": "fast",
              "pass": true,
              "fail": false,
              "pending": false,
              "context": null,
              "code": "cy.visit('/admin/dashboard');\ncy.contains(/dashboard/i).should('be.visible');\n// Sidebar visible on desktop\ncy.get('div.fixed.inset-y-0.left-0').should('be.visible');",
              "err": {},
              "uuid": "5a698f17-31ad-4677-9bd6-b6ab6f4e3513",
              "parentUUID": "52a9b3d2-9666-4aa3-a26f-9fdc9d617844",
              "isHook": false,
              "skipped": false
            }
          ],
          "suites": [],
          "passes": [
            "5a698f17-31ad-4677-9bd6-b6ab6f4e3513"
          ],
          "failures": [],
          "pending": [],
          "skipped": [],
          "duration": 2100,
          "root": false,
          "rootEmpty": false,
          "_timeout": 2000
        }
      ],
      "passes": [],
      "failures": [],
      "pending": [],
      "skipped": [],
      "duration": 0,
      "root": true,
      "rootEmpty": true,
      "_timeout": 2000
    }
  ],
  "meta": {
    "mocha": {
      "version": "7.0.1"
    },
    "mochawesome": {
      "options": {
        "quiet": true,
        "reportFilename": "mochawesome",
        "saveHtml": false,
        "saveJson": true,
        "consoleReporter": "spec",
        "useInlineDiffs": false,
        "code": true
      },
      "version": "7.1.4"
    },
    "marge": {
      "options": {
        "reportDir": "cypress/reports/mochawesome",
        "overwrite": false,
        "html": false,
        "json": true,
        "quiet": true
      },
      "version": "6.3.0"
    }
  }
}