{
  "stats": {
    "suites": 1,
    "tests": 1,
    "passes": 1,
    "pending": 0,
    "failures": 0,
    "start": "2025-10-12T14:31:57.968Z",
    "end": "2025-10-12T14:31:59.304Z",
    "duration": 1336,
    "testsRegistered": 1,
    "passPercent": 100,
    "pendingPercent": 0,
    "other": 0,
    "hasOther": false,
    "skipped": 0,
    "hasSkipped": false
  },
  "results": [
    {
      "uuid": "292a24f9-7251-41da-9574-8831da827866",
      "title": "",
      "fullFile": "cypress\\e2e\\06-responsive-sidebar.cy.ts",
      "file": "cypress\\e2e\\06-responsive-sidebar.cy.ts",
      "beforeHooks": [],
      "afterHooks": [],
      "tests": [],
      "suites": [
        {
          "uuid": "02f2c60a-ec85-48c0-96e8-1db8e42bbbe3",
          "title": "Responsive sidebar behavior",
          "fullFile": "",
          "file": "",
          "beforeHooks": [],
          "afterHooks": [],
          "tests": [
            {
              "title": "sidebar hidden on mobile, visible on desktop",
              "fullTitle": "Responsive sidebar behavior sidebar hidden on mobile, visible on desktop",
              "timedOut": null,
              "duration": 1291,
              "state": "passed",
              "speed": "fast",
              "pass": true,
              "fail": false,
              "pending": false,
              "context": null,
              "code": "cy.viewport('iphone-6');\ncy.visit('/organizer/dashboard');\n// Mobile menu button visible\ncy.get('button.fixed.top-4.left-4.lg\\\\:hidden').should('be.visible');\n// Sidebar off-canvas initially\ncy.get('div.fixed.inset-y-0.left-0').should('have.class', '-translate-x-full');\n// Open menu and verify sidebar slides in\ncy.get('button.fixed.top-4.left-4.lg\\\\:hidden').click();\ncy.get('div.fixed.inset-y-0.left-0').should('have.class', 'translate-x-0');\n// Desktop\ncy.viewport(1280, 800);\n// Toggle button hidden on desktop\ncy.get('button.fixed.top-4.left-4.lg\\\\:hidden').should('not.be.visible');\n// Sidebar has desktop-visible class\ncy.get('div.fixed.inset-y-0.left-0')\n    .should('have.class', 'lg:translate-x-0')\n    .and('be.visible');",
              "err": {},
              "uuid": "a9f69ae5-c329-407d-95e6-2d2d3ef4acfe",
              "parentUUID": "02f2c60a-ec85-48c0-96e8-1db8e42bbbe3",
              "isHook": false,
              "skipped": false
            }
          ],
          "suites": [],
          "passes": [
            "a9f69ae5-c329-407d-95e6-2d2d3ef4acfe"
          ],
          "failures": [],
          "pending": [],
          "skipped": [],
          "duration": 1291,
          "root": false,
          "rootEmpty": false,
          "_timeout": 2000
        }
      ],
      "passes": [],
      "failures": [],
      "pending": [],
      "skipped": [],
      "duration": 0,
      "root": true,
      "rootEmpty": true,
      "_timeout": 2000
    }
  ],
  "meta": {
    "mocha": {
      "version": "7.0.1"
    },
    "mochawesome": {
      "options": {
        "quiet": true,
        "reportFilename": "mochawesome",
        "saveHtml": false,
        "saveJson": true,
        "consoleReporter": "spec",
        "useInlineDiffs": false,
        "code": true
      },
      "version": "7.1.4"
    },
    "marge": {
      "options": {
        "reportDir": "cypress/reports/mochawesome",
        "overwrite": false,
        "html": false,
        "json": true,
        "quiet": true
      },
      "version": "6.3.0"
    }
  }
}