{
  "stats": {
    "suites": 1,
    "tests": 3,
    "passes": 3,
    "pending": 0,
    "failures": 0,
    "start": "2025-10-12T14:41:29.379Z",
    "end": "2025-10-12T14:41:32.175Z",
    "duration": 2796,
    "testsRegistered": 3,
    "passPercent": 100,
    "pendingPercent": 0,
    "other": 0,
    "hasOther": false,
    "skipped": 0,
    "hasSkipped": false
  },
  "results": [
    {
      "uuid": "7e3b6b18-e4ba-4ba4-98e3-a9bb6acab350",
      "title": "",
      "fullFile": "cypress\\e2e\\02-responsiveness.cy.ts",
      "file": "cypress\\e2e\\02-responsiveness.cy.ts",
      "beforeHooks": [],
      "afterHooks": [],
      "tests": [],
      "suites": [
        {
          "uuid": "85d6c4f8-b99d-4b74-b595-eeb711ad76c6",
          "title": "Responsiveness - Login page",
          "fullFile": "",
          "file": "",
          "beforeHooks": [],
          "afterHooks": [],
          "tests": [
            {
              "title": "renders correctly at iphone-6",
              "fullTitle": "Responsiveness - Login page renders correctly at iphone-6",
              "timedOut": null,
              "duration": 1337,
              "state": "passed",
              "speed": "fast",
              "pass": true,
              "fail": false,
              "pending": false,
              "context": null,
              "code": "if (Array.isArray(size)) {\n    cy.viewport(size[0], size[1]);\n}\nelse {\n    cy.viewport(size);\n}\ncy.visit('/login');\n// Basic assertions that important elements are visible\ncy.contains(/sign in/i).should('be.visible');\ncy.get('label[for=\"email\"]').should('be.visible');\ncy.get('#email').should('be.visible');\ncy.get('label[for=\"password\"]').should('be.visible');\ncy.get('#password').should('be.visible');",
              "err": {},
              "uuid": "31d40875-bfc2-489c-af7f-9e5d63c14b20",
              "parentUUID": "85d6c4f8-b99d-4b74-b595-eeb711ad76c6",
              "isHook": false,
              "skipped": false
            },
            {
              "title": "renders correctly at ipad-2",
              "fullTitle": "Responsiveness - Login page renders correctly at ipad-2",
              "timedOut": null,
              "duration": 690,
              "state": "passed",
              "speed": "fast",
              "pass": true,
              "fail": false,
              "pending": false,
              "context": null,
              "code": "if (Array.isArray(size)) {\n    cy.viewport(size[0], size[1]);\n}\nelse {\n    cy.viewport(size);\n}\ncy.visit('/login');\n// Basic assertions that important elements are visible\ncy.contains(/sign in/i).should('be.visible');\ncy.get('label[for=\"email\"]').should('be.visible');\ncy.get('#email').should('be.visible');\ncy.get('label[for=\"password\"]').should('be.visible');\ncy.get('#password').should('be.visible');",
              "err": {},
              "uuid": "1d83e080-d5c5-4144-aac9-03cdc7022d51",
              "parentUUID": "85d6c4f8-b99d-4b74-b595-eeb711ad76c6",
              "isHook": false,
              "skipped": false
            },
            {
              "title": "renders correctly at 1280x800",
              "fullTitle": "Responsiveness - Login page renders correctly at 1280x800",
              "timedOut": null,
              "duration": 639,
              "state": "passed",
              "speed": "fast",
              "pass": true,
              "fail": false,
              "pending": false,
              "context": null,
              "code": "if (Array.isArray(size)) {\n    cy.viewport(size[0], size[1]);\n}\nelse {\n    cy.viewport(size);\n}\ncy.visit('/login');\n// Basic assertions that important elements are visible\ncy.contains(/sign in/i).should('be.visible');\ncy.get('label[for=\"email\"]').should('be.visible');\ncy.get('#email').should('be.visible');\ncy.get('label[for=\"password\"]').should('be.visible');\ncy.get('#password').should('be.visible');",
              "err": {},
              "uuid": "3bd4a279-b531-43be-adf4-0bc8bdb916a9",
              "parentUUID": "85d6c4f8-b99d-4b74-b595-eeb711ad76c6",
              "isHook": false,
              "skipped": false
            }
          ],
          "suites": [],
          "passes": [
            "31d40875-bfc2-489c-af7f-9e5d63c14b20",
            "1d83e080-d5c5-4144-aac9-03cdc7022d51",
            "3bd4a279-b531-43be-adf4-0bc8bdb916a9"
          ],
          "failures": [],
          "pending": [],
          "skipped": [],
          "duration": 2666,
          "root": false,
          "rootEmpty": false,
          "_timeout": 2000
        }
      ],
      "passes": [],
      "failures": [],
      "pending": [],
      "skipped": [],
      "duration": 0,
      "root": true,
      "rootEmpty": true,
      "_timeout": 2000
    }
  ],
  "meta": {
    "mocha": {
      "version": "7.0.1"
    },
    "mochawesome": {
      "options": {
        "quiet": true,
        "reportFilename": "mochawesome",
        "saveHtml": false,
        "saveJson": true,
        "consoleReporter": "spec",
        "useInlineDiffs": false,
        "code": true
      },
      "version": "7.1.4"
    },
    "marge": {
      "options": {
        "reportDir": "cypress/reports/mochawesome",
        "overwrite": false,
        "html": false,
        "json": true,
        "quiet": true
      },
      "version": "6.3.0"
    }
  }
}