{
  "stats": {
    "suites": 1,
    "tests": 1,
    "passes": 1,
    "pending": 0,
    "failures": 0,
    "start": "2025-10-12T14:41:19.589Z",
    "end": "2025-10-12T14:41:26.941Z",
    "duration": 7352,
    "testsRegistered": 1,
    "passPercent": 100,
    "pendingPercent": 0,
    "other": 0,
    "hasOther": false,
    "skipped": 0,
    "hasSkipped": false
  },
  "results": [
    {
      "uuid": "b7f52cb6-814d-4ca4-a141-a993b9847fcd",
      "title": "",
      "fullFile": "cypress\\e2e\\01-ui-elements.cy.ts",
      "file": "cypress\\e2e\\01-ui-elements.cy.ts",
      "beforeHooks": [],
      "afterHooks": [],
      "tests": [],
      "suites": [
        {
          "uuid": "f71b6c70-9ec7-42c2-96b4-dae9c2bfaab1",
          "title": "UI elements on Login page",
          "fullFile": "",
          "file": "",
          "beforeHooks": [],
          "afterHooks": [],
          "tests": [
            {
              "title": "renders login form controls and handles validation states",
              "fullTitle": "UI elements on Login page renders login form controls and handles validation states",
              "timedOut": null,
              "duration": 7119,
              "state": "passed",
              "speed": "medium",
              "pass": true,
              "fail": false,
              "pending": false,
              "context": null,
              "code": "cy.visit('/'); // redirects to /login\ncy.url().should('include', '/login');\n// Verify title text and labels\ncy.contains(/sign in/i).should('be.visible');\ncy.get('label[for=\"email\"]').should('exist').and('be.visible');\ncy.get('#email').should('exist').and('be.visible');\ncy.get('label[for=\"password\"]').should('exist').and('be.visible');\ncy.get('#password').should('exist').and('be.visible');\n// Button exists and is enabled\ncy.contains('button', /sign in/i).should('be.visible').and('not.be.disabled');\n// Stub backend login to simulate successful ORGANIZER auth\ncy.intercept('POST', '**/api/auth/login', {\n    statusCode: 200,\n    body: {\n        success: true,\n        token: 'test-token',\n        data: { role: 'ORGANIZER', name: 'Organizer Test', email: 'organizer@example.com' }\n    }\n}).as('login');\n// Submitting valid credentials shows loading state then redirects to organizer dashboard\ncy.get('#email').clear().type('organizer@example.com');\ncy.get('#password').clear().type('any-password');\ncy.contains('button', /sign in/i).click();\n// Button changes to \"Signing in...\" and becomes disabled during submission\ncy.contains('button', /signing in/i).should('exist').and('be.disabled');\ncy.wait('@login');\n// After simulated auth, user is redirected to organizer dashboard\ncy.url({ timeout: 10000 }).should('include', '/organizer/dashboard');",
              "err": {},
              "uuid": "84331a1c-d8a9-402a-8765-53ce84062eb5",
              "parentUUID": "f71b6c70-9ec7-42c2-96b4-dae9c2bfaab1",
              "isHook": false,
              "skipped": false
            }
          ],
          "suites": [],
          "passes": [
            "84331a1c-d8a9-402a-8765-53ce84062eb5"
          ],
          "failures": [],
          "pending": [],
          "skipped": [],
          "duration": 7119,
          "root": false,
          "rootEmpty": false,
          "_timeout": 2000
        }
      ],
      "passes": [],
      "failures": [],
      "pending": [],
      "skipped": [],
      "duration": 0,
      "root": true,
      "rootEmpty": true,
      "_timeout": 2000
    }
  ],
  "meta": {
    "mocha": {
      "version": "7.0.1"
    },
    "mochawesome": {
      "options": {
        "quiet": true,
        "reportFilename": "mochawesome",
        "saveHtml": false,
        "saveJson": true,
        "consoleReporter": "spec",
        "useInlineDiffs": false,
        "code": true
      },
      "version": "7.1.4"
    },
    "marge": {
      "options": {
        "reportDir": "cypress/reports/mochawesome",
        "overwrite": false,
        "html": false,
        "json": true,
        "quiet": true
      },
      "version": "6.3.0"
    }
  }
}