{
  "stats": {
    "suites": 1,
    "tests": 1,
    "passes": 1,
    "pending": 0,
    "failures": 0,
    "start": "2025-10-12T14:32:12.090Z",
    "end": "2025-10-12T14:32:14.056Z",
    "duration": 1966,
    "testsRegistered": 1,
    "passPercent": 100,
    "pendingPercent": 0,
    "other": 0,
    "hasOther": false,
    "skipped": 0,
    "hasSkipped": false
  },
  "results": [
    {
      "uuid": "519a60ef-6f06-49a7-ac23-4d9d36aa7f92",
      "title": "",
      "fullFile": "cypress\\e2e\\10-organizer-tickets.cy.ts",
      "file": "cypress\\e2e\\10-organizer-tickets.cy.ts",
      "beforeHooks": [],
      "afterHooks": [],
      "tests": [],
      "suites": [
        {
          "uuid": "c2e7b3f4-1217-4435-94cc-bf241237b15a",
          "title": "Organizer - Tickets page",
          "fullFile": "",
          "file": "",
          "beforeHooks": [],
          "afterHooks": [],
          "tests": [
            {
              "title": "loads ticket stats and events with stubs",
              "fullTitle": "Organizer - Tickets page loads ticket stats and events with stubs",
              "timedOut": null,
              "duration": 1899,
              "state": "passed",
              "speed": "fast",
              "pass": true,
              "fail": false,
              "pending": false,
              "context": null,
              "code": "cy.visit('/organizer/tickets');\ncy.wait(['@tickets']);\ncy.contains(/tickets sold/i).should('be.visible');\ncy.contains(/active events/i).should('be.visible');\ncy.contains(/avg ticket price/i).should('be.visible');\ncy.contains(/tech summit/i).should('be.visible');",
              "err": {},
              "uuid": "25bc8bf5-c342-4d91-acd4-9f69b868bad2",
              "parentUUID": "c2e7b3f4-1217-4435-94cc-bf241237b15a",
              "isHook": false,
              "skipped": false
            }
          ],
          "suites": [],
          "passes": [
            "25bc8bf5-c342-4d91-acd4-9f69b868bad2"
          ],
          "failures": [],
          "pending": [],
          "skipped": [],
          "duration": 1899,
          "root": false,
          "rootEmpty": false,
          "_timeout": 2000
        }
      ],
      "passes": [],
      "failures": [],
      "pending": [],
      "skipped": [],
      "duration": 0,
      "root": true,
      "rootEmpty": true,
      "_timeout": 2000
    }
  ],
  "meta": {
    "mocha": {
      "version": "7.0.1"
    },
    "mochawesome": {
      "options": {
        "quiet": true,
        "reportFilename": "mochawesome",
        "saveHtml": false,
        "saveJson": true,
        "consoleReporter": "spec",
        "useInlineDiffs": false,
        "code": true
      },
      "version": "7.1.4"
    },
    "marge": {
      "options": {
        "reportDir": "cypress/reports/mochawesome",
        "overwrite": false,
        "html": false,
        "json": true,
        "quiet": true
      },
      "version": "6.3.0"
    }
  }
}