{
  "stats": {
    "suites": 1,
    "tests": 3,
    "passes": 3,
    "pending": 0,
    "failures": 0,
    "start": "2025-10-12T14:41:41.375Z",
    "end": "2025-10-12T14:41:46.289Z",
    "duration": 4914,
    "testsRegistered": 3,
    "passPercent": 100,
    "pendingPercent": 0,
    "other": 0,
    "hasOther": false,
    "skipped": 0,
    "hasSkipped": false
  },
  "results": [
    {
      "uuid": "20652999-8682-464f-ae26-640317ddb988",
      "title": "",
      "fullFile": "cypress\\e2e\\05-login-validation.cy.ts",
      "file": "cypress\\e2e\\05-login-validation.cy.ts",
      "beforeHooks": [],
      "afterHooks": [],
      "tests": [],
      "suites": [
        {
          "uuid": "3ecb738f-181c-4d04-a3d1-4b36ca7cfb2d",
          "title": "Login form validation",
          "fullFile": "",
          "file": "",
          "beforeHooks": [],
          "afterHooks": [],
          "tests": [
            {
              "title": "requires email and password",
              "fullTitle": "Login form validation requires email and password",
              "timedOut": null,
              "duration": 917,
              "state": "passed",
              "speed": "fast",
              "pass": true,
              "fail": false,
              "pending": false,
              "context": null,
              "code": "cy.contains('button', /sign in/i).click();\n// built-in browser constraint validation messages are not easily assertable cross-browsers\n// Instead verify the inputs are still invalid and focused cycles\ncy.get('#email:invalid').should('exist');\ncy.get('#password:invalid').should('exist');",
              "err": {},
              "uuid": "d09f377c-1f37-4a06-a3aa-79ea2d2d5bf6",
              "parentUUID": "3ecb738f-181c-4d04-a3d1-4b36ca7cfb2d",
              "isHook": false,
              "skipped": false
            },
            {
              "title": "validates email format",
              "fullTitle": "Login form validation validates email format",
              "timedOut": null,
              "duration": 1553,
              "state": "passed",
              "speed": "fast",
              "pass": true,
              "fail": false,
              "pending": false,
              "context": null,
              "code": "cy.get('#email').type('not-an-email');\ncy.get('#password').type('somepassword');\ncy.contains('button', /sign in/i).click();\ncy.get('#email:invalid').should('exist');",
              "err": {},
              "uuid": "c3c28e44-b310-427f-bdae-890b1ea79095",
              "parentUUID": "3ecb738f-181c-4d04-a3d1-4b36ca7cfb2d",
              "isHook": false,
              "skipped": false
            },
            {
              "title": "shows loading state and prevents double submit",
              "fullTitle": "Login form validation shows loading state and prevents double submit",
              "timedOut": null,
              "duration": 2350,
              "state": "passed",
              "speed": "fast",
              "pass": true,
              "fail": false,
              "pending": false,
              "context": null,
              "code": "// stub login to delay\ncy.intercept('POST', '**/api/auth/login', (req) => {\n    return new Promise((resolve) => setTimeout(() => resolve(req.reply({ statusCode: 401, body: { success: false, message: 'Login failed' } })), 500));\n}).as('login');\ncy.get('#email').type('user@example.com');\ncy.get('#password').type('password');\ncy.contains('button', /sign in/i).click();\n// Button changes text and becomes disabled during in-flight request\ncy.contains('button', /signing in/i).should('exist').and('be.disabled');\ncy.wait('@login');",
              "err": {},
              "uuid": "bd16d0d6-9087-4acc-80c0-32651e64185e",
              "parentUUID": "3ecb738f-181c-4d04-a3d1-4b36ca7cfb2d",
              "isHook": false,
              "skipped": false
            }
          ],
          "suites": [],
          "passes": [
            "d09f377c-1f37-4a06-a3aa-79ea2d2d5bf6",
            "c3c28e44-b310-427f-bdae-890b1ea79095",
            "bd16d0d6-9087-4acc-80c0-32651e64185e"
          ],
          "failures": [],
          "pending": [],
          "skipped": [],
          "duration": 4820,
          "root": false,
          "rootEmpty": false,
          "_timeout": 2000
        }
      ],
      "passes": [],
      "failures": [],
      "pending": [],
      "skipped": [],
      "duration": 0,
      "root": true,
      "rootEmpty": true,
      "_timeout": 2000
    }
  ],
  "meta": {
    "mocha": {
      "version": "7.0.1"
    },
    "mochawesome": {
      "options": {
        "quiet": true,
        "reportFilename": "mochawesome",
        "saveHtml": false,
        "saveJson": true,
        "consoleReporter": "spec",
        "useInlineDiffs": false,
        "code": true
      },
      "version": "7.1.4"
    },
    "marge": {
      "options": {
        "reportDir": "cypress/reports/mochawesome",
        "overwrite": false,
        "html": false,
        "json": true,
        "quiet": true
      },
      "version": "6.3.0"
    }
  }
}