{
  "stats": {
    "suites": 1,
    "tests": 1,
    "passes": 1,
    "pending": 0,
    "failures": 0,
    "start": "2025-10-12T14:41:58.704Z",
    "end": "2025-10-12T14:42:01.501Z",
    "duration": 2797,
    "testsRegistered": 1,
    "passPercent": 100,
    "pendingPercent": 0,
    "other": 0,
    "hasOther": false,
    "skipped": 0,
    "hasSkipped": false
  },
  "results": [
    {
      "uuid": "8377facd-6f5d-44e8-be69-810ed4ad8d70",
      "title": "",
      "fullFile": "cypress\\e2e\\09-organizer-create-event.cy.ts",
      "file": "cypress\\e2e\\09-organizer-create-event.cy.ts",
      "beforeHooks": [],
      "afterHooks": [],
      "tests": [],
      "suites": [
        {
          "uuid": "b0c657e1-c463-4f7f-b789-8868bbf7631a",
          "title": "Organizer - Create Event validation",
          "fullFile": "",
          "file": "",
          "beforeHooks": [],
          "afterHooks": [],
          "tests": [
            {
              "title": "shows validation errors for missing fields",
              "fullTitle": "Organizer - Create Event validation shows validation errors for missing fields",
              "timedOut": null,
              "duration": 2752,
              "state": "passed",
              "speed": "fast",
              "pass": true,
              "fail": false,
              "pending": false,
              "context": null,
              "code": "cy.visit('/organizer/create-event');\n// Try to submit empty form\ncy.contains('button', /create event|save/i).click({ force: true });\n// App shows an alert with errors list\ncy.on('window:alert', (text) => {\n    expect(text.toLowerCase()).to.contain('required');\n});",
              "err": {},
              "uuid": "ab8a5695-4b80-4171-b8f3-e026e84b6075",
              "parentUUID": "b0c657e1-c463-4f7f-b789-8868bbf7631a",
              "isHook": false,
              "skipped": false
            }
          ],
          "suites": [],
          "passes": [
            "ab8a5695-4b80-4171-b8f3-e026e84b6075"
          ],
          "failures": [],
          "pending": [],
          "skipped": [],
          "duration": 2752,
          "root": false,
          "rootEmpty": false,
          "_timeout": 2000
        }
      ],
      "passes": [],
      "failures": [],
      "pending": [],
      "skipped": [],
      "duration": 0,
      "root": true,
      "rootEmpty": true,
      "_timeout": 2000
    }
  ],
  "meta": {
    "mocha": {
      "version": "7.0.1"
    },
    "mochawesome": {
      "options": {
        "quiet": true,
        "reportFilename": "mochawesome",
        "saveHtml": false,
        "saveJson": true,
        "consoleReporter": "spec",
        "useInlineDiffs": false,
        "code": true
      },
      "version": "7.1.4"
    },
    "marge": {
      "options": {
        "reportDir": "cypress/reports/mochawesome",
        "overwrite": false,
        "html": false,
        "json": true,
        "quiet": true
      },
      "version": "6.3.0"
    }
  }
}