{
  "stats": {
    "suites": 1,
    "tests": 1,
    "passes": 1,
    "pending": 0,
    "failures": 0,
    "start": "2025-10-12T14:32:01.082Z",
    "end": "2025-10-12T14:32:01.934Z",
    "duration": 852,
    "testsRegistered": 1,
    "passPercent": 100,
    "pendingPercent": 0,
    "other": 0,
    "hasOther": false,
    "skipped": 0,
    "hasSkipped": false
  },
  "results": [
    {
      "uuid": "444d948c-d317-43fa-9a26-64224a10b2a1",
      "title": "",
      "fullFile": "cypress\\e2e\\07-accessibility-keyboard.cy.ts",
      "file": "cypress\\e2e\\07-accessibility-keyboard.cy.ts",
      "beforeHooks": [],
      "afterHooks": [],
      "tests": [],
      "suites": [
        {
          "uuid": "1c8d27a2-821c-48a7-aad2-ebd3f0fd1763",
          "title": "Keyboard navigation and focus",
          "fullFile": "",
          "file": "",
          "beforeHooks": [],
          "afterHooks": [],
          "tests": [
            {
              "title": "focus order is logical for login form",
              "fullTitle": "Keyboard navigation and focus focus order is logical for login form",
              "timedOut": null,
              "duration": 783,
              "state": "passed",
              "speed": "fast",
              "pass": true,
              "fail": false,
              "pending": false,
              "context": null,
              "code": "cy.visit('/login');\n// Focus first field and then tab forward\ncy.get('#email').focus();\ncy.focused().should('have.attr', 'id', 'email');\n// Simulate tab by focusing next element directly (no plugin)\ncy.get('#password').focus();\ncy.focused().should('have.attr', 'id', 'password');\ncy.contains('button', /sign in/i).focus();\ncy.focused().should(($el) => {\n    expect($el.prop('tagName')).to.eq('BUTTON');\n    expect($el.text().toLowerCase()).to.contain('sign in');\n});",
              "err": {},
              "uuid": "c1b1c91d-cbf9-4f1e-a4d4-8ebd287f90f4",
              "parentUUID": "1c8d27a2-821c-48a7-aad2-ebd3f0fd1763",
              "isHook": false,
              "skipped": false
            }
          ],
          "suites": [],
          "passes": [
            "c1b1c91d-cbf9-4f1e-a4d4-8ebd287f90f4"
          ],
          "failures": [],
          "pending": [],
          "skipped": [],
          "duration": 783,
          "root": false,
          "rootEmpty": false,
          "_timeout": 2000
        }
      ],
      "passes": [],
      "failures": [],
      "pending": [],
      "skipped": [],
      "duration": 0,
      "root": true,
      "rootEmpty": true,
      "_timeout": 2000
    }
  ],
  "meta": {
    "mocha": {
      "version": "7.0.1"
    },
    "mochawesome": {
      "options": {
        "quiet": true,
        "reportFilename": "mochawesome",
        "saveHtml": false,
        "saveJson": true,
        "consoleReporter": "spec",
        "useInlineDiffs": false,
        "code": true
      },
      "version": "7.1.4"
    },
    "marge": {
      "options": {
        "reportDir": "cypress/reports/mochawesome",
        "overwrite": false,
        "html": false,
        "json": true,
        "quiet": true
      },
      "version": "6.3.0"
    }
  }
}