{
  "stats": {
    "suites": 1,
    "tests": 1,
    "passes": 0,
    "pending": 0,
    "failures": 1,
    "start": "2025-10-12T14:04:38.545Z",
    "end": "2025-10-12T14:04:38.948Z",
    "duration": 403,
    "testsRegistered": 1,
    "passPercent": 0,
    "pendingPercent": 0,
    "other": 0,
    "hasOther": false,
    "skipped": 0,
    "hasSkipped": false
  },
  "results": [
    {
      "uuid": "81a23f05-b301-4453-8425-b9c77367563a",
      "title": "",
      "fullFile": "cypress\\e2e\\06-responsive-sidebar.cy.ts",
      "file": "cypress\\e2e\\06-responsive-sidebar.cy.ts",
      "beforeHooks": [],
      "afterHooks": [],
      "tests": [],
      "suites": [
        {
          "uuid": "fc0db535-5afd-4664-b60f-2af8fdb685f4",
          "title": "Responsive sidebar behavior",
          "fullFile": "",
          "file": "",
          "beforeHooks": [],
          "afterHooks": [],
          "tests": [
            {
              "title": "sidebar hidden on mobile, visible on desktop",
              "fullTitle": "Responsive sidebar behavior sidebar hidden on mobile, visible on desktop",
              "timedOut": null,
              "duration": 143,
              "state": "failed",
              "speed": null,
              "pass": false,
              "fail": true,
              "pending": false,
              "context": null,
              "code": "cy.viewport('iphone-6');\ncy.visit('/organizer/dashboard');\n// Mobile menu button visible\ncy.get('button.fixed.top-4.left-4.lg\\\\:hidden').should('be.visible');\n// Sidebar off-canvas initially\ncy.get('div.fixed.inset-y-0.left-0').should('have.class', '-translate-x-full');\n// Open menu and verify sidebar slides in\ncy.get('button.fixed.top-4.left-4.lg\\\\:hidden').click();\ncy.get('div.fixed.inset-y-0.left-0').should('have.class', 'translate-x-0');\n// Desktop\ncy.viewport(1280, 800);\n// Toggle button hidden on desktop\ncy.get('button.fixed.top-4.left-4.lg\\\\:hidden').should('not.be.visible');\n// Sidebar has desktop-visible class\ncy.get('div.fixed.inset-y-0.left-0')\n    .should('have.class', 'lg:translate-x-0')\n    .and('be.visible');",
              "err": {
                "message": "CypressError: `cy.visit()` failed trying to load:\n\nhttp://localhost:3001/organizer/dashboard\n\nThe response we received from your web server was:\n\n  > 404: Not Found\n\nThis was considered a failure because the status code was not `2xx`.\n\nIf you do not want status codes to cause failures pass the option: `failOnStatusCode: false`",
                "estack": "CypressError: `cy.visit()` failed trying to load:\n\nhttp://localhost:3001/organizer/dashboard\n\nThe response we received from your web server was:\n\n  > 404: Not Found\n\nThis was considered a failure because the status code was not `2xx`.\n\nIf you do not want status codes to cause failures pass the option: `failOnStatusCode: false`\n    at <unknown> (http://localhost:3001/__cypress/runner/cypress_runner.js:131591:76)\n    at visitFailedByErr (http://localhost:3001/__cypress/runner/cypress_runner.js:131006:12)\n    at <unknown> (http://localhost:3001/__cypress/runner/cypress_runner.js:131574:13)\n    at tryCatcher (http://localhost:3001/__cypress/runner/cypress_runner.js:1830:23)\n    at Promise._settlePromiseFromHandler (http://localhost:3001/__cypress/runner/cypress_runner.js:1542:31)\n    at Promise._settlePromise (http://localhost:3001/__cypress/runner/cypress_runner.js:1599:18)\n    at Promise._settlePromise0 (http://localhost:3001/__cypress/runner/cypress_runner.js:1644:10)\n    at Promise._settlePromises (http://localhost:3001/__cypress/runner/cypress_runner.js:1720:18)\n    at _drainQueueStep (http://localhost:3001/__cypress/runner/cypress_runner.js:2430:12)\n    at _drainQueue (http://localhost:3001/__cypress/runner/cypress_runner.js:2423:9)\n    at Async._drainQueues (http://localhost:3001/__cypress/runner/cypress_runner.js:2439:5)\n    at Async.drainQueues (http://localhost:3001/__cypress/runner/cypress_runner.js:2309:14)\nFrom Your Spec Code:\n    at Context.eval (webpack://my-v0-project/./cypress/e2e/06-responsive-sidebar.cy.ts:25:0)",
                "diff": null
              },
              "uuid": "6d6e5ef1-830a-4b9e-9d3b-c24b5bed4fcc",
              "parentUUID": "fc0db535-5afd-4664-b60f-2af8fdb685f4",
              "isHook": false,
              "skipped": false
            }
          ],
          "suites": [],
          "passes": [],
          "failures": [
            "6d6e5ef1-830a-4b9e-9d3b-c24b5bed4fcc"
          ],
          "pending": [],
          "skipped": [],
          "duration": 143,
          "root": false,
          "rootEmpty": false,
          "_timeout": 2000
        }
      ],
      "passes": [],
      "failures": [],
      "pending": [],
      "skipped": [],
      "duration": 0,
      "root": true,
      "rootEmpty": true,
      "_timeout": 2000
    }
  ],
  "meta": {
    "mocha": {
      "version": "7.0.1"
    },
    "mochawesome": {
      "options": {
        "quiet": true,
        "reportFilename": "mochawesome",
        "saveHtml": false,
        "saveJson": true,
        "consoleReporter": "spec",
        "useInlineDiffs": false,
        "code": true
      },
      "version": "7.1.4"
    },
    "marge": {
      "options": {
        "reportDir": "cypress/reports/mochawesome",
        "overwrite": false,
        "html": false,
        "json": true,
        "quiet": true
      },
      "version": "6.3.0"
    }
  }
}