{
  "stats": {
    "suites": 1,
    "tests": 1,
    "passes": 1,
    "pending": 0,
    "failures": 0,
    "start": "2025-10-12T14:42:13.667Z",
    "end": "2025-10-12T14:42:15.865Z",
    "duration": 2198,
    "testsRegistered": 1,
    "passPercent": 100,
    "pendingPercent": 0,
    "other": 0,
    "hasOther": false,
    "skipped": 0,
    "hasSkipped": false
  },
  "results": [
    {
      "uuid": "d03a8a59-62d2-4334-99b0-ed326a030322",
      "title": "",
      "fullFile": "cypress\\e2e\\12-admin-dashboard.cy.ts",
      "file": "cypress\\e2e\\12-admin-dashboard.cy.ts",
      "beforeHooks": [],
      "afterHooks": [],
      "tests": [],
      "suites": [
        {
          "uuid": "52a9b3d2-9666-4aa3-a26f-9fdc9d617844",
          "title": "Admin - Dashboard smoke",
          "fullFile": "",
          "file": "",
          "beforeHooks": [],
          "afterHooks": [],
          "tests": [
            {
              "title": "loads admin dashboard shell",
              "fullTitle": "Admin - Dashboard smoke loads admin dashboard shell",
              "timedOut": null,
              "duration": 2100,
              "state": "passed",
              "speed": "fast",
              "pass": true,
              "fail": false,
              "pending": false,
              "context": null,
              "code": "cy.visit('/admin/dashboard');\ncy.contains(/dashboard/i).should('be.visible');\n// Sidebar visible on desktop\ncy.get('div.fixed.inset-y-0.left-0').should('be.visible');",
              "err": {},
              "uuid": "5a698f17-31ad-4677-9bd6-b6ab6f4e3513",
              "parentUUID": "52a9b3d2-9666-4aa3-a26f-9fdc9d617844",
              "isHook": false,
              "skipped": false
            }
          ],
          "suites": [],
          "passes": [
            "5a698f17-31ad-4677-9bd6-b6ab6f4e3513"
          ],
          "failures": [],
          "pending": [],
          "skipped": [],
          "duration": 2100,
          "root": false,
          "rootEmpty": false,
          "_timeout": 2000
        }
      ],
      "passes": [],
      "failures": [],
      "pending": [],
      "skipped": [],
      "duration": 0,
      "root": true,
      "rootEmpty": true,
      "_timeout": 2000
    }
  ],
  "meta": {
    "mocha": {
      "version": "7.0.1"
    },
    "mochawesome": {
      "options": {
        "quiet": true,
        "reportFilename": "mochawesome",
        "saveHtml": false,
        "saveJson": true,
        "consoleReporter": "spec",
        "useInlineDiffs": false,
        "code": true
      },
      "version": "7.1.4"
    },
    "marge": {
      "options": {
        "reportDir": "cypress/reports/mochawesome",
        "overwrite": false,
        "html": false,
        "json": true,
        "quiet": true
      },
      "version": "6.3.0"
    }
  }
}