{
  "stats": {
    "suites": 1,
    "tests": 1,
    "passes": 0,
    "pending": 0,
    "failures": 1,
    "start": "2025-10-12T14:04:36.386Z",
    "end": "2025-10-12T14:04:36.813Z",
    "duration": 427,
    "testsRegistered": 3,
    "passPercent": 0,
    "pendingPercent": 0,
    "other": 0,
    "hasOther": false,
    "skipped": 2,
    "hasSkipped": true
  },
  "results": [
    {
      "uuid": "ba1ff540-dced-4168-b679-b294e31a606c",
      "title": "",
      "fullFile": "cypress\\e2e\\05-login-validation.cy.ts",
      "file": "cypress\\e2e\\05-login-validation.cy.ts",
      "beforeHooks": [],
      "afterHooks": [],
      "tests": [],
      "suites": [
        {
          "uuid": "bc6fb5fb-21fa-44ef-8602-0faf07d5f0ba",
          "title": "Login form validation",
          "fullFile": "",
          "file": "",
          "beforeHooks": [],
          "afterHooks": [],
          "tests": [
            {
              "title": "requires email and password",
              "fullTitle": "Login form validation requires email and password",
              "timedOut": null,
              "duration": 151,
              "state": "failed",
              "speed": null,
              "pass": false,
              "fail": true,
              "pending": false,
              "context": null,
              "code": "cy.contains('button', /sign in/i).click();\n// built-in browser constraint validation messages are not easily assertable cross-browsers\n// Instead verify the inputs are still invalid and focused cycles\ncy.get('#email:invalid').should('exist');\ncy.get('#password:invalid').should('exist');",
              "err": {
                "message": "CypressError: `cy.visit()` failed trying to load:\n\nhttp://localhost:3001/login\n\nThe response we received from your web server was:\n\n  > 404: Not Found\n\nThis was considered a failure because the status code was not `2xx`.\n\nIf you do not want status codes to cause failures pass the option: `failOnStatusCode: false`\n\nBecause this error occurred during a `before each` hook we are skipping the remaining tests in the current suite: `Login form validation`",
                "estack": "CypressError: `cy.visit()` failed trying to load:\n\nhttp://localhost:3001/login\n\nThe response we received from your web server was:\n\n  > 404: Not Found\n\nThis was considered a failure because the status code was not `2xx`.\n\nIf you do not want status codes to cause failures pass the option: `failOnStatusCode: false`\n\nBecause this error occurred during a `before each` hook we are skipping the remaining tests in the current suite: `Login form validation`\n    at <unknown> (http://localhost:3001/__cypress/runner/cypress_runner.js:131591:76)\n    at visitFailedByErr (http://localhost:3001/__cypress/runner/cypress_runner.js:131006:12)\n    at <unknown> (http://localhost:3001/__cypress/runner/cypress_runner.js:131574:13)\n    at tryCatcher (http://localhost:3001/__cypress/runner/cypress_runner.js:1830:23)\n    at Promise._settlePromiseFromHandler (http://localhost:3001/__cypress/runner/cypress_runner.js:1542:31)\n    at Promise._settlePromise (http://localhost:3001/__cypress/runner/cypress_runner.js:1599:18)\n    at Promise._settlePromise0 (http://localhost:3001/__cypress/runner/cypress_runner.js:1644:10)\n    at Promise._settlePromises (http://localhost:3001/__cypress/runner/cypress_runner.js:1720:18)\n    at _drainQueueStep (http://localhost:3001/__cypress/runner/cypress_runner.js:2430:12)\n    at _drainQueue (http://localhost:3001/__cypress/runner/cypress_runner.js:2423:9)\n    at Async._drainQueues (http://localhost:3001/__cypress/runner/cypress_runner.js:2439:5)\n    at Async.drainQueues (http://localhost:3001/__cypress/runner/cypress_runner.js:2309:14)\nFrom Your Spec Code:\n    at Context.eval (webpack://my-v0-project/./cypress/e2e/05-login-validation.cy.ts:5:0)",
                "diff": null
              },
              "uuid": "1394a819-2fee-4c46-bdac-c0a36f89d26c",
              "parentUUID": "bc6fb5fb-21fa-44ef-8602-0faf07d5f0ba",
              "isHook": false,
              "skipped": false
            },
            {
              "title": "validates email format",
              "fullTitle": "Login form validation validates email format",
              "timedOut": null,
              "duration": 0,
              "state": "skipped",
              "speed": null,
              "pass": false,
              "fail": false,
              "pending": false,
              "context": null,
              "code": "cy.get('#email').type('not-an-email');\ncy.get('#password').type('somepassword');\ncy.contains('button', /sign in/i).click();\ncy.get('#email:invalid').should('exist');",
              "err": {},
              "uuid": "3e294478-8bf0-4396-8b37-750bd779a23b",
              "parentUUID": "bc6fb5fb-21fa-44ef-8602-0faf07d5f0ba",
              "isHook": false,
              "skipped": true
            },
            {
              "title": "shows loading state and prevents double submit",
              "fullTitle": "Login form validation shows loading state and prevents double submit",
              "timedOut": null,
              "duration": 0,
              "state": "skipped",
              "speed": null,
              "pass": false,
              "fail": false,
              "pending": false,
              "context": null,
              "code": "// stub login to delay\ncy.intercept('POST', '**/api/auth/login', (req) => {\n    return new Promise((resolve) => setTimeout(() => resolve(req.reply({ statusCode: 401, body: { success: false, message: 'Login failed' } })), 500));\n}).as('login');\ncy.get('#email').type('user@example.com');\ncy.get('#password').type('password');\ncy.contains('button', /sign in/i).click();\n// Button changes text and becomes disabled during in-flight request\ncy.contains('button', /signing in/i).should('exist').and('be.disabled');\ncy.wait('@login');",
              "err": {},
              "uuid": "e869c0ca-f49d-463e-b9f5-82b30b048648",
              "parentUUID": "bc6fb5fb-21fa-44ef-8602-0faf07d5f0ba",
              "isHook": false,
              "skipped": true
            }
          ],
          "suites": [],
          "passes": [],
          "failures": [
            "1394a819-2fee-4c46-bdac-c0a36f89d26c"
          ],
          "pending": [],
          "skipped": [
            "3e294478-8bf0-4396-8b37-750bd779a23b",
            "e869c0ca-f49d-463e-b9f5-82b30b048648"
          ],
          "duration": 151,
          "root": false,
          "rootEmpty": false,
          "_timeout": 2000
        }
      ],
      "passes": [],
      "failures": [],
      "pending": [],
      "skipped": [],
      "duration": 0,
      "root": true,
      "rootEmpty": true,
      "_timeout": 2000
    }
  ],
  "meta": {
    "mocha": {
      "version": "7.0.1"
    },
    "mochawesome": {
      "options": {
        "quiet": true,
        "reportFilename": "mochawesome",
        "saveHtml": false,
        "saveJson": true,
        "consoleReporter": "spec",
        "useInlineDiffs": false,
        "code": true
      },
      "version": "7.1.4"
    },
    "marge": {
      "options": {
        "reportDir": "cypress/reports/mochawesome",
        "overwrite": false,
        "html": false,
        "json": true,
        "quiet": true
      },
      "version": "6.3.0"
    }
  }
}