{
  "stats": {
    "suites": 1,
    "tests": 1,
    "passes": 0,
    "pending": 0,
    "failures": 1,
    "start": "2025-10-12T14:37:12.452Z",
    "end": "2025-10-12T14:37:37.593Z",
    "duration": 25141,
    "testsRegistered": 1,
    "passPercent": 0,
    "pendingPercent": 0,
    "other": 0,
    "hasOther": false,
    "skipped": 0,
    "hasSkipped": false
  },
  "results": [
    {
      "uuid": "cdcb2243-7c46-4f1c-9f2a-28cccfd27271",
      "title": "",
      "fullFile": "cypress\\e2e\\01-ui-elements.cy.ts",
      "file": "cypress\\e2e\\01-ui-elements.cy.ts",
      "beforeHooks": [],
      "afterHooks": [],
      "tests": [],
      "suites": [
        {
          "uuid": "2a763a92-2027-420c-aa2c-862e506811e2",
          "title": "UI elements on Login page",
          "fullFile": "",
          "file": "",
          "beforeHooks": [],
          "afterHooks": [],
          "tests": [
            {
              "title": "renders login form controls and handles validation states",
              "fullTitle": "UI elements on Login page renders login form controls and handles validation states",
              "timedOut": null,
              "duration": 12672,
              "state": "failed",
              "speed": null,
              "pass": false,
              "fail": true,
              "pending": false,
              "context": null,
              "code": "cy.visit('/'); // redirects to /login\ncy.url().should('include', '/login');\n// Verify title text and labels\ncy.contains(/sign in/i).should('be.visible');\ncy.get('label[for=\"email\"]').should('exist').and('be.visible');\ncy.get('#email').should('exist').and('be.visible');\ncy.get('label[for=\"password\"]').should('exist').and('be.visible');\ncy.get('#password').should('exist').and('be.visible');\n// Button exists and is enabled\ncy.contains('button', /sign in/i).should('be.visible').and('not.be.disabled');\n// Submitting valid credentials shows loading state then redirects to dashboard\ncy.get('#email').clear().type('organizer@example.com');\ncy.get('#password').clear().type('any-password');\ncy.contains('button', /sign in/i).click();\n// Button changes to \"Signing in...\" and becomes disabled during submission\ncy.contains('button', /signing in/i).should('exist').and('be.disabled');\n// After simulated auth, user is redirected to dashboard\ncy.url({ timeout: 10000 }).should('include', '/dashboard');",
              "err": {
                "message": "AssertionError: Timed out retrying after 10000ms: expected 'http://localhost:5000/login' to include '/dashboard'",
                "estack": "AssertionError: Timed out retrying after 10000ms: expected 'http://localhost:5000/login' to include '/dashboard'\n    at Context.eval (webpack://my-v0-project/./cypress/e2e/01-ui-elements.cy.ts:22:33)",
                "diff": null
              },
              "uuid": "1f838010-f078-4d62-89ee-c921bdd0b4b6",
              "parentUUID": "2a763a92-2027-420c-aa2c-862e506811e2",
              "isHook": false,
              "skipped": false
            }
          ],
          "suites": [],
          "passes": [],
          "failures": [
            "1f838010-f078-4d62-89ee-c921bdd0b4b6"
          ],
          "pending": [],
          "skipped": [],
          "duration": 12672,
          "root": false,
          "rootEmpty": false,
          "_timeout": 2000
        }
      ],
      "passes": [],
      "failures": [],
      "pending": [],
      "skipped": [],
      "duration": 0,
      "root": true,
      "rootEmpty": true,
      "_timeout": 2000
    }
  ],
  "meta": {
    "mocha": {
      "version": "7.0.1"
    },
    "mochawesome": {
      "options": {
        "quiet": true,
        "reportFilename": "mochawesome",
        "saveHtml": false,
        "saveJson": true,
        "consoleReporter": "spec",
        "useInlineDiffs": false,
        "code": true
      },
      "version": "7.1.4"
    },
    "marge": {
      "options": {
        "reportDir": "cypress/reports/mochawesome",
        "overwrite": false,
        "html": false,
        "json": true,
        "quiet": true
      },
      "version": "6.3.0"
    }
  }
}