{
  "stats": {
    "suites": 1,
    "tests": 1,
    "passes": 1,
    "pending": 0,
    "failures": 0,
    "start": "2025-10-12T14:32:03.794Z",
    "end": "2025-10-12T14:32:06.439Z",
    "duration": 2645,
    "testsRegistered": 1,
    "passPercent": 100,
    "pendingPercent": 0,
    "other": 0,
    "hasOther": false,
    "skipped": 0,
    "hasSkipped": false
  },
  "results": [
    {
      "uuid": "d9c3657f-806c-43dc-85e7-d43565902e38",
      "title": "",
      "fullFile": "cypress\\e2e\\08-organizer-events.cy.ts",
      "file": "cypress\\e2e\\08-organizer-events.cy.ts",
      "beforeHooks": [],
      "afterHooks": [],
      "tests": [],
      "suites": [
        {
          "uuid": "d500ee24-c9e8-42cc-a1bc-581078c80051",
          "title": "Organizer - Events listing",
          "fullFile": "",
          "file": "",
          "beforeHooks": [],
          "afterHooks": [],
          "tests": [
            {
              "title": "loads events and filters by search/category/status",
              "fullTitle": "Organizer - Events listing loads events and filters by search/category/status",
              "timedOut": null,
              "duration": 2593,
              "state": "passed",
              "speed": "fast",
              "pass": true,
              "fail": false,
              "pending": false,
              "context": null,
              "code": "cy.visit('/organizer/events');\ncy.wait(['@events']);\n// Sees seeded events\ncy.contains(/tech summit/i).should('be.visible');\ncy.contains(/music fest/i).should('be.visible');\n// Search filter (use placeholder selector from shadcn Input)\ncy.get('input[placeholder=\"Search events...\"]').type('tech');\ncy.contains(/tech summit/i).should('be.visible');\n// Category filter (select 'All Categories' to keep list visible)\ncy.get('[role=\"combobox\"]').eq(0).click();\ncy.contains('div[role=\"option\"]', 'All Categories').click({ force: true });",
              "err": {},
              "uuid": "f3e07fa7-322b-45be-954d-ec910b0421f4",
              "parentUUID": "d500ee24-c9e8-42cc-a1bc-581078c80051",
              "isHook": false,
              "skipped": false
            }
          ],
          "suites": [],
          "passes": [
            "f3e07fa7-322b-45be-954d-ec910b0421f4"
          ],
          "failures": [],
          "pending": [],
          "skipped": [],
          "duration": 2593,
          "root": false,
          "rootEmpty": false,
          "_timeout": 2000
        }
      ],
      "passes": [],
      "failures": [],
      "pending": [],
      "skipped": [],
      "duration": 0,
      "root": true,
      "rootEmpty": true,
      "_timeout": 2000
    }
  ],
  "meta": {
    "mocha": {
      "version": "7.0.1"
    },
    "mochawesome": {
      "options": {
        "quiet": true,
        "reportFilename": "mochawesome",
        "saveHtml": false,
        "saveJson": true,
        "consoleReporter": "spec",
        "useInlineDiffs": false,
        "code": true
      },
      "version": "7.1.4"
    },
    "marge": {
      "options": {
        "reportDir": "cypress/reports/mochawesome",
        "overwrite": false,
        "html": false,
        "json": true,
        "quiet": true
      },
      "version": "6.3.0"
    }
  }
}