{
  "stats": {
    "suites": 1,
    "tests": 1,
    "passes": 1,
    "pending": 0,
    "failures": 0,
    "start": "2025-10-12T14:31:44.592Z",
    "end": "2025-10-12T14:31:50.122Z",
    "duration": 5530,
    "testsRegistered": 1,
    "passPercent": 100,
    "pendingPercent": 0,
    "other": 0,
    "hasOther": false,
    "skipped": 0,
    "hasSkipped": false
  },
  "results": [
    {
      "uuid": "bcee75b8-51b1-4dc8-b341-c1fa926fe57f",
      "title": "",
      "fullFile": "cypress\\e2e\\04-navigation.cy.ts",
      "file": "cypress\\e2e\\04-navigation.cy.ts",
      "beforeHooks": [],
      "afterHooks": [],
      "tests": [],
      "suites": [
        {
          "uuid": "efeeb5a8-9d14-4c0e-962c-e2aa6f3e5df4",
          "title": "Navigation flow - Organizer",
          "fullFile": "",
          "file": "",
          "beforeHooks": [],
          "afterHooks": [],
          "tests": [
            {
              "title": "navigates to organizer dashboard and renders key widgets",
              "fullTitle": "Navigation flow - Organizer navigates to organizer dashboard and renders key widgets",
              "timedOut": null,
              "duration": 5454,
              "state": "passed",
              "speed": "medium",
              "pass": true,
              "fail": false,
              "pending": false,
              "context": null,
              "code": "// Intercept analytics and events network calls to avoid backend dependency\ncy.intercept('GET', '**/api/analytics/organizer/*/dashboard/overview', {\n    statusCode: 200,\n    body: { success: true, data: { totalRevenue: 0, ticketsSold: 0, conversionRate: 0, pageViews: 0, totalPayments: 0, totalEvents: 0 } },\n}).as('overview');\ncy.intercept('GET', '**/api/analytics/organizer/*/dashboard/revenue-trend', {\n    statusCode: 200,\n    body: { success: true, data: [] },\n}).as('trend');\ncy.intercept('GET', '**/api/events', {\n    statusCode: 200,\n    body: { success: true, data: [] },\n}).as('events');\ncy.visit('/organizer/dashboard');\ncy.contains(/organizer dashboard/i).should('be.visible');\n// Check for key widgets that exist on the dashboard\ncy.contains(/tickets sold/i).should('be.visible');\ncy.contains(/your total revenue/i).should('be.visible');",
              "err": {},
              "uuid": "a9de9bc7-ac49-43ab-939b-fe4d2665f01e",
              "parentUUID": "efeeb5a8-9d14-4c0e-962c-e2aa6f3e5df4",
              "isHook": false,
              "skipped": false
            }
          ],
          "suites": [],
          "passes": [
            "a9de9bc7-ac49-43ab-939b-fe4d2665f01e"
          ],
          "failures": [],
          "pending": [],
          "skipped": [],
          "duration": 5454,
          "root": false,
          "rootEmpty": false,
          "_timeout": 2000
        }
      ],
      "passes": [],
      "failures": [],
      "pending": [],
      "skipped": [],
      "duration": 0,
      "root": true,
      "rootEmpty": true,
      "_timeout": 2000
    }
  ],
  "meta": {
    "mocha": {
      "version": "7.0.1"
    },
    "mochawesome": {
      "options": {
        "quiet": true,
        "reportFilename": "mochawesome",
        "saveHtml": false,
        "saveJson": true,
        "consoleReporter": "spec",
        "useInlineDiffs": false,
        "code": true
      },
      "version": "7.1.4"
    },
    "marge": {
      "options": {
        "reportDir": "cypress/reports/mochawesome",
        "overwrite": false,
        "html": false,
        "json": true,
        "quiet": true
      },
      "version": "6.3.0"
    }
  }
}