{
  "stats": {
    "suites": 1,
    "tests": 1,
    "passes": 1,
    "pending": 0,
    "failures": 0,
    "start": "2025-10-12T14:31:41.912Z",
    "end": "2025-10-12T14:31:42.875Z",
    "duration": 963,
    "testsRegistered": 1,
    "passPercent": 100,
    "pendingPercent": 0,
    "other": 0,
    "hasOther": false,
    "skipped": 0,
    "hasSkipped": false
  },
  "results": [
    {
      "uuid": "308fd8b7-2533-4028-8246-c738c105d690",
      "title": "",
      "fullFile": "cypress\\e2e\\03-accessibility.cy.ts",
      "file": "cypress\\e2e\\03-accessibility.cy.ts",
      "beforeHooks": [],
      "afterHooks": [],
      "tests": [],
      "suites": [
        {
          "uuid": "ac469eb3-7361-4a73-b6db-3e0ea6f0295a",
          "title": "Accessibility - Login page",
          "fullFile": "",
          "file": "",
          "beforeHooks": [],
          "afterHooks": [],
          "tests": [
            {
              "title": "has no critical accessibility violations",
              "fullTitle": "Accessibility - Login page has no critical accessibility violations",
              "timedOut": null,
              "duration": 943,
              "state": "passed",
              "speed": "fast",
              "pass": true,
              "fail": false,
              "pending": false,
              "context": null,
              "code": "cy.visit('/login');\ncy.injectAxe();\ncy.checkA11y(undefined, { includedImpacts: ['critical', 'serious'] });",
              "err": {},
              "uuid": "80a74473-fa41-4914-959f-bd3a8e0b9b17",
              "parentUUID": "ac469eb3-7361-4a73-b6db-3e0ea6f0295a",
              "isHook": false,
              "skipped": false
            }
          ],
          "suites": [],
          "passes": [
            "80a74473-fa41-4914-959f-bd3a8e0b9b17"
          ],
          "failures": [],
          "pending": [],
          "skipped": [],
          "duration": 943,
          "root": false,
          "rootEmpty": false,
          "_timeout": 2000
        }
      ],
      "passes": [],
      "failures": [],
      "pending": [],
      "skipped": [],
      "duration": 0,
      "root": true,
      "rootEmpty": true,
      "_timeout": 2000
    }
  ],
  "meta": {
    "mocha": {
      "version": "7.0.1"
    },
    "mochawesome": {
      "options": {
        "quiet": true,
        "reportFilename": "mochawesome",
        "saveHtml": false,
        "saveJson": true,
        "consoleReporter": "spec",
        "useInlineDiffs": false,
        "code": true
      },
      "version": "7.1.4"
    },
    "marge": {
      "options": {
        "reportDir": "cypress/reports/mochawesome",
        "overwrite": false,
        "html": false,
        "json": true,
        "quiet": true
      },
      "version": "6.3.0"
    }
  }
}