{
  "stats": {
    "suites": 1,
    "tests": 3,
    "passes": 3,
    "pending": 0,
    "failures": 0,
    "start": "2025-10-12T14:31:37.966Z",
    "end": "2025-10-12T14:31:40.264Z",
    "duration": 2298,
    "testsRegistered": 3,
    "passPercent": 100,
    "pendingPercent": 0,
    "other": 0,
    "hasOther": false,
    "skipped": 0,
    "hasSkipped": false
  },
  "results": [
    {
      "uuid": "fb39bc4b-37c3-4d61-b305-aa954b69cd1c",
      "title": "",
      "fullFile": "cypress\\e2e\\02-responsiveness.cy.ts",
      "file": "cypress\\e2e\\02-responsiveness.cy.ts",
      "beforeHooks": [],
      "afterHooks": [],
      "tests": [],
      "suites": [
        {
          "uuid": "8290e8a6-f991-4192-9d67-48c79c06384c",
          "title": "Responsiveness - Login page",
          "fullFile": "",
          "file": "",
          "beforeHooks": [],
          "afterHooks": [],
          "tests": [
            {
              "title": "renders correctly at iphone-6",
              "fullTitle": "Responsiveness - Login page renders correctly at iphone-6",
              "timedOut": null,
              "duration": 718,
              "state": "passed",
              "speed": "fast",
              "pass": true,
              "fail": false,
              "pending": false,
              "context": null,
              "code": "if (Array.isArray(size)) {\n    cy.viewport(size[0], size[1]);\n}\nelse {\n    cy.viewport(size);\n}\ncy.visit('/login');\n// Basic assertions that important elements are visible\ncy.contains(/sign in/i).should('be.visible');\ncy.get('label[for=\"email\"]').should('be.visible');\ncy.get('#email').should('be.visible');\ncy.get('label[for=\"password\"]').should('be.visible');\ncy.get('#password').should('be.visible');",
              "err": {},
              "uuid": "f89ed195-31a7-445b-84fc-32bb7d5ec226",
              "parentUUID": "8290e8a6-f991-4192-9d67-48c79c06384c",
              "isHook": false,
              "skipped": false
            },
            {
              "title": "renders correctly at ipad-2",
              "fullTitle": "Responsiveness - Login page renders correctly at ipad-2",
              "timedOut": null,
              "duration": 669,
              "state": "passed",
              "speed": "fast",
              "pass": true,
              "fail": false,
              "pending": false,
              "context": null,
              "code": "if (Array.isArray(size)) {\n    cy.viewport(size[0], size[1]);\n}\nelse {\n    cy.viewport(size);\n}\ncy.visit('/login');\n// Basic assertions that important elements are visible\ncy.contains(/sign in/i).should('be.visible');\ncy.get('label[for=\"email\"]').should('be.visible');\ncy.get('#email').should('be.visible');\ncy.get('label[for=\"password\"]').should('be.visible');\ncy.get('#password').should('be.visible');",
              "err": {},
              "uuid": "70e2bcf0-d928-40c4-8f9c-6f0ad5d2ab95",
              "parentUUID": "8290e8a6-f991-4192-9d67-48c79c06384c",
              "isHook": false,
              "skipped": false
            },
            {
              "title": "renders correctly at 1280x800",
              "fullTitle": "Responsiveness - Login page renders correctly at 1280x800",
              "timedOut": null,
              "duration": 761,
              "state": "passed",
              "speed": "fast",
              "pass": true,
              "fail": false,
              "pending": false,
              "context": null,
              "code": "if (Array.isArray(size)) {\n    cy.viewport(size[0], size[1]);\n}\nelse {\n    cy.viewport(size);\n}\ncy.visit('/login');\n// Basic assertions that important elements are visible\ncy.contains(/sign in/i).should('be.visible');\ncy.get('label[for=\"email\"]').should('be.visible');\ncy.get('#email').should('be.visible');\ncy.get('label[for=\"password\"]').should('be.visible');\ncy.get('#password').should('be.visible');",
              "err": {},
              "uuid": "2ba20654-c0fa-4394-a4bf-56aea48d8252",
              "parentUUID": "8290e8a6-f991-4192-9d67-48c79c06384c",
              "isHook": false,
              "skipped": false
            }
          ],
          "suites": [],
          "passes": [
            "f89ed195-31a7-445b-84fc-32bb7d5ec226",
            "70e2bcf0-d928-40c4-8f9c-6f0ad5d2ab95",
            "2ba20654-c0fa-4394-a4bf-56aea48d8252"
          ],
          "failures": [],
          "pending": [],
          "skipped": [],
          "duration": 2148,
          "root": false,
          "rootEmpty": false,
          "_timeout": 2000
        }
      ],
      "passes": [],
      "failures": [],
      "pending": [],
      "skipped": [],
      "duration": 0,
      "root": true,
      "rootEmpty": true,
      "_timeout": 2000
    }
  ],
  "meta": {
    "mocha": {
      "version": "7.0.1"
    },
    "mochawesome": {
      "options": {
        "quiet": true,
        "reportFilename": "mochawesome",
        "saveHtml": false,
        "saveJson": true,
        "consoleReporter": "spec",
        "useInlineDiffs": false,
        "code": true
      },
      "version": "7.1.4"
    },
    "marge": {
      "options": {
        "reportDir": "cypress/reports/mochawesome",
        "overwrite": false,
        "html": false,
        "json": true,
        "quiet": true
      },
      "version": "6.3.0"
    }
  }
}