{
  "stats": {
    "suites": 1,
    "tests": 1,
    "passes": 0,
    "pending": 0,
    "failures": 1,
    "start": "2025-10-12T14:04:51.129Z",
    "end": "2025-10-12T14:04:51.521Z",
    "duration": 392,
    "testsRegistered": 1,
    "passPercent": 0,
    "pendingPercent": 0,
    "other": 0,
    "hasOther": false,
    "skipped": 0,
    "hasSkipped": false
  },
  "results": [
    {
      "uuid": "85c3b363-33f2-4c32-abdf-cabfb52efcca",
      "title": "",
      "fullFile": "cypress\\e2e\\12-admin-dashboard.cy.ts",
      "file": "cypress\\e2e\\12-admin-dashboard.cy.ts",
      "beforeHooks": [],
      "afterHooks": [],
      "tests": [],
      "suites": [
        {
          "uuid": "36e6f967-a6cf-403d-bf35-9efefa826771",
          "title": "Admin - Dashboard smoke",
          "fullFile": "",
          "file": "",
          "beforeHooks": [],
          "afterHooks": [],
          "tests": [
            {
              "title": "loads admin dashboard shell",
              "fullTitle": "Admin - Dashboard smoke loads admin dashboard shell",
              "timedOut": null,
              "duration": 155,
              "state": "failed",
              "speed": null,
              "pass": false,
              "fail": true,
              "pending": false,
              "context": null,
              "code": "cy.visit('/admin/dashboard');\ncy.contains(/dashboard/i).should('be.visible');\n// Sidebar visible on desktop\ncy.get('div.fixed.inset-y-0.left-0').should('be.visible');",
              "err": {
                "message": "CypressError: `cy.visit()` failed trying to load:\n\nhttp://localhost:3001/admin/dashboard\n\nThe response we received from your web server was:\n\n  > 404: Not Found\n\nThis was considered a failure because the status code was not `2xx`.\n\nIf you do not want status codes to cause failures pass the option: `failOnStatusCode: false`",
                "estack": "CypressError: `cy.visit()` failed trying to load:\n\nhttp://localhost:3001/admin/dashboard\n\nThe response we received from your web server was:\n\n  > 404: Not Found\n\nThis was considered a failure because the status code was not `2xx`.\n\nIf you do not want status codes to cause failures pass the option: `failOnStatusCode: false`\n    at <unknown> (http://localhost:3001/__cypress/runner/cypress_runner.js:131591:76)\n    at visitFailedByErr (http://localhost:3001/__cypress/runner/cypress_runner.js:131006:12)\n    at <unknown> (http://localhost:3001/__cypress/runner/cypress_runner.js:131574:13)\n    at tryCatcher (http://localhost:3001/__cypress/runner/cypress_runner.js:1830:23)\n    at Promise._settlePromiseFromHandler (http://localhost:3001/__cypress/runner/cypress_runner.js:1542:31)\n    at Promise._settlePromise (http://localhost:3001/__cypress/runner/cypress_runner.js:1599:18)\n    at Promise._settlePromise0 (http://localhost:3001/__cypress/runner/cypress_runner.js:1644:10)\n    at Promise._settlePromises (http://localhost:3001/__cypress/runner/cypress_runner.js:1720:18)\n    at _drainQueueStep (http://localhost:3001/__cypress/runner/cypress_runner.js:2430:12)\n    at _drainQueue (http://localhost:3001/__cypress/runner/cypress_runner.js:2423:9)\n    at Async._drainQueues (http://localhost:3001/__cypress/runner/cypress_runner.js:2439:5)\n    at Async.drainQueues (http://localhost:3001/__cypress/runner/cypress_runner.js:2309:14)\nFrom Your Spec Code:\n    at Context.eval (webpack://my-v0-project/./cypress/e2e/12-admin-dashboard.cy.ts:12:0)",
                "diff": null
              },
              "uuid": "6f9eaa00-aea2-4d31-aa25-2b687411da11",
              "parentUUID": "36e6f967-a6cf-403d-bf35-9efefa826771",
              "isHook": false,
              "skipped": false
            }
          ],
          "suites": [],
          "passes": [],
          "failures": [
            "6f9eaa00-aea2-4d31-aa25-2b687411da11"
          ],
          "pending": [],
          "skipped": [],
          "duration": 155,
          "root": false,
          "rootEmpty": false,
          "_timeout": 2000
        }
      ],
      "passes": [],
      "failures": [],
      "pending": [],
      "skipped": [],
      "duration": 0,
      "root": true,
      "rootEmpty": true,
      "_timeout": 2000
    }
  ],
  "meta": {
    "mocha": {
      "version": "7.0.1"
    },
    "mochawesome": {
      "options": {
        "quiet": true,
        "reportFilename": "mochawesome",
        "saveHtml": false,
        "saveJson": true,
        "consoleReporter": "spec",
        "useInlineDiffs": false,
        "code": true
      },
      "version": "7.1.4"
    },
    "marge": {
      "options": {
        "reportDir": "cypress/reports/mochawesome",
        "overwrite": false,
        "html": false,
        "json": true,
        "quiet": true
      },
      "version": "6.3.0"
    }
  }
}