{
  "stats": {
    "suites": 1,
    "tests": 1,
    "passes": 1,
    "pending": 0,
    "failures": 0,
    "start": "2025-10-12T14:38:03.424Z",
    "end": "2025-10-12T14:38:04.266Z",
    "duration": 842,
    "testsRegistered": 1,
    "passPercent": 100,
    "pendingPercent": 0,
    "other": 0,
    "hasOther": false,
    "skipped": 0,
    "hasSkipped": false
  },
  "results": [
    {
      "uuid": "62ca7db5-44a3-43ba-9729-dbc3d76dcc90",
      "title": "",
      "fullFile": "cypress\\e2e\\07-accessibility-keyboard.cy.ts",
      "file": "cypress\\e2e\\07-accessibility-keyboard.cy.ts",
      "beforeHooks": [],
      "afterHooks": [],
      "tests": [],
      "suites": [
        {
          "uuid": "3485c6e4-e2bf-41bf-a56d-2dac818dab85",
          "title": "Keyboard navigation and focus",
          "fullFile": "",
          "file": "",
          "beforeHooks": [],
          "afterHooks": [],
          "tests": [
            {
              "title": "focus order is logical for login form",
              "fullTitle": "Keyboard navigation and focus focus order is logical for login form",
              "timedOut": null,
              "duration": 773,
              "state": "passed",
              "speed": "fast",
              "pass": true,
              "fail": false,
              "pending": false,
              "context": null,
              "code": "cy.visit('/login');\n// Focus first field and then tab forward\ncy.get('#email').focus();\ncy.focused().should('have.attr', 'id', 'email');\n// Simulate tab by focusing next element directly (no plugin)\ncy.get('#password').focus();\ncy.focused().should('have.attr', 'id', 'password');\ncy.contains('button', /sign in/i).focus();\ncy.focused().should(($el) => {\n    expect($el.prop('tagName')).to.eq('BUTTON');\n    expect($el.text().toLowerCase()).to.contain('sign in');\n});",
              "err": {},
              "uuid": "b0e62791-11de-4d96-a5fc-7596caa13833",
              "parentUUID": "3485c6e4-e2bf-41bf-a56d-2dac818dab85",
              "isHook": false,
              "skipped": false
            }
          ],
          "suites": [],
          "passes": [
            "b0e62791-11de-4d96-a5fc-7596caa13833"
          ],
          "failures": [],
          "pending": [],
          "skipped": [],
          "duration": 773,
          "root": false,
          "rootEmpty": false,
          "_timeout": 2000
        }
      ],
      "passes": [],
      "failures": [],
      "pending": [],
      "skipped": [],
      "duration": 0,
      "root": true,
      "rootEmpty": true,
      "_timeout": 2000
    }
  ],
  "meta": {
    "mocha": {
      "version": "7.0.1"
    },
    "mochawesome": {
      "options": {
        "quiet": true,
        "reportFilename": "mochawesome",
        "saveHtml": false,
        "saveJson": true,
        "consoleReporter": "spec",
        "useInlineDiffs": false,
        "code": true
      },
      "version": "7.1.4"
    },
    "marge": {
      "options": {
        "reportDir": "cypress/reports/mochawesome",
        "overwrite": false,
        "html": false,
        "json": true,
        "quiet": true
      },
      "version": "6.3.0"
    }
  }
}