{
  "stats": {
    "suites": 1,
    "tests": 3,
    "passes": 3,
    "pending": 0,
    "failures": 0,
    "start": "2025-10-12T14:37:54.092Z",
    "end": "2025-10-12T14:37:58.488Z",
    "duration": 4396,
    "testsRegistered": 3,
    "passPercent": 100,
    "pendingPercent": 0,
    "other": 0,
    "hasOther": false,
    "skipped": 0,
    "hasSkipped": false
  },
  "results": [
    {
      "uuid": "f0c0a198-de3e-486f-91ef-f527e40e04e2",
      "title": "",
      "fullFile": "cypress\\e2e\\05-login-validation.cy.ts",
      "file": "cypress\\e2e\\05-login-validation.cy.ts",
      "beforeHooks": [],
      "afterHooks": [],
      "tests": [],
      "suites": [
        {
          "uuid": "4a93e92b-a5a5-4ab4-b352-207d35d26eb9",
          "title": "Login form validation",
          "fullFile": "",
          "file": "",
          "beforeHooks": [],
          "afterHooks": [],
          "tests": [
            {
              "title": "requires email and password",
              "fullTitle": "Login form validation requires email and password",
              "timedOut": null,
              "duration": 772,
              "state": "passed",
              "speed": "fast",
              "pass": true,
              "fail": false,
              "pending": false,
              "context": null,
              "code": "cy.contains('button', /sign in/i).click();\n// built-in browser constraint validation messages are not easily assertable cross-browsers\n// Instead verify the inputs are still invalid and focused cycles\ncy.get('#email:invalid').should('exist');\ncy.get('#password:invalid').should('exist');",
              "err": {},
              "uuid": "69060c94-e2fc-4bb1-8023-0423f9fed290",
              "parentUUID": "4a93e92b-a5a5-4ab4-b352-207d35d26eb9",
              "isHook": false,
              "skipped": false
            },
            {
              "title": "validates email format",
              "fullTitle": "Login form validation validates email format",
              "timedOut": null,
              "duration": 1415,
              "state": "passed",
              "speed": "fast",
              "pass": true,
              "fail": false,
              "pending": false,
              "context": null,
              "code": "cy.get('#email').type('not-an-email');\ncy.get('#password').type('somepassword');\ncy.contains('button', /sign in/i).click();\ncy.get('#email:invalid').should('exist');",
              "err": {},
              "uuid": "60967fbe-aeeb-4ea9-834e-7e5419f4efe5",
              "parentUUID": "4a93e92b-a5a5-4ab4-b352-207d35d26eb9",
              "isHook": false,
              "skipped": false
            },
            {
              "title": "shows loading state and prevents double submit",
              "fullTitle": "Login form validation shows loading state and prevents double submit",
              "timedOut": null,
              "duration": 2130,
              "state": "passed",
              "speed": "fast",
              "pass": true,
              "fail": false,
              "pending": false,
              "context": null,
              "code": "// stub login to delay\ncy.intercept('POST', '**/api/auth/login', (req) => {\n    return new Promise((resolve) => setTimeout(() => resolve(req.reply({ statusCode: 401, body: { success: false, message: 'Login failed' } })), 500));\n}).as('login');\ncy.get('#email').type('user@example.com');\ncy.get('#password').type('password');\ncy.contains('button', /sign in/i).click();\n// Button changes text and becomes disabled during in-flight request\ncy.contains('button', /signing in/i).should('exist').and('be.disabled');\ncy.wait('@login');",
              "err": {},
              "uuid": "c9b4d0cf-a0f1-43fa-a9cd-927769b85477",
              "parentUUID": "4a93e92b-a5a5-4ab4-b352-207d35d26eb9",
              "isHook": false,
              "skipped": false
            }
          ],
          "suites": [],
          "passes": [
            "69060c94-e2fc-4bb1-8023-0423f9fed290",
            "60967fbe-aeeb-4ea9-834e-7e5419f4efe5",
            "c9b4d0cf-a0f1-43fa-a9cd-927769b85477"
          ],
          "failures": [],
          "pending": [],
          "skipped": [],
          "duration": 4317,
          "root": false,
          "rootEmpty": false,
          "_timeout": 2000
        }
      ],
      "passes": [],
      "failures": [],
      "pending": [],
      "skipped": [],
      "duration": 0,
      "root": true,
      "rootEmpty": true,
      "_timeout": 2000
    }
  ],
  "meta": {
    "mocha": {
      "version": "7.0.1"
    },
    "mochawesome": {
      "options": {
        "quiet": true,
        "reportFilename": "mochawesome",
        "saveHtml": false,
        "saveJson": true,
        "consoleReporter": "spec",
        "useInlineDiffs": false,
        "code": true
      },
      "version": "7.1.4"
    },
    "marge": {
      "options": {
        "reportDir": "cypress/reports/mochawesome",
        "overwrite": false,
        "html": false,
        "json": true,
        "quiet": true
      },
      "version": "6.3.0"
    }
  }
}