{
  "stats": {
    "suites": 1,
    "tests": 1,
    "passes": 0,
    "pending": 0,
    "failures": 1,
    "start": "2025-10-12T14:23:13.819Z",
    "end": "2025-10-12T14:23:37.896Z",
    "duration": 24077,
    "testsRegistered": 1,
    "passPercent": 0,
    "pendingPercent": 0,
    "other": 0,
    "hasOther": false,
    "skipped": 0,
    "hasSkipped": false
  },
  "results": [
    {
      "uuid": "8d13ee4e-aa62-4620-8e2b-8becf9aa84f6",
      "title": "",
      "fullFile": "cypress\\e2e\\04-navigation.cy.ts",
      "file": "cypress\\e2e\\04-navigation.cy.ts",
      "beforeHooks": [],
      "afterHooks": [],
      "tests": [],
      "suites": [
        {
          "uuid": "d4cf417d-2bad-4940-b727-014a632cb469",
          "title": "Navigation flow - Organizer",
          "fullFile": "",
          "file": "",
          "beforeHooks": [],
          "afterHooks": [],
          "tests": [
            {
              "title": "navigates to organizer dashboard and renders key widgets",
              "fullTitle": "Navigation flow - Organizer navigates to organizer dashboard and renders key widgets",
              "timedOut": null,
              "duration": 9153,
              "state": "failed",
              "speed": null,
              "pass": false,
              "fail": true,
              "pending": false,
              "context": null,
              "code": "// Intercept analytics and events network calls to avoid backend dependency\ncy.intercept('GET', '**/api/analytics/organizer/*/dashboard/overview', {\n    statusCode: 200,\n    body: { success: true, data: { totalRevenue: 0, ticketsSold: 0, conversionRate: 0, pageViews: 0, totalPayments: 0, totalEvents: 0 } },\n}).as('overview');\ncy.intercept('GET', '**/api/analytics/organizer/*/dashboard/revenue-trend', {\n    statusCode: 200,\n    body: { success: true, data: [] },\n}).as('trend');\ncy.intercept('GET', '**/api/events', {\n    statusCode: 200,\n    body: { success: true, data: [] },\n}).as('events');\ncy.visit('/organizer/dashboard');\ncy.contains(/organizer dashboard/i).should('be.visible');\ncy.contains(/total events/i).should('be.visible');\ncy.contains(/tickets sold/i).should('be.visible');",
              "err": {
                "message": "AssertionError: Timed out retrying after 8000ms: Expected to find content: '/total events/i' but never did.",
                "estack": "AssertionError: Timed out retrying after 8000ms: Expected to find content: '/total events/i' but never did.\n    at Context.eval (webpack://my-v0-project/./cypress/e2e/04-navigation.cy.ts:28:0)",
                "diff": null
              },
              "uuid": "a4ea95ae-f936-48b9-b4a8-d9be719ed992",
              "parentUUID": "d4cf417d-2bad-4940-b727-014a632cb469",
              "isHook": false,
              "skipped": false
            }
          ],
          "suites": [],
          "passes": [],
          "failures": [
            "a4ea95ae-f936-48b9-b4a8-d9be719ed992"
          ],
          "pending": [],
          "skipped": [],
          "duration": 9153,
          "root": false,
          "rootEmpty": false,
          "_timeout": 2000
        }
      ],
      "passes": [],
      "failures": [],
      "pending": [],
      "skipped": [],
      "duration": 0,
      "root": true,
      "rootEmpty": true,
      "_timeout": 2000
    }
  ],
  "meta": {
    "mocha": {
      "version": "7.0.1"
    },
    "mochawesome": {
      "options": {
        "quiet": true,
        "reportFilename": "mochawesome",
        "saveHtml": false,
        "saveJson": true,
        "consoleReporter": "spec",
        "useInlineDiffs": false,
        "code": true
      },
      "version": "7.1.4"
    },
    "marge": {
      "options": {
        "reportDir": "cypress/reports/mochawesome",
        "overwrite": false,
        "html": false,
        "json": true,
        "quiet": true
      },
      "version": "6.3.0"
    }
  }
}