{
  "stats": {
    "suites": 1,
    "tests": 1,
    "passes": 1,
    "pending": 0,
    "failures": 0,
    "start": "2025-10-12T14:32:20.445Z",
    "end": "2025-10-12T14:32:23.644Z",
    "duration": 3199,
    "testsRegistered": 1,
    "passPercent": 100,
    "pendingPercent": 0,
    "other": 0,
    "hasOther": false,
    "skipped": 0,
    "hasSkipped": false
  },
  "results": [
    {
      "uuid": "cdfd17c6-d454-4a24-8ff1-a72750c00094",
      "title": "",
      "fullFile": "cypress\\e2e\\12-admin-dashboard.cy.ts",
      "file": "cypress\\e2e\\12-admin-dashboard.cy.ts",
      "beforeHooks": [],
      "afterHooks": [],
      "tests": [],
      "suites": [
        {
          "uuid": "af1bfc2f-0f43-4955-a3ff-6d1d753e49d1",
          "title": "Admin - Dashboard smoke",
          "fullFile": "",
          "file": "",
          "beforeHooks": [],
          "afterHooks": [],
          "tests": [
            {
              "title": "loads admin dashboard shell",
              "fullTitle": "Admin - Dashboard smoke loads admin dashboard shell",
              "timedOut": null,
              "duration": 3095,
              "state": "passed",
              "speed": "fast",
              "pass": true,
              "fail": false,
              "pending": false,
              "context": null,
              "code": "cy.visit('/admin/dashboard');\ncy.contains(/dashboard/i).should('be.visible');\n// Sidebar visible on desktop\ncy.get('div.fixed.inset-y-0.left-0').should('be.visible');",
              "err": {},
              "uuid": "7496ba12-49d4-4ae0-80d2-7a8a29798786",
              "parentUUID": "af1bfc2f-0f43-4955-a3ff-6d1d753e49d1",
              "isHook": false,
              "skipped": false
            }
          ],
          "suites": [],
          "passes": [
            "7496ba12-49d4-4ae0-80d2-7a8a29798786"
          ],
          "failures": [],
          "pending": [],
          "skipped": [],
          "duration": 3095,
          "root": false,
          "rootEmpty": false,
          "_timeout": 2000
        }
      ],
      "passes": [],
      "failures": [],
      "pending": [],
      "skipped": [],
      "duration": 0,
      "root": true,
      "rootEmpty": true,
      "_timeout": 2000
    }
  ],
  "meta": {
    "mocha": {
      "version": "7.0.1"
    },
    "mochawesome": {
      "options": {
        "quiet": true,
        "reportFilename": "mochawesome",
        "saveHtml": false,
        "saveJson": true,
        "consoleReporter": "spec",
        "useInlineDiffs": false,
        "code": true
      },
      "version": "7.1.4"
    },
    "marge": {
      "options": {
        "reportDir": "cypress/reports/mochawesome",
        "overwrite": false,
        "html": false,
        "json": true,
        "quiet": true
      },
      "version": "6.3.0"
    }
  }
}