{
  "stats": {
    "suites": 1,
    "tests": 1,
    "passes": 1,
    "pending": 0,
    "failures": 0,
    "start": "2025-10-12T14:42:08.508Z",
    "end": "2025-10-12T14:42:11.804Z",
    "duration": 3296,
    "testsRegistered": 1,
    "passPercent": 100,
    "pendingPercent": 0,
    "other": 0,
    "hasOther": false,
    "skipped": 0,
    "hasSkipped": false
  },
  "results": [
    {
      "uuid": "9daba14a-4022-4753-8c11-4c61b500198b",
      "title": "",
      "fullFile": "cypress\\e2e\\11-organizer-analytics.cy.ts",
      "file": "cypress\\e2e\\11-organizer-analytics.cy.ts",
      "beforeHooks": [],
      "afterHooks": [],
      "tests": [],
      "suites": [
        {
          "uuid": "b5448615-58f2-4f9a-94d6-60fbe4b39277",
          "title": "Organizer - Analytics page",
          "fullFile": "",
          "file": "",
          "beforeHooks": [],
          "afterHooks": [],
          "tests": [
            {
              "title": "renders analytics cards and charts",
              "fullTitle": "Organizer - Analytics page renders analytics cards and charts",
              "timedOut": null,
              "duration": 3247,
              "state": "passed",
              "speed": "fast",
              "pass": true,
              "fail": false,
              "pending": false,
              "context": null,
              "code": "cy.visit('/organizer/analytics');\ncy.wait(['@overview']);\ncy.contains(/total events/i).should('be.visible');\ncy.contains(/tickets sold/i).should('be.visible');\ncy.contains(/total revenue/i).should('be.visible');",
              "err": {},
              "uuid": "8f4d7371-2fe2-46ee-8f49-2be4612bfe1d",
              "parentUUID": "b5448615-58f2-4f9a-94d6-60fbe4b39277",
              "isHook": false,
              "skipped": false
            }
          ],
          "suites": [],
          "passes": [
            "8f4d7371-2fe2-46ee-8f49-2be4612bfe1d"
          ],
          "failures": [],
          "pending": [],
          "skipped": [],
          "duration": 3247,
          "root": false,
          "rootEmpty": false,
          "_timeout": 2000
        }
      ],
      "passes": [],
      "failures": [],
      "pending": [],
      "skipped": [],
      "duration": 0,
      "root": true,
      "rootEmpty": true,
      "_timeout": 2000
    }
  ],
  "meta": {
    "mocha": {
      "version": "7.0.1"
    },
    "mochawesome": {
      "options": {
        "quiet": true,
        "reportFilename": "mochawesome",
        "saveHtml": false,
        "saveJson": true,
        "consoleReporter": "spec",
        "useInlineDiffs": false,
        "code": true
      },
      "version": "7.1.4"
    },
    "marge": {
      "options": {
        "reportDir": "cypress/reports/mochawesome",
        "overwrite": false,
        "html": false,
        "json": true,
        "quiet": true
      },
      "version": "6.3.0"
    }
  }
}