{
  "stats": {
    "suites": 1,
    "tests": 1,
    "passes": 1,
    "pending": 0,
    "failures": 0,
    "start": "2025-10-12T14:24:15.667Z",
    "end": "2025-10-12T14:24:17.972Z",
    "duration": 2305,
    "testsRegistered": 1,
    "passPercent": 100,
    "pendingPercent": 0,
    "other": 0,
    "hasOther": false,
    "skipped": 0,
    "hasSkipped": false
  },
  "results": [
    {
      "uuid": "300651ae-6e46-4b8b-abb9-dd19858c7e92",
      "title": "",
      "fullFile": "cypress\\e2e\\09-organizer-create-event.cy.ts",
      "file": "cypress\\e2e\\09-organizer-create-event.cy.ts",
      "beforeHooks": [],
      "afterHooks": [],
      "tests": [],
      "suites": [
        {
          "uuid": "624a608d-d4a1-462f-b682-3019ab9ba951",
          "title": "Organizer - Create Event validation",
          "fullFile": "",
          "file": "",
          "beforeHooks": [],
          "afterHooks": [],
          "tests": [
            {
              "title": "shows validation errors for missing fields",
              "fullTitle": "Organizer - Create Event validation shows validation errors for missing fields",
              "timedOut": null,
              "duration": 2275,
              "state": "passed",
              "speed": "fast",
              "pass": true,
              "fail": false,
              "pending": false,
              "context": null,
              "code": "cy.visit('/organizer/create-event');\n// Try to submit empty form\ncy.contains('button', /create event|save/i).click({ force: true });\n// App shows an alert with errors list\ncy.on('window:alert', (text) => {\n    expect(text.toLowerCase()).to.contain('required');\n});",
              "err": {},
              "uuid": "49ebeeb5-7c86-45d6-b2a5-6958c45c2a21",
              "parentUUID": "624a608d-d4a1-462f-b682-3019ab9ba951",
              "isHook": false,
              "skipped": false
            }
          ],
          "suites": [],
          "passes": [
            "49ebeeb5-7c86-45d6-b2a5-6958c45c2a21"
          ],
          "failures": [],
          "pending": [],
          "skipped": [],
          "duration": 2275,
          "root": false,
          "rootEmpty": false,
          "_timeout": 2000
        }
      ],
      "passes": [],
      "failures": [],
      "pending": [],
      "skipped": [],
      "duration": 0,
      "root": true,
      "rootEmpty": true,
      "_timeout": 2000
    }
  ],
  "meta": {
    "mocha": {
      "version": "7.0.1"
    },
    "mochawesome": {
      "options": {
        "quiet": true,
        "reportFilename": "mochawesome",
        "saveHtml": false,
        "saveJson": true,
        "consoleReporter": "spec",
        "useInlineDiffs": false,
        "code": true
      },
      "version": "7.1.4"
    },
    "marge": {
      "options": {
        "reportDir": "cypress/reports/mochawesome",
        "overwrite": false,
        "html": false,
        "json": true,
        "quiet": true
      },
      "version": "6.3.0"
    }
  }
}